<?xml version="1.0" encoding="UTF-8"?>
<testsuite name="it.teamDigitale.dafreplicateingestion.converter.ParkingConverterImplTest" time="0.01" tests="1" errors="1" skipped="0" failures="0">
  <properties>
    <property name="java.runtime.name" value="OpenJDK Runtime Environment"/>
    <property name="sun.boot.library.path" value="/usr/lib/jvm/java-8-openjdk-amd64/jre/lib/amd64"/>
    <property name="java.vm.version" value="25.141-b15"/>
    <property name="java.vm.vendor" value="Oracle Corporation"/>
    <property name="maven.multiModuleProjectDirectory" value="/home/alessandro/Progetti/daf-replicate-ingestion"/>
    <property name="java.vendor.url" value="http://java.oracle.com/"/>
    <property name="path.separator" value=":"/>
    <property name="guice.disable.misplaced.annotation.check" value="true"/>
    <property name="java.vm.name" value="OpenJDK 64-Bit Server VM"/>
    <property name="file.encoding.pkg" value="sun.io"/>
    <property name="user.country" value="IT"/>
    <property name="sun.java.launcher" value="SUN_STANDARD"/>
    <property name="sun.os.patch.level" value="unknown"/>
    <property name="java.vm.specification.name" value="Java Virtual Machine Specification"/>
    <property name="user.dir" value="/home/alessandro/Progetti/daf-replicate-ingestion"/>
    <property name="java.runtime.version" value="1.8.0_141-8u141-b15-1~deb9u1-b15"/>
    <property name="java.awt.graphicsenv" value="sun.awt.X11GraphicsEnvironment"/>
    <property name="java.endorsed.dirs" value="/usr/lib/jvm/java-8-openjdk-amd64/jre/lib/endorsed"/>
    <property name="os.arch" value="amd64"/>
    <property name="java.io.tmpdir" value="/tmp"/>
    <property name="line.separator" value="&#10;"/>
    <property name="java.vm.specification.vendor" value="Oracle Corporation"/>
    <property name="os.name" value="Linux"/>
    <property name="classworlds.conf" value="/home/alessandro/Progetti/.metadata/.plugins/org.eclipse.m2e.launching/launches/m2conf1056508715458208546.tmp"/>
    <property name="sun.jnu.encoding" value="UTF-8"/>
    <property name="java.library.path" value="/usr/java/packages/lib/amd64:/usr/lib/x86_64-linux-gnu/jni:/lib/x86_64-linux-gnu:/usr/lib/x86_64-linux-gnu:/usr/lib/jni:/lib:/usr/lib"/>
    <property name="java.specification.name" value="Java Platform API Specification"/>
    <property name="java.class.version" value="52.0"/>
    <property name="sun.management.compiler" value="HotSpot 64-Bit Tiered Compilers"/>
    <property name="os.version" value="4.9.0-3-amd64"/>
    <property name="user.home" value="/home/alessandro"/>
    <property name="user.timezone" value="Europe/Rome"/>
    <property name="java.awt.printerjob" value="sun.print.PSPrinterJob"/>
    <property name="file.encoding" value="UTF-8"/>
    <property name="java.specification.version" value="1.8"/>
    <property name="user.name" value="alessandro"/>
    <property name="java.class.path" value="/opt/eclipse/plugins/org.eclipse.m2e.maven.runtime_1.8.1.20170728-1531/jars/plexus-classworlds-2.5.2.jar"/>
    <property name="java.vm.specification.version" value="1.8"/>
    <property name="sun.arch.data.model" value="64"/>
    <property name="java.home" value="/usr/lib/jvm/java-8-openjdk-amd64/jre"/>
    <property name="sun.java.command" value="org.codehaus.plexus.classworlds.launcher.Launcher -B install"/>
    <property name="java.specification.vendor" value="Oracle Corporation"/>
    <property name="user.language" value="it"/>
    <property name="awt.toolkit" value="sun.awt.X11.XToolkit"/>
    <property name="java.vm.info" value="mixed mode"/>
    <property name="java.version" value="1.8.0_141"/>
    <property name="java.ext.dirs" value="/usr/lib/jvm/java-8-openjdk-amd64/jre/lib/ext:/usr/java/packages/lib/ext"/>
    <property name="securerandom.source" value="file:/dev/./urandom"/>
    <property name="sun.boot.class.path" value="/usr/lib/jvm/java-8-openjdk-amd64/jre/lib/resources.jar:/usr/lib/jvm/java-8-openjdk-amd64/jre/lib/rt.jar:/usr/lib/jvm/java-8-openjdk-amd64/jre/lib/sunrsasign.jar:/usr/lib/jvm/java-8-openjdk-amd64/jre/lib/jsse.jar:/usr/lib/jvm/java-8-openjdk-amd64/jre/lib/jce.jar:/usr/lib/jvm/java-8-openjdk-amd64/jre/lib/charsets.jar:/usr/lib/jvm/java-8-openjdk-amd64/jre/lib/jfr.jar:/usr/lib/jvm/java-8-openjdk-amd64/jre/classes"/>
    <property name="java.vendor" value="Oracle Corporation"/>
    <property name="maven.home" value="/home/alessandro/Progetti/daf-replicate-ingestion/EMBEDDED"/>
    <property name="file.separator" value="/"/>
    <property name="java.vendor.url.bug" value="http://bugreport.sun.com/bugreport/"/>
    <property name="sun.cpu.endian" value="little"/>
    <property name="sun.io.unicode.encoding" value="UnicodeLittle"/>
    <property name="sun.cpu.isalist" value=""/>
  </properties>
  <testcase name="testParkingConverterJSONOjectToEvent" classname="it.teamDigitale.dafreplicateingestion.converter.ParkingConverterImplTest" time="0.01">
    <error message="Failed to load ApplicationContext" type="java.lang.IllegalStateException">java.lang.IllegalStateException: Failed to load ApplicationContext
	at org.springframework.test.context.cache.DefaultCacheAwareContextLoaderDelegate.loadContext(DefaultCacheAwareContextLoaderDelegate.java:124)
	at org.springframework.test.context.support.DefaultTestContext.getApplicationContext(DefaultTestContext.java:83)
	at org.springframework.test.context.support.DependencyInjectionTestExecutionListener.injectDependencies(DependencyInjectionTestExecutionListener.java:117)
	at org.springframework.test.context.support.DependencyInjectionTestExecutionListener.prepareTestInstance(DependencyInjectionTestExecutionListener.java:83)
	at org.springframework.boot.test.autoconfigure.SpringBootDependencyInjectionTestExecutionListener.prepareTestInstance(SpringBootDependencyInjectionTestExecutionListener.java:44)
	at org.springframework.test.context.TestContextManager.prepareTestInstance(TestContextManager.java:230)
	at org.springframework.test.context.junit4.SpringJUnit4ClassRunner.createTest(SpringJUnit4ClassRunner.java:228)
	at org.springframework.test.context.junit4.SpringJUnit4ClassRunner$1.runReflectiveCall(SpringJUnit4ClassRunner.java:287)
	at org.junit.internal.runners.model.ReflectiveCallable.run(ReflectiveCallable.java:12)
	at org.springframework.test.context.junit4.SpringJUnit4ClassRunner.methodBlock(SpringJUnit4ClassRunner.java:289)
	at org.springframework.test.context.junit4.SpringJUnit4ClassRunner.runChild(SpringJUnit4ClassRunner.java:247)
	at org.springframework.test.context.junit4.SpringJUnit4ClassRunner.runChild(SpringJUnit4ClassRunner.java:94)
	at org.junit.runners.ParentRunner$3.run(ParentRunner.java:290)
	at org.junit.runners.ParentRunner$1.schedule(ParentRunner.java:71)
	at org.junit.runners.ParentRunner.runChildren(ParentRunner.java:288)
	at org.junit.runners.ParentRunner.access$000(ParentRunner.java:58)
	at org.junit.runners.ParentRunner$2.evaluate(ParentRunner.java:268)
	at org.springframework.test.context.junit4.statements.RunBeforeTestClassCallbacks.evaluate(RunBeforeTestClassCallbacks.java:61)
	at org.springframework.test.context.junit4.statements.RunAfterTestClassCallbacks.evaluate(RunAfterTestClassCallbacks.java:70)
	at org.junit.runners.ParentRunner.run(ParentRunner.java:363)
	at org.springframework.test.context.junit4.SpringJUnit4ClassRunner.run(SpringJUnit4ClassRunner.java:191)
	at org.apache.maven.surefire.junit4.JUnit4Provider.execute(JUnit4Provider.java:283)
	at org.apache.maven.surefire.junit4.JUnit4Provider.executeWithRerun(JUnit4Provider.java:173)
	at org.apache.maven.surefire.junit4.JUnit4Provider.executeTestSet(JUnit4Provider.java:153)
	at org.apache.maven.surefire.junit4.JUnit4Provider.invoke(JUnit4Provider.java:128)
	at org.apache.maven.surefire.booter.ForkedBooter.invokeProviderInSameClassLoader(ForkedBooter.java:203)
	at org.apache.maven.surefire.booter.ForkedBooter.runSuitesInProcess(ForkedBooter.java:155)
	at org.apache.maven.surefire.booter.ForkedBooter.main(ForkedBooter.java:103)
Caused by: org.springframework.beans.factory.BeanCreationException: Error creating bean with name 'senderConfig': Injection of autowired dependencies failed; nested exception is java.lang.IllegalArgumentException: Could not resolve placeholder 'spring.embedded.kafka.brokers' in value "${spring.embedded.kafka.brokers}"
	at org.springframework.beans.factory.annotation.AutowiredAnnotationBeanPostProcessor.postProcessPropertyValues(AutowiredAnnotationBeanPostProcessor.java:372)
	at org.springframework.beans.factory.support.AbstractAutowireCapableBeanFactory.populateBean(AbstractAutowireCapableBeanFactory.java:1264)
	at org.springframework.beans.factory.support.AbstractAutowireCapableBeanFactory.doCreateBean(AbstractAutowireCapableBeanFactory.java:553)
	at org.springframework.beans.factory.support.AbstractAutowireCapableBeanFactory.createBean(AbstractAutowireCapableBeanFactory.java:483)
	at org.springframework.beans.factory.support.AbstractBeanFactory$1.getObject(AbstractBeanFactory.java:306)
	at org.springframework.beans.factory.support.DefaultSingletonBeanRegistry.getSingleton(DefaultSingletonBeanRegistry.java:230)
	at org.springframework.beans.factory.support.AbstractBeanFactory.doGetBean(AbstractBeanFactory.java:302)
	at org.springframework.beans.factory.support.AbstractBeanFactory.getBean(AbstractBeanFactory.java:197)
	at org.springframework.beans.factory.support.ConstructorResolver.instantiateUsingFactoryMethod(ConstructorResolver.java:372)
	at org.springframework.beans.factory.support.AbstractAutowireCapableBeanFactory.instantiateUsingFactoryMethod(AbstractAutowireCapableBeanFactory.java:1173)
	at org.springframework.beans.factory.support.AbstractAutowireCapableBeanFactory.createBeanInstance(AbstractAutowireCapableBeanFactory.java:1067)
	at org.springframework.beans.factory.support.AbstractAutowireCapableBeanFactory.doCreateBean(AbstractAutowireCapableBeanFactory.java:513)
	at org.springframework.beans.factory.support.AbstractAutowireCapableBeanFactory.createBean(AbstractAutowireCapableBeanFactory.java:483)
	at org.springframework.beans.factory.support.AbstractBeanFactory$1.getObject(AbstractBeanFactory.java:306)
	at org.springframework.beans.factory.support.DefaultSingletonBeanRegistry.getSingleton(DefaultSingletonBeanRegistry.java:230)
	at org.springframework.beans.factory.support.AbstractBeanFactory.doGetBean(AbstractBeanFactory.java:302)
	at org.springframework.beans.factory.support.AbstractBeanFactory.getBean(AbstractBeanFactory.java:197)
	at org.springframework.beans.factory.support.DefaultListableBeanFactory.preInstantiateSingletons(DefaultListableBeanFactory.java:761)
	at org.springframework.context.support.AbstractApplicationContext.finishBeanFactoryInitialization(AbstractApplicationContext.java:867)
	at org.springframework.context.support.AbstractApplicationContext.refresh(AbstractApplicationContext.java:543)
	at org.springframework.boot.SpringApplication.refresh(SpringApplication.java:693)
	at org.springframework.boot.SpringApplication.refreshContext(SpringApplication.java:360)
	at org.springframework.boot.SpringApplication.run(SpringApplication.java:303)
	at org.springframework.boot.test.context.SpringBootContextLoader.loadContext(SpringBootContextLoader.java:120)
	at org.springframework.test.context.cache.DefaultCacheAwareContextLoaderDelegate.loadContextInternal(DefaultCacheAwareContextLoaderDelegate.java:98)
	at org.springframework.test.context.cache.DefaultCacheAwareContextLoaderDelegate.loadContext(DefaultCacheAwareContextLoaderDelegate.java:116)
	at org.springframework.test.context.support.DefaultTestContext.getApplicationContext(DefaultTestContext.java:83)
	at org.springframework.test.context.support.DependencyInjectionTestExecutionListener.injectDependencies(DependencyInjectionTestExecutionListener.java:117)
	at org.springframework.test.context.support.DependencyInjectionTestExecutionListener.prepareTestInstance(DependencyInjectionTestExecutionListener.java:83)
	at org.springframework.boot.test.autoconfigure.SpringBootDependencyInjectionTestExecutionListener.prepareTestInstance(SpringBootDependencyInjectionTestExecutionListener.java:44)
	at org.springframework.test.context.TestContextManager.prepareTestInstance(TestContextManager.java:230)
	at org.springframework.test.context.junit4.SpringJUnit4ClassRunner.createTest(SpringJUnit4ClassRunner.java:228)
	at org.springframework.test.context.junit4.SpringJUnit4ClassRunner$1.runReflectiveCall(SpringJUnit4ClassRunner.java:287)
	at org.junit.internal.runners.model.ReflectiveCallable.run(ReflectiveCallable.java:12)
	at org.springframework.test.context.junit4.SpringJUnit4ClassRunner.methodBlock(SpringJUnit4ClassRunner.java:289)
	at org.springframework.test.context.junit4.SpringJUnit4ClassRunner.runChild(SpringJUnit4ClassRunner.java:247)
	at org.springframework.test.context.junit4.SpringJUnit4ClassRunner.runChild(SpringJUnit4ClassRunner.java:94)
	at org.junit.runners.ParentRunner$3.run(ParentRunner.java:290)
	at org.junit.runners.ParentRunner$1.schedule(ParentRunner.java:71)
	at org.junit.runners.ParentRunner.runChildren(ParentRunner.java:288)
	at org.junit.runners.ParentRunner.access$000(ParentRunner.java:58)
	at org.junit.runners.ParentRunner$2.evaluate(ParentRunner.java:268)
	at org.springframework.test.context.junit4.statements.RunBeforeTestClassCallbacks.evaluate(RunBeforeTestClassCallbacks.java:61)
	at org.springframework.test.context.junit4.statements.RunAfterTestClassCallbacks.evaluate(RunAfterTestClassCallbacks.java:70)
	at org.junit.runners.ParentRunner.run(ParentRunner.java:363)
	at org.springframework.test.context.junit4.SpringJUnit4ClassRunner.run(SpringJUnit4ClassRunner.java:191)
	at org.apache.maven.surefire.junit4.JUnit4Provider.execute(JUnit4Provider.java:283)
	at org.apache.maven.surefire.junit4.JUnit4Provider.executeWithRerun(JUnit4Provider.java:173)
	at org.apache.maven.surefire.junit4.JUnit4Provider.executeTestSet(JUnit4Provider.java:153)
	at org.apache.maven.surefire.junit4.JUnit4Provider.invoke(JUnit4Provider.java:128)
	at org.apache.maven.surefire.booter.ForkedBooter.invokeProviderInSameClassLoader(ForkedBooter.java:203)
	at org.apache.maven.surefire.booter.ForkedBooter.runSuitesInProcess(ForkedBooter.java:155)
	at org.apache.maven.surefire.booter.ForkedBooter.main(ForkedBooter.java:103)
Caused by: java.lang.IllegalArgumentException: Could not resolve placeholder 'spring.embedded.kafka.brokers' in value "${spring.embedded.kafka.brokers}"
	at org.springframework.util.PropertyPlaceholderHelper.parseStringValue(PropertyPlaceholderHelper.java:174)
	at org.springframework.util.PropertyPlaceholderHelper.replacePlaceholders(PropertyPlaceholderHelper.java:126)
	at org.springframework.core.env.AbstractPropertyResolver.doResolvePlaceholders(AbstractPropertyResolver.java:236)
	at org.springframework.core.env.AbstractPropertyResolver.resolveRequiredPlaceholders(AbstractPropertyResolver.java:210)
	at org.springframework.core.env.AbstractPropertyResolver.resolveNestedPlaceholders(AbstractPropertyResolver.java:227)
	at org.springframework.core.env.PropertySourcesPropertyResolver.getProperty(PropertySourcesPropertyResolver.java:84)
	at org.springframework.core.env.PropertySourcesPropertyResolver.getProperty(PropertySourcesPropertyResolver.java:61)
	at org.springframework.core.env.AbstractEnvironment.getProperty(AbstractEnvironment.java:527)
	at org.springframework.context.support.PropertySourcesPlaceholderConfigurer$1.getProperty(PropertySourcesPlaceholderConfigurer.java:132)
	at org.springframework.context.support.PropertySourcesPlaceholderConfigurer$1.getProperty(PropertySourcesPlaceholderConfigurer.java:129)
	at org.springframework.core.env.PropertySourcesPropertyResolver.getProperty(PropertySourcesPropertyResolver.java:81)
	at org.springframework.core.env.PropertySourcesPropertyResolver.getPropertyAsRawString(PropertySourcesPropertyResolver.java:71)
	at org.springframework.core.env.AbstractPropertyResolver$1.resolvePlaceholder(AbstractPropertyResolver.java:239)
	at org.springframework.util.PropertyPlaceholderHelper.parseStringValue(PropertyPlaceholderHelper.java:147)
	at org.springframework.util.PropertyPlaceholderHelper.replacePlaceholders(PropertyPlaceholderHelper.java:126)
	at org.springframework.core.env.AbstractPropertyResolver.doResolvePlaceholders(AbstractPropertyResolver.java:236)
	at org.springframework.core.env.AbstractPropertyResolver.resolveRequiredPlaceholders(AbstractPropertyResolver.java:210)
	at org.springframework.context.support.PropertySourcesPlaceholderConfigurer$2.resolveStringValue(PropertySourcesPlaceholderConfigurer.java:172)
	at org.springframework.beans.factory.support.AbstractBeanFactory.resolveEmbeddedValue(AbstractBeanFactory.java:831)
	at org.springframework.beans.factory.support.DefaultListableBeanFactory.doResolveDependency(DefaultListableBeanFactory.java:1086)
	at org.springframework.beans.factory.support.DefaultListableBeanFactory.resolveDependency(DefaultListableBeanFactory.java:1066)
	at org.springframework.beans.factory.annotation.AutowiredAnnotationBeanPostProcessor$AutowiredFieldElement.inject(AutowiredAnnotationBeanPostProcessor.java:585)
	at org.springframework.beans.factory.annotation.InjectionMetadata.inject(InjectionMetadata.java:88)
	at org.springframework.beans.factory.annotation.AutowiredAnnotationBeanPostProcessor.postProcessPropertyValues(AutowiredAnnotationBeanPostProcessor.java:366)
	at org.springframework.beans.factory.support.AbstractAutowireCapableBeanFactory.populateBean(AbstractAutowireCapableBeanFactory.java:1264)
	at org.springframework.beans.factory.support.AbstractAutowireCapableBeanFactory.doCreateBean(AbstractAutowireCapableBeanFactory.java:553)
	at org.springframework.beans.factory.support.AbstractAutowireCapableBeanFactory.createBean(AbstractAutowireCapableBeanFactory.java:483)
	at org.springframework.beans.factory.support.AbstractBeanFactory$1.getObject(AbstractBeanFactory.java:306)
	at org.springframework.beans.factory.support.DefaultSingletonBeanRegistry.getSingleton(DefaultSingletonBeanRegistry.java:230)
	at org.springframework.beans.factory.support.AbstractBeanFactory.doGetBean(AbstractBeanFactory.java:302)
	at org.springframework.beans.factory.support.AbstractBeanFactory.getBean(AbstractBeanFactory.java:197)
	at org.springframework.beans.factory.support.ConstructorResolver.instantiateUsingFactoryMethod(ConstructorResolver.java:372)
	at org.springframework.beans.factory.support.AbstractAutowireCapableBeanFactory.instantiateUsingFactoryMethod(AbstractAutowireCapableBeanFactory.java:1173)
	at org.springframework.beans.factory.support.AbstractAutowireCapableBeanFactory.createBeanInstance(AbstractAutowireCapableBeanFactory.java:1067)
	at org.springframework.beans.factory.support.AbstractAutowireCapableBeanFactory.doCreateBean(AbstractAutowireCapableBeanFactory.java:513)
	at org.springframework.beans.factory.support.AbstractAutowireCapableBeanFactory.createBean(AbstractAutowireCapableBeanFactory.java:483)
	at org.springframework.beans.factory.support.AbstractBeanFactory$1.getObject(AbstractBeanFactory.java:306)
	at org.springframework.beans.factory.support.DefaultSingletonBeanRegistry.getSingleton(DefaultSingletonBeanRegistry.java:230)
	at org.springframework.beans.factory.support.AbstractBeanFactory.doGetBean(AbstractBeanFactory.java:302)
	at org.springframework.beans.factory.support.AbstractBeanFactory.getBean(AbstractBeanFactory.java:197)
	at org.springframework.beans.factory.support.DefaultListableBeanFactory.preInstantiateSingletons(DefaultListableBeanFactory.java:761)
	at org.springframework.context.support.AbstractApplicationContext.finishBeanFactoryInitialization(AbstractApplicationContext.java:867)
	at org.springframework.context.support.AbstractApplicationContext.refresh(AbstractApplicationContext.java:543)
	at org.springframework.boot.SpringApplication.refresh(SpringApplication.java:693)
	at org.springframework.boot.SpringApplication.refreshContext(SpringApplication.java:360)
	at org.springframework.boot.SpringApplication.run(SpringApplication.java:303)
	at org.springframework.boot.test.context.SpringBootContextLoader.loadContext(SpringBootContextLoader.java:120)
	at org.springframework.test.context.cache.DefaultCacheAwareContextLoaderDelegate.loadContextInternal(DefaultCacheAwareContextLoaderDelegate.java:98)
	at org.springframework.test.context.cache.DefaultCacheAwareContextLoaderDelegate.loadContext(DefaultCacheAwareContextLoaderDelegate.java:116)
	at org.springframework.test.context.support.DefaultTestContext.getApplicationContext(DefaultTestContext.java:83)
	at org.springframework.test.context.support.DependencyInjectionTestExecutionListener.injectDependencies(DependencyInjectionTestExecutionListener.java:117)
	at org.springframework.test.context.support.DependencyInjectionTestExecutionListener.prepareTestInstance(DependencyInjectionTestExecutionListener.java:83)
	at org.springframework.boot.test.autoconfigure.SpringBootDependencyInjectionTestExecutionListener.prepareTestInstance(SpringBootDependencyInjectionTestExecutionListener.java:44)
	at org.springframework.test.context.TestContextManager.prepareTestInstance(TestContextManager.java:230)
	at org.springframework.test.context.junit4.SpringJUnit4ClassRunner.createTest(SpringJUnit4ClassRunner.java:228)
	at org.springframework.test.context.junit4.SpringJUnit4ClassRunner$1.runReflectiveCall(SpringJUnit4ClassRunner.java:287)
	at org.junit.internal.runners.model.ReflectiveCallable.run(ReflectiveCallable.java:12)
	at org.springframework.test.context.junit4.SpringJUnit4ClassRunner.methodBlock(SpringJUnit4ClassRunner.java:289)
	at org.springframework.test.context.junit4.SpringJUnit4ClassRunner.runChild(SpringJUnit4ClassRunner.java:247)
	at org.springframework.test.context.junit4.SpringJUnit4ClassRunner.runChild(SpringJUnit4ClassRunner.java:94)
	at org.junit.runners.ParentRunner$3.run(ParentRunner.java:290)
	at org.junit.runners.ParentRunner$1.schedule(ParentRunner.java:71)
	at org.junit.runners.ParentRunner.runChildren(ParentRunner.java:288)
	at org.junit.runners.ParentRunner.access$000(ParentRunner.java:58)
	at org.junit.runners.ParentRunner$2.evaluate(ParentRunner.java:268)
	at org.springframework.test.context.junit4.statements.RunBeforeTestClassCallbacks.evaluate(RunBeforeTestClassCallbacks.java:61)
	at org.springframework.test.context.junit4.statements.RunAfterTestClassCallbacks.evaluate(RunAfterTestClassCallbacks.java:70)
	at org.junit.runners.ParentRunner.run(ParentRunner.java:363)
	at org.springframework.test.context.junit4.SpringJUnit4ClassRunner.run(SpringJUnit4ClassRunner.java:191)
	at org.apache.maven.surefire.junit4.JUnit4Provider.execute(JUnit4Provider.java:283)
	at org.apache.maven.surefire.junit4.JUnit4Provider.executeWithRerun(JUnit4Provider.java:173)
	at org.apache.maven.surefire.junit4.JUnit4Provider.executeTestSet(JUnit4Provider.java:153)
	at org.apache.maven.surefire.junit4.JUnit4Provider.invoke(JUnit4Provider.java:128)
	at org.apache.maven.surefire.booter.ForkedBooter.invokeProviderInSameClassLoader(ForkedBooter.java:203)
	at org.apache.maven.surefire.booter.ForkedBooter.runSuitesInProcess(ForkedBooter.java:155)
	at org.apache.maven.surefire.booter.ForkedBooter.main(ForkedBooter.java:103)
</error>
    <system-out><![CDATA[15:48:32.948 [main] DEBUG org.springframework.test.context.junit4.SpringJUnit4ClassRunner - SpringJUnit4ClassRunner constructor called with [class it.teamDigitale.dafreplicateingestion.converter.ParkingConverterImplTest]
15:48:32.961 [main] DEBUG org.springframework.test.context.BootstrapUtils - Instantiating CacheAwareContextLoaderDelegate from class [org.springframework.test.context.cache.DefaultCacheAwareContextLoaderDelegate]
15:48:32.979 [main] DEBUG org.springframework.test.context.BootstrapUtils - Instantiating BootstrapContext using constructor [public org.springframework.test.context.support.DefaultBootstrapContext(java.lang.Class,org.springframework.test.context.CacheAwareContextLoaderDelegate)]
15:48:33.002 [main] DEBUG org.springframework.test.context.BootstrapUtils - Instantiating TestContextBootstrapper for test class [it.teamDigitale.dafreplicateingestion.converter.ParkingConverterImplTest] from class [org.springframework.boot.test.context.SpringBootTestContextBootstrapper]
15:48:33.018 [main] INFO org.springframework.boot.test.context.SpringBootTestContextBootstrapper - Neither @ContextConfiguration nor @ContextHierarchy found for test class [it.teamDigitale.dafreplicateingestion.converter.ParkingConverterImplTest], using SpringBootContextLoader
15:48:33.032 [main] DEBUG org.springframework.test.context.support.AbstractContextLoader - Did not detect default resource location for test class [it.teamDigitale.dafreplicateingestion.converter.ParkingConverterImplTest]: class path resource [it/teamDigitale/dafreplicateingestion/converter/ParkingConverterImplTest-context.xml] does not exist
15:48:33.033 [main] DEBUG org.springframework.test.context.support.AbstractContextLoader - Did not detect default resource location for test class [it.teamDigitale.dafreplicateingestion.converter.ParkingConverterImplTest]: class path resource [it/teamDigitale/dafreplicateingestion/converter/ParkingConverterImplTestContext.groovy] does not exist
15:48:33.034 [main] INFO org.springframework.test.context.support.AbstractContextLoader - Could not detect default resource locations for test class [it.teamDigitale.dafreplicateingestion.converter.ParkingConverterImplTest]: no resource found for suffixes {-context.xml, Context.groovy}.
15:48:33.035 [main] INFO org.springframework.test.context.support.AnnotationConfigContextLoaderUtils - Could not detect default configuration classes for test class [it.teamDigitale.dafreplicateingestion.converter.ParkingConverterImplTest]: ParkingConverterImplTest does not declare any static, non-private, non-final, nested classes annotated with @Configuration.
15:48:33.086 [main] DEBUG org.springframework.test.context.support.ActiveProfilesUtils - Could not find an 'annotation declaring class' for annotation type [org.springframework.test.context.ActiveProfiles] and class [it.teamDigitale.dafreplicateingestion.converter.ParkingConverterImplTest]
15:48:33.094 [main] DEBUG org.springframework.core.env.StandardEnvironment - Adding PropertySource 'systemProperties' with lowest search precedence
15:48:33.094 [main] DEBUG org.springframework.core.env.StandardEnvironment - Adding PropertySource 'systemEnvironment' with lowest search precedence
15:48:33.095 [main] DEBUG org.springframework.core.env.StandardEnvironment - Initialized StandardEnvironment with PropertySources [MapPropertySource@32863545 {name='systemProperties', properties={java.runtime.name=OpenJDK Runtime Environment, sun.boot.library.path=/usr/lib/jvm/java-8-openjdk-amd64/jre/lib/amd64, java.vm.version=25.141-b15, java.vm.vendor=Oracle Corporation, java.vendor.url=http://java.oracle.com/, path.separator=:, java.vm.name=OpenJDK 64-Bit Server VM, file.encoding.pkg=sun.io, user.country=IT, sun.java.launcher=SUN_STANDARD, sun.os.patch.level=unknown, java.vm.specification.name=Java Virtual Machine Specification, user.dir=/home/alessandro/Progetti/daf-replicate-ingestion, java.runtime.version=1.8.0_141-8u141-b15-1~deb9u1-b15, basedir=/home/alessandro/Progetti/daf-replicate-ingestion, java.awt.graphicsenv=sun.awt.X11GraphicsEnvironment, java.endorsed.dirs=/usr/lib/jvm/java-8-openjdk-amd64/jre/lib/endorsed, os.arch=amd64, surefire.real.class.path=/home/alessandro/Progetti/daf-replicate-ingestion/target/surefire/surefirebooter9220323798958312304.jar, java.io.tmpdir=/tmp, line.separator=
, java.vm.specification.vendor=Oracle Corporation, os.name=Linux, sun.jnu.encoding=UTF-8, java.library.path=/usr/java/packages/lib/amd64:/usr/lib/x86_64-linux-gnu/jni:/lib/x86_64-linux-gnu:/usr/lib/x86_64-linux-gnu:/usr/lib/jni:/lib:/usr/lib, surefire.test.class.path=/home/alessandro/Progetti/daf-replicate-ingestion/target/test-classes:/home/alessandro/Progetti/daf-replicate-ingestion/target/classes:/home/alessandro/.m2/repository/org/springframework/kafka/spring-kafka/1.1.6.RELEASE/spring-kafka-1.1.6.RELEASE.jar:/home/alessandro/.m2/repository/org/springframework/spring-messaging/4.3.11.RELEASE/spring-messaging-4.3.11.RELEASE.jar:/home/alessandro/.m2/repository/org/springframework/retry/spring-retry/1.2.1.RELEASE/spring-retry-1.2.1.RELEASE.jar:/home/alessandro/.m2/repository/org/apache/kafka/kafka-clients/0.10.1.1/kafka-clients-0.10.1.1.jar:/home/alessandro/.m2/repository/net/jpountz/lz4/lz4/1.3.0/lz4-1.3.0.jar:/home/alessandro/.m2/repository/org/springframework/boot/spring-boot-starter/1.5.7.RELEASE/spring-boot-starter-1.5.7.RELEASE.jar:/home/alessandro/.m2/repository/org/springframework/boot/spring-boot/1.5.7.RELEASE/spring-boot-1.5.7.RELEASE.jar:/home/alessandro/.m2/repository/org/springframework/boot/spring-boot-autoconfigure/1.5.7.RELEASE/spring-boot-autoconfigure-1.5.7.RELEASE.jar:/home/alessandro/.m2/repository/org/springframework/boot/spring-boot-starter-logging/1.5.7.RELEASE/spring-boot-starter-logging-1.5.7.RELEASE.jar:/home/alessandro/.m2/repository/ch/qos/logback/logback-classic/1.1.11/logback-classic-1.1.11.jar:/home/alessandro/.m2/repository/ch/qos/logback/logback-core/1.1.11/logback-core-1.1.11.jar:/home/alessandro/.m2/repository/org/slf4j/jcl-over-slf4j/1.7.25/jcl-over-slf4j-1.7.25.jar:/home/alessandro/.m2/repository/org/slf4j/jul-to-slf4j/1.7.25/jul-to-slf4j-1.7.25.jar:/home/alessandro/.m2/repository/org/slf4j/log4j-over-slf4j/1.7.25/log4j-over-slf4j-1.7.25.jar:/home/alessandro/.m2/repository/org/springframework/spring-core/4.3.11.RELEASE/spring-core-4.3.11.RELEASE.jar:/home/alessandro/.m2/repository/org/yaml/snakeyaml/1.17/snakeyaml-1.17.jar:/home/alessandro/.m2/repository/org/springframework/spring-web/4.3.11.RELEASE/spring-web-4.3.11.RELEASE.jar:/home/alessandro/.m2/repository/org/springframework/spring-aop/4.3.11.RELEASE/spring-aop-4.3.11.RELEASE.jar:/home/alessandro/.m2/repository/org/springframework/spring-beans/4.3.11.RELEASE/spring-beans-4.3.11.RELEASE.jar:/home/alessandro/.m2/repository/org/springframework/spring-context/4.3.11.RELEASE/spring-context-4.3.11.RELEASE.jar:/home/alessandro/.m2/repository/org/springframework/spring-expression/4.3.11.RELEASE/spring-expression-4.3.11.RELEASE.jar:/home/alessandro/.m2/repository/org/apache/avro/avro/1.8.2/avro-1.8.2.jar:/home/alessandro/.m2/repository/org/codehaus/jackson/jackson-core-asl/1.9.13/jackson-core-asl-1.9.13.jar:/home/alessandro/.m2/repository/org/codehaus/jackson/jackson-mapper-asl/1.9.13/jackson-mapper-asl-1.9.13.jar:/home/alessandro/.m2/repository/com/thoughtworks/paranamer/paranamer/2.7/paranamer-2.7.jar:/home/alessandro/.m2/repository/org/xerial/snappy/snappy-java/1.1.1.3/snappy-java-1.1.1.3.jar:/home/alessandro/.m2/repository/org/apache/commons/commons-compress/1.8.1/commons-compress-1.8.1.jar:/home/alessandro/.m2/repository/org/tukaani/xz/1.5/xz-1.5.jar:/home/alessandro/.m2/repository/org/slf4j/slf4j-api/1.7.25/slf4j-api-1.7.25.jar:/home/alessandro/.m2/repository/com/fasterxml/jackson/dataformat/jackson-dataformat-avro/2.8.10/jackson-dataformat-avro-2.8.10.jar:/home/alessandro/.m2/repository/com/fasterxml/jackson/core/jackson-databind/2.8.10/jackson-databind-2.8.10.jar:/home/alessandro/.m2/repository/com/fasterxml/jackson/core/jackson-annotations/2.8.0/jackson-annotations-2.8.0.jar:/home/alessandro/.m2/repository/com/fasterxml/jackson/core/jackson-core/2.8.10/jackson-core-2.8.10.jar:/home/alessandro/.m2/repository/org/springframework/boot/spring-boot-starter-test/1.5.7.RELEASE/spring-boot-starter-test-1.5.7.RELEASE.jar:/home/alessandro/.m2/repository/org/springframework/boot/spring-boot-test/1.5.7.RELEASE/spring-boot-test-1.5.7.RELEASE.jar:/home/alessandro/.m2/repository/org/springframework/boot/spring-boot-test-autoconfigure/1.5.7.RELEASE/spring-boot-test-autoconfigure-1.5.7.RELEASE.jar:/home/alessandro/.m2/repository/com/jayway/jsonpath/json-path/2.2.0/json-path-2.2.0.jar:/home/alessandro/.m2/repository/net/minidev/json-smart/2.2.1/json-smart-2.2.1.jar:/home/alessandro/.m2/repository/net/minidev/accessors-smart/1.1/accessors-smart-1.1.jar:/home/alessandro/.m2/repository/org/ow2/asm/asm/5.0.3/asm-5.0.3.jar:/home/alessandro/.m2/repository/junit/junit/4.12/junit-4.12.jar:/home/alessandro/.m2/repository/org/assertj/assertj-core/2.6.0/assertj-core-2.6.0.jar:/home/alessandro/.m2/repository/org/mockito/mockito-core/1.10.19/mockito-core-1.10.19.jar:/home/alessandro/.m2/repository/org/objenesis/objenesis/2.1/objenesis-2.1.jar:/home/alessandro/.m2/repository/org/hamcrest/hamcrest-core/1.3/hamcrest-core-1.3.jar:/home/alessandro/.m2/repository/org/hamcrest/hamcrest-library/1.3/hamcrest-library-1.3.jar:/home/alessandro/.m2/repository/org/skyscreamer/jsonassert/1.4.0/jsonassert-1.4.0.jar:/home/alessandro/.m2/repository/com/vaadin/external/google/android-json/0.0.20131108.vaadin1/android-json-0.0.20131108.vaadin1.jar:/home/alessandro/.m2/repository/org/springframework/spring-test/4.3.11.RELEASE/spring-test-4.3.11.RELEASE.jar:/home/alessandro/.m2/repository/org/springframework/kafka/spring-kafka-test/1.1.6.RELEASE/spring-kafka-test-1.1.6.RELEASE.jar:/home/alessandro/.m2/repository/org/apache/kafka/kafka-clients/0.10.1.1/kafka-clients-0.10.1.1-test.jar:/home/alessandro/.m2/repository/org/apache/kafka/kafka_2.11/0.10.1.1/kafka_2.11-0.10.1.1.jar:/home/alessandro/.m2/repository/net/sf/jopt-simple/jopt-simple/4.9/jopt-simple-4.9.jar:/home/alessandro/.m2/repository/com/yammer/metrics/metrics-core/2.2.0/metrics-core-2.2.0.jar:/home/alessandro/.m2/repository/org/scala-lang/scala-library/2.11.8/scala-library-2.11.8.jar:/home/alessandro/.m2/repository/com/101tec/zkclient/0.9/zkclient-0.9.jar:/home/alessandro/.m2/repository/log4j/log4j/1.2.15/log4j-1.2.15.jar:/home/alessandro/.m2/repository/javax/mail/mail/1.4/mail-1.4.jar:/home/alessandro/.m2/repository/javax/activation/activation/1.1/activation-1.1.jar:/home/alessandro/.m2/repository/org/apache/zookeeper/zookeeper/3.4.8/zookeeper-3.4.8.jar:/home/alessandro/.m2/repository/jline/jline/0.9.94/jline-0.9.94.jar:/home/alessandro/.m2/repository/io/netty/netty/3.7.0.Final/netty-3.7.0.Final.jar:/home/alessandro/.m2/repository/org/scala-lang/modules/scala-parser-combinators_2.11/1.0.4/scala-parser-combinators_2.11-1.0.4.jar:/home/alessandro/.m2/repository/org/apache/kafka/kafka_2.11/0.10.1.1/kafka_2.11-0.10.1.1-test.jar:/home/alessandro/.m2/repository/org/json/json/20140107/json-20140107.jar:, java.specification.name=Java Platform API Specification, java.class.version=52.0, sun.management.compiler=HotSpot 64-Bit Tiered Compilers, os.version=4.9.0-3-amd64, user.home=/home/alessandro, user.timezone=Europe/Rome, java.awt.printerjob=sun.print.PSPrinterJob, file.encoding=UTF-8, java.specification.version=1.8, java.class.path=/home/alessandro/Progetti/daf-replicate-ingestion/target/test-classes:/home/alessandro/Progetti/daf-replicate-ingestion/target/classes:/home/alessandro/.m2/repository/org/springframework/kafka/spring-kafka/1.1.6.RELEASE/spring-kafka-1.1.6.RELEASE.jar:/home/alessandro/.m2/repository/org/springframework/spring-messaging/4.3.11.RELEASE/spring-messaging-4.3.11.RELEASE.jar:/home/alessandro/.m2/repository/org/springframework/retry/spring-retry/1.2.1.RELEASE/spring-retry-1.2.1.RELEASE.jar:/home/alessandro/.m2/repository/org/apache/kafka/kafka-clients/0.10.1.1/kafka-clients-0.10.1.1.jar:/home/alessandro/.m2/repository/net/jpountz/lz4/lz4/1.3.0/lz4-1.3.0.jar:/home/alessandro/.m2/repository/org/springframework/boot/spring-boot-starter/1.5.7.RELEASE/spring-boot-starter-1.5.7.RELEASE.jar:/home/alessandro/.m2/repository/org/springframework/boot/spring-boot/1.5.7.RELEASE/spring-boot-1.5.7.RELEASE.jar:/home/alessandro/.m2/repository/org/springframework/boot/spring-boot-autoconfigure/1.5.7.RELEASE/spring-boot-autoconfigure-1.5.7.RELEASE.jar:/home/alessandro/.m2/repository/org/springframework/boot/spring-boot-starter-logging/1.5.7.RELEASE/spring-boot-starter-logging-1.5.7.RELEASE.jar:/home/alessandro/.m2/repository/ch/qos/logback/logback-classic/1.1.11/logback-classic-1.1.11.jar:/home/alessandro/.m2/repository/ch/qos/logback/logback-core/1.1.11/logback-core-1.1.11.jar:/home/alessandro/.m2/repository/org/slf4j/jcl-over-slf4j/1.7.25/jcl-over-slf4j-1.7.25.jar:/home/alessandro/.m2/repository/org/slf4j/jul-to-slf4j/1.7.25/jul-to-slf4j-1.7.25.jar:/home/alessandro/.m2/repository/org/slf4j/log4j-over-slf4j/1.7.25/log4j-over-slf4j-1.7.25.jar:/home/alessandro/.m2/repository/org/springframework/spring-core/4.3.11.RELEASE/spring-core-4.3.11.RELEASE.jar:/home/alessandro/.m2/repository/org/yaml/snakeyaml/1.17/snakeyaml-1.17.jar:/home/alessandro/.m2/repository/org/springframework/spring-web/4.3.11.RELEASE/spring-web-4.3.11.RELEASE.jar:/home/alessandro/.m2/repository/org/springframework/spring-aop/4.3.11.RELEASE/spring-aop-4.3.11.RELEASE.jar:/home/alessandro/.m2/repository/org/springframework/spring-beans/4.3.11.RELEASE/spring-beans-4.3.11.RELEASE.jar:/home/alessandro/.m2/repository/org/springframework/spring-context/4.3.11.RELEASE/spring-context-4.3.11.RELEASE.jar:/home/alessandro/.m2/repository/org/springframework/spring-expression/4.3.11.RELEASE/spring-expression-4.3.11.RELEASE.jar:/home/alessandro/.m2/repository/org/apache/avro/avro/1.8.2/avro-1.8.2.jar:/home/alessandro/.m2/repository/org/codehaus/jackson/jackson-core-asl/1.9.13/jackson-core-asl-1.9.13.jar:/home/alessandro/.m2/repository/org/codehaus/jackson/jackson-mapper-asl/1.9.13/jackson-mapper-asl-1.9.13.jar:/home/alessandro/.m2/repository/com/thoughtworks/paranamer/paranamer/2.7/paranamer-2.7.jar:/home/alessandro/.m2/repository/org/xerial/snappy/snappy-java/1.1.1.3/snappy-java-1.1.1.3.jar:/home/alessandro/.m2/repository/org/apache/commons/commons-compress/1.8.1/commons-compress-1.8.1.jar:/home/alessandro/.m2/repository/org/tukaani/xz/1.5/xz-1.5.jar:/home/alessandro/.m2/repository/org/slf4j/slf4j-api/1.7.25/slf4j-api-1.7.25.jar:/home/alessandro/.m2/repository/com/fasterxml/jackson/dataformat/jackson-dataformat-avro/2.8.10/jackson-dataformat-avro-2.8.10.jar:/home/alessandro/.m2/repository/com/fasterxml/jackson/core/jackson-databind/2.8.10/jackson-databind-2.8.10.jar:/home/alessandro/.m2/repository/com/fasterxml/jackson/core/jackson-annotations/2.8.0/jackson-annotations-2.8.0.jar:/home/alessandro/.m2/repository/com/fasterxml/jackson/core/jackson-core/2.8.10/jackson-core-2.8.10.jar:/home/alessandro/.m2/repository/org/springframework/boot/spring-boot-starter-test/1.5.7.RELEASE/spring-boot-starter-test-1.5.7.RELEASE.jar:/home/alessandro/.m2/repository/org/springframework/boot/spring-boot-test/1.5.7.RELEASE/spring-boot-test-1.5.7.RELEASE.jar:/home/alessandro/.m2/repository/org/springframework/boot/spring-boot-test-autoconfigure/1.5.7.RELEASE/spring-boot-test-autoconfigure-1.5.7.RELEASE.jar:/home/alessandro/.m2/repository/com/jayway/jsonpath/json-path/2.2.0/json-path-2.2.0.jar:/home/alessandro/.m2/repository/net/minidev/json-smart/2.2.1/json-smart-2.2.1.jar:/home/alessandro/.m2/repository/net/minidev/accessors-smart/1.1/accessors-smart-1.1.jar:/home/alessandro/.m2/repository/org/ow2/asm/asm/5.0.3/asm-5.0.3.jar:/home/alessandro/.m2/repository/junit/junit/4.12/junit-4.12.jar:/home/alessandro/.m2/repository/org/assertj/assertj-core/2.6.0/assertj-core-2.6.0.jar:/home/alessandro/.m2/repository/org/mockito/mockito-core/1.10.19/mockito-core-1.10.19.jar:/home/alessandro/.m2/repository/org/objenesis/objenesis/2.1/objenesis-2.1.jar:/home/alessandro/.m2/repository/org/hamcrest/hamcrest-core/1.3/hamcrest-core-1.3.jar:/home/alessandro/.m2/repository/org/hamcrest/hamcrest-library/1.3/hamcrest-library-1.3.jar:/home/alessandro/.m2/repository/org/skyscreamer/jsonassert/1.4.0/jsonassert-1.4.0.jar:/home/alessandro/.m2/repository/com/vaadin/external/google/android-json/0.0.20131108.vaadin1/android-json-0.0.20131108.vaadin1.jar:/home/alessandro/.m2/repository/org/springframework/spring-test/4.3.11.RELEASE/spring-test-4.3.11.RELEASE.jar:/home/alessandro/.m2/repository/org/springframework/kafka/spring-kafka-test/1.1.6.RELEASE/spring-kafka-test-1.1.6.RELEASE.jar:/home/alessandro/.m2/repository/org/apache/kafka/kafka-clients/0.10.1.1/kafka-clients-0.10.1.1-test.jar:/home/alessandro/.m2/repository/org/apache/kafka/kafka_2.11/0.10.1.1/kafka_2.11-0.10.1.1.jar:/home/alessandro/.m2/repository/net/sf/jopt-simple/jopt-simple/4.9/jopt-simple-4.9.jar:/home/alessandro/.m2/repository/com/yammer/metrics/metrics-core/2.2.0/metrics-core-2.2.0.jar:/home/alessandro/.m2/repository/org/scala-lang/scala-library/2.11.8/scala-library-2.11.8.jar:/home/alessandro/.m2/repository/com/101tec/zkclient/0.9/zkclient-0.9.jar:/home/alessandro/.m2/repository/log4j/log4j/1.2.15/log4j-1.2.15.jar:/home/alessandro/.m2/repository/javax/mail/mail/1.4/mail-1.4.jar:/home/alessandro/.m2/repository/javax/activation/activation/1.1/activation-1.1.jar:/home/alessandro/.m2/repository/org/apache/zookeeper/zookeeper/3.4.8/zookeeper-3.4.8.jar:/home/alessandro/.m2/repository/jline/jline/0.9.94/jline-0.9.94.jar:/home/alessandro/.m2/repository/io/netty/netty/3.7.0.Final/netty-3.7.0.Final.jar:/home/alessandro/.m2/repository/org/scala-lang/modules/scala-parser-combinators_2.11/1.0.4/scala-parser-combinators_2.11-1.0.4.jar:/home/alessandro/.m2/repository/org/apache/kafka/kafka_2.11/0.10.1.1/kafka_2.11-0.10.1.1-test.jar:/home/alessandro/.m2/repository/org/json/json/20140107/json-20140107.jar:, user.name=alessandro, java.vm.specification.version=1.8, sun.java.command=/home/alessandro/Progetti/daf-replicate-ingestion/target/surefire/surefirebooter9220323798958312304.jar /home/alessandro/Progetti/daf-replicate-ingestion/target/surefire/surefire2816881390240257616tmp /home/alessandro/Progetti/daf-replicate-ingestion/target/surefire/surefire_05646091727510663907tmp, java.home=/usr/lib/jvm/java-8-openjdk-amd64/jre, sun.arch.data.model=64, user.language=it, java.specification.vendor=Oracle Corporation, awt.toolkit=sun.awt.X11.XToolkit, java.vm.info=mixed mode, java.version=1.8.0_141, java.ext.dirs=/usr/lib/jvm/java-8-openjdk-amd64/jre/lib/ext:/usr/java/packages/lib/ext, sun.boot.class.path=/usr/lib/jvm/java-8-openjdk-amd64/jre/lib/resources.jar:/usr/lib/jvm/java-8-openjdk-amd64/jre/lib/rt.jar:/usr/lib/jvm/java-8-openjdk-amd64/jre/lib/sunrsasign.jar:/usr/lib/jvm/java-8-openjdk-amd64/jre/lib/jsse.jar:/usr/lib/jvm/java-8-openjdk-amd64/jre/lib/jce.jar:/usr/lib/jvm/java-8-openjdk-amd64/jre/lib/charsets.jar:/usr/lib/jvm/java-8-openjdk-amd64/jre/lib/jfr.jar:/usr/lib/jvm/java-8-openjdk-amd64/jre/classes, java.vendor=Oracle Corporation, localRepository=/home/alessandro/.m2/repository, file.separator=/, java.vendor.url.bug=http://bugreport.sun.com/bugreport/, sun.io.unicode.encoding=UnicodeLittle, sun.cpu.endian=little, sun.cpu.isalist=}}, SystemEnvironmentPropertySource@1995616381 {name='systemEnvironment', properties={PATH=/usr/local/bin:/usr/bin:/bin:/usr/local/games:/usr/games:/opt/Android/platform-tools:/opt/Android/tools, XAUTHORITY=/home/alessandro/.Xauthority, OXYGEN_DISABLE_INNER_SHADOWS_HACK=1, XDG_DATA_DIRS=/usr/share:/usr/share:/usr/local/share, KDE_SESSION_UID=1000, LANG=it_IT.UTF-8, DBUS_SESSION_BUS_ADDRESS=unix:abstract=/tmp/dbus-SW92g62nHr,guid=b063c0d1dedb686ff7f441d659d9e43c, XDG_SEAT_PATH=/org/freedesktop/DisplayManager/Seat0, XDG_SESSION_ID=3, XDG_SESSION_TYPE=x11, ANDROID_HOME=/opt/Android/, XDG_CURRENT_DESKTOP=KDE, DISPLAY=:0, QT_AUTO_SCREEN_SCALE_FACTOR=0, SSH_AGENT_PID=1298, SESSION_MANAGER=local/alessandro:@/tmp/.ICE-unix/1367,unix/alessandro:/tmp/.ICE-unix/1367, QT_LINUX_ACCESSIBILITY_ALWAYS_ON=1, LOGNAME=alessandro, PWD=/home/alessandro/Progetti/daf-replicate-ingestion, PAM_KWALLET5_LOGIN=/tmp/kwallet5_alessandro.socket, NODE_PATH=/usr/lib/nodejs:/usr/lib/node_modules:/usr/share/javascript, XCURSOR_THEME=breeze_cursors, XDG_SESSION_CLASS=user, LANGUAGE=, KDE_SESSION_VERSION=5, SHELL=/bin/bash, LIBOVERLAY_SCROLLBAR=0, GPG_AGENT_INFO=/run/user/1000/gnupg/S.gpg-agent:0:1, GDK_CORE_DEVICE_EVENTS=1, DESKTOP_SESSION=/usr/share/xsessions/plasma, OLDPWD=/home/alessandro/Progetti/daf-replicate-ingestion, USER=alessandro, KDE_FULL_SESSION=true, QT_ACCESSIBILITY=1, SSH_AUTH_SOCK=/tmp/ssh-JpV1d3fRdHWu/agent.1238, GTK_MODULES=gail:atk-bridge, XDG_SEAT=seat0, GDK_SCALE=1, GS_LIB=/home/alessandro/.fonts, XDG_SESSION_PATH=/org/freedesktop/DisplayManager/Session1, QMLSCENE_DEVICE=, QSG_RENDER_LOOP=, XDG_VTNR=7, XDG_SESSION_DESKTOP=KDE, XDG_RUNTIME_DIR=/run/user/1000, HOME=/home/alessandro, SHLVL=0}}]
15:48:33.105 [main] DEBUG org.springframework.core.io.support.PathMatchingResourcePatternResolver - Resolved classpath location [it/teamDigitale/dafreplicateingestion/converter/] to resources [URL [file:/home/alessandro/Progetti/daf-replicate-ingestion/target/test-classes/it/teamDigitale/dafreplicateingestion/converter/], URL [file:/home/alessandro/Progetti/daf-replicate-ingestion/target/classes/it/teamDigitale/dafreplicateingestion/converter/]]
15:48:33.105 [main] DEBUG org.springframework.core.io.support.PathMatchingResourcePatternResolver - Looking for matching resources in directory tree [/home/alessandro/Progetti/daf-replicate-ingestion/target/test-classes/it/teamDigitale/dafreplicateingestion/converter]
15:48:33.105 [main] DEBUG org.springframework.core.io.support.PathMatchingResourcePatternResolver - Searching directory [/home/alessandro/Progetti/daf-replicate-ingestion/target/test-classes/it/teamDigitale/dafreplicateingestion/converter] for files matching pattern [/home/alessandro/Progetti/daf-replicate-ingestion/target/test-classes/it/teamDigitale/dafreplicateingestion/converter/*.class]
15:48:33.107 [main] DEBUG org.springframework.core.io.support.PathMatchingResourcePatternResolver - Looking for matching resources in directory tree [/home/alessandro/Progetti/daf-replicate-ingestion/target/classes/it/teamDigitale/dafreplicateingestion/converter]
15:48:33.108 [main] DEBUG org.springframework.core.io.support.PathMatchingResourcePatternResolver - Searching directory [/home/alessandro/Progetti/daf-replicate-ingestion/target/classes/it/teamDigitale/dafreplicateingestion/converter] for files matching pattern [/home/alessandro/Progetti/daf-replicate-ingestion/target/classes/it/teamDigitale/dafreplicateingestion/converter/*.class]
15:48:33.109 [main] DEBUG org.springframework.core.io.support.PathMatchingResourcePatternResolver - Resolved location pattern [classpath*:it/teamDigitale/dafreplicateingestion/converter/*.class] to resources [file [/home/alessandro/Progetti/daf-replicate-ingestion/target/test-classes/it/teamDigitale/dafreplicateingestion/converter/ParkingConverterImplTest.class], file [/home/alessandro/Progetti/daf-replicate-ingestion/target/classes/it/teamDigitale/dafreplicateingestion/converter/Converter.class], file [/home/alessandro/Progetti/daf-replicate-ingestion/target/classes/it/teamDigitale/dafreplicateingestion/converter/ParkingConverterImpl.class]]
15:48:33.123 [main] DEBUG org.springframework.core.io.support.PathMatchingResourcePatternResolver - Resolved classpath location [it/teamDigitale/dafreplicateingestion/] to resources [URL [file:/home/alessandro/Progetti/daf-replicate-ingestion/target/test-classes/it/teamDigitale/dafreplicateingestion/], URL [file:/home/alessandro/Progetti/daf-replicate-ingestion/target/classes/it/teamDigitale/dafreplicateingestion/]]
15:48:33.124 [main] DEBUG org.springframework.core.io.support.PathMatchingResourcePatternResolver - Looking for matching resources in directory tree [/home/alessandro/Progetti/daf-replicate-ingestion/target/test-classes/it/teamDigitale/dafreplicateingestion]
15:48:33.124 [main] DEBUG org.springframework.core.io.support.PathMatchingResourcePatternResolver - Searching directory [/home/alessandro/Progetti/daf-replicate-ingestion/target/test-classes/it/teamDigitale/dafreplicateingestion] for files matching pattern [/home/alessandro/Progetti/daf-replicate-ingestion/target/test-classes/it/teamDigitale/dafreplicateingestion/*.class]
15:48:33.124 [main] DEBUG org.springframework.core.io.support.PathMatchingResourcePatternResolver - Looking for matching resources in directory tree [/home/alessandro/Progetti/daf-replicate-ingestion/target/classes/it/teamDigitale/dafreplicateingestion]
15:48:33.124 [main] DEBUG org.springframework.core.io.support.PathMatchingResourcePatternResolver - Searching directory [/home/alessandro/Progetti/daf-replicate-ingestion/target/classes/it/teamDigitale/dafreplicateingestion] for files matching pattern [/home/alessandro/Progetti/daf-replicate-ingestion/target/classes/it/teamDigitale/dafreplicateingestion/*.class]
15:48:33.125 [main] DEBUG org.springframework.core.io.support.PathMatchingResourcePatternResolver - Resolved location pattern [classpath*:it/teamDigitale/dafreplicateingestion/*.class] to resources [file [/home/alessandro/Progetti/daf-replicate-ingestion/target/test-classes/it/teamDigitale/dafreplicateingestion/DafReplicateIngestionApplicationTests.class], file [/home/alessandro/Progetti/daf-replicate-ingestion/target/classes/it/teamDigitale/dafreplicateingestion/DafReplicateIngestionApplication.class]]
15:48:33.158 [main] DEBUG org.springframework.context.annotation.ClassPathScanningCandidateComponentProvider - Identified candidate component class: file [/home/alessandro/Progetti/daf-replicate-ingestion/target/classes/it/teamDigitale/dafreplicateingestion/DafReplicateIngestionApplication.class]
15:48:33.159 [main] INFO org.springframework.boot.test.context.SpringBootTestContextBootstrapper - Found @SpringBootConfiguration it.teamDigitale.dafreplicateingestion.DafReplicateIngestionApplication for test class it.teamDigitale.dafreplicateingestion.converter.ParkingConverterImplTest
15:48:33.162 [main] DEBUG org.springframework.boot.test.context.SpringBootTestContextBootstrapper - @TestExecutionListeners is not present for class [it.teamDigitale.dafreplicateingestion.converter.ParkingConverterImplTest]: using defaults.
15:48:33.172 [main] INFO org.springframework.boot.test.context.SpringBootTestContextBootstrapper - Loaded default TestExecutionListener class names from location [META-INF/spring.factories]: [org.springframework.boot.test.mock.mockito.MockitoTestExecutionListener, org.springframework.boot.test.mock.mockito.ResetMocksTestExecutionListener, org.springframework.boot.test.autoconfigure.restdocs.RestDocsTestExecutionListener, org.springframework.boot.test.autoconfigure.web.client.MockRestServiceServerResetTestExecutionListener, org.springframework.boot.test.autoconfigure.web.servlet.MockMvcPrintOnlyOnFailureTestExecutionListener, org.springframework.boot.test.autoconfigure.web.servlet.WebDriverTestExecutionListener, org.springframework.test.context.web.ServletTestExecutionListener, org.springframework.test.context.support.DirtiesContextBeforeModesTestExecutionListener, org.springframework.test.context.support.DependencyInjectionTestExecutionListener, org.springframework.test.context.support.DirtiesContextTestExecutionListener, org.springframework.test.context.transaction.TransactionalTestExecutionListener, org.springframework.test.context.jdbc.SqlScriptsTestExecutionListener]
15:48:33.180 [main] INFO org.springframework.boot.test.context.SpringBootTestContextBootstrapper - Could not instantiate TestExecutionListener [org.springframework.test.context.web.ServletTestExecutionListener]. Specify custom listener classes or make the default listener classes (and their required dependencies) available. Offending class: [javax/servlet/ServletContext]
15:48:33.181 [main] INFO org.springframework.boot.test.context.SpringBootTestContextBootstrapper - Could not instantiate TestExecutionListener [org.springframework.test.context.jdbc.SqlScriptsTestExecutionListener]. Specify custom listener classes or make the default listener classes (and their required dependencies) available. Offending class: [org/springframework/transaction/interceptor/TransactionAttribute]
15:48:33.183 [main] INFO org.springframework.boot.test.context.SpringBootTestContextBootstrapper - Could not instantiate TestExecutionListener [org.springframework.test.context.transaction.TransactionalTestExecutionListener]. Specify custom listener classes or make the default listener classes (and their required dependencies) available. Offending class: [org/springframework/transaction/TransactionDefinition]
15:48:33.184 [main] INFO org.springframework.boot.test.context.SpringBootTestContextBootstrapper - Using TestExecutionListeners: [org.springframework.test.context.support.DirtiesContextBeforeModesTestExecutionListener@2473b9ce, org.springframework.boot.test.autoconfigure.SpringBootDependencyInjectionTestExecutionListener@60438a68, org.springframework.test.context.support.DirtiesContextTestExecutionListener@140e5a13, org.springframework.boot.test.mock.mockito.MockitoTestExecutionListener@3439f68d, org.springframework.boot.test.autoconfigure.web.servlet.WebDriverTestExecutionListener@dbd940d, org.springframework.boot.test.autoconfigure.restdocs.RestDocsTestExecutionListener@71d15f18, org.springframework.boot.test.autoconfigure.web.client.MockRestServiceServerResetTestExecutionListener@17695df3, org.springframework.boot.test.mock.mockito.ResetMocksTestExecutionListener@6c9f5c0d, org.springframework.boot.test.autoconfigure.web.servlet.MockMvcPrintOnlyOnFailureTestExecutionListener@de3a06f]
15:48:33.184 [main] DEBUG org.springframework.test.context.junit4.SpringJUnit4ClassRunner - SpringJUnit4ClassRunner constructor called with [class it.teamDigitale.dafreplicateingestion.km4cityclient.Km4CitySearchServiceApiTest]
15:48:33.185 [main] DEBUG org.springframework.test.context.BootstrapUtils - Instantiating CacheAwareContextLoaderDelegate from class [org.springframework.test.context.cache.DefaultCacheAwareContextLoaderDelegate]
15:48:33.185 [main] DEBUG org.springframework.test.context.BootstrapUtils - Instantiating BootstrapContext using constructor [public org.springframework.test.context.support.DefaultBootstrapContext(java.lang.Class,org.springframework.test.context.CacheAwareContextLoaderDelegate)]
15:48:33.189 [main] DEBUG org.springframework.test.context.BootstrapUtils - Instantiating TestContextBootstrapper for test class [it.teamDigitale.dafreplicateingestion.km4cityclient.Km4CitySearchServiceApiTest] from class [org.springframework.boot.test.context.SpringBootTestContextBootstrapper]
15:48:33.191 [main] INFO org.springframework.boot.test.context.SpringBootTestContextBootstrapper - Neither @ContextConfiguration nor @ContextHierarchy found for test class [it.teamDigitale.dafreplicateingestion.km4cityclient.Km4CitySearchServiceApiTest], using SpringBootContextLoader
15:48:33.192 [main] DEBUG org.springframework.test.context.support.AbstractContextLoader - Did not detect default resource location for test class [it.teamDigitale.dafreplicateingestion.km4cityclient.Km4CitySearchServiceApiTest]: class path resource [it/teamDigitale/dafreplicateingestion/km4cityclient/Km4CitySearchServiceApiTest-context.xml] does not exist
15:48:33.195 [main] DEBUG org.springframework.test.context.support.AbstractContextLoader - Did not detect default resource location for test class [it.teamDigitale.dafreplicateingestion.km4cityclient.Km4CitySearchServiceApiTest]: class path resource [it/teamDigitale/dafreplicateingestion/km4cityclient/Km4CitySearchServiceApiTestContext.groovy] does not exist
15:48:33.195 [main] INFO org.springframework.test.context.support.AbstractContextLoader - Could not detect default resource locations for test class [it.teamDigitale.dafreplicateingestion.km4cityclient.Km4CitySearchServiceApiTest]: no resource found for suffixes {-context.xml, Context.groovy}.
15:48:33.195 [main] INFO org.springframework.test.context.support.AnnotationConfigContextLoaderUtils - Could not detect default configuration classes for test class [it.teamDigitale.dafreplicateingestion.km4cityclient.Km4CitySearchServiceApiTest]: Km4CitySearchServiceApiTest does not declare any static, non-private, non-final, nested classes annotated with @Configuration.
15:48:33.200 [main] DEBUG org.springframework.test.context.support.ActiveProfilesUtils - Could not find an 'annotation declaring class' for annotation type [org.springframework.test.context.ActiveProfiles] and class [it.teamDigitale.dafreplicateingestion.km4cityclient.Km4CitySearchServiceApiTest]
15:48:33.205 [main] DEBUG org.springframework.core.env.StandardEnvironment - Adding PropertySource 'systemProperties' with lowest search precedence
15:48:33.205 [main] DEBUG org.springframework.core.env.StandardEnvironment - Adding PropertySource 'systemEnvironment' with lowest search precedence
15:48:33.206 [main] DEBUG org.springframework.core.env.StandardEnvironment - Initialized StandardEnvironment with PropertySources [MapPropertySource@867398280 {name='systemProperties', properties={java.runtime.name=OpenJDK Runtime Environment, sun.boot.library.path=/usr/lib/jvm/java-8-openjdk-amd64/jre/lib/amd64, java.vm.version=25.141-b15, java.vm.vendor=Oracle Corporation, java.vendor.url=http://java.oracle.com/, path.separator=:, java.vm.name=OpenJDK 64-Bit Server VM, file.encoding.pkg=sun.io, user.country=IT, sun.java.launcher=SUN_STANDARD, sun.os.patch.level=unknown, java.vm.specification.name=Java Virtual Machine Specification, user.dir=/home/alessandro/Progetti/daf-replicate-ingestion, java.runtime.version=1.8.0_141-8u141-b15-1~deb9u1-b15, basedir=/home/alessandro/Progetti/daf-replicate-ingestion, java.awt.graphicsenv=sun.awt.X11GraphicsEnvironment, java.endorsed.dirs=/usr/lib/jvm/java-8-openjdk-amd64/jre/lib/endorsed, os.arch=amd64, surefire.real.class.path=/home/alessandro/Progetti/daf-replicate-ingestion/target/surefire/surefirebooter9220323798958312304.jar, java.io.tmpdir=/tmp, line.separator=
, java.vm.specification.vendor=Oracle Corporation, os.name=Linux, sun.jnu.encoding=UTF-8, java.library.path=/usr/java/packages/lib/amd64:/usr/lib/x86_64-linux-gnu/jni:/lib/x86_64-linux-gnu:/usr/lib/x86_64-linux-gnu:/usr/lib/jni:/lib:/usr/lib, surefire.test.class.path=/home/alessandro/Progetti/daf-replicate-ingestion/target/test-classes:/home/alessandro/Progetti/daf-replicate-ingestion/target/classes:/home/alessandro/.m2/repository/org/springframework/kafka/spring-kafka/1.1.6.RELEASE/spring-kafka-1.1.6.RELEASE.jar:/home/alessandro/.m2/repository/org/springframework/spring-messaging/4.3.11.RELEASE/spring-messaging-4.3.11.RELEASE.jar:/home/alessandro/.m2/repository/org/springframework/retry/spring-retry/1.2.1.RELEASE/spring-retry-1.2.1.RELEASE.jar:/home/alessandro/.m2/repository/org/apache/kafka/kafka-clients/0.10.1.1/kafka-clients-0.10.1.1.jar:/home/alessandro/.m2/repository/net/jpountz/lz4/lz4/1.3.0/lz4-1.3.0.jar:/home/alessandro/.m2/repository/org/springframework/boot/spring-boot-starter/1.5.7.RELEASE/spring-boot-starter-1.5.7.RELEASE.jar:/home/alessandro/.m2/repository/org/springframework/boot/spring-boot/1.5.7.RELEASE/spring-boot-1.5.7.RELEASE.jar:/home/alessandro/.m2/repository/org/springframework/boot/spring-boot-autoconfigure/1.5.7.RELEASE/spring-boot-autoconfigure-1.5.7.RELEASE.jar:/home/alessandro/.m2/repository/org/springframework/boot/spring-boot-starter-logging/1.5.7.RELEASE/spring-boot-starter-logging-1.5.7.RELEASE.jar:/home/alessandro/.m2/repository/ch/qos/logback/logback-classic/1.1.11/logback-classic-1.1.11.jar:/home/alessandro/.m2/repository/ch/qos/logback/logback-core/1.1.11/logback-core-1.1.11.jar:/home/alessandro/.m2/repository/org/slf4j/jcl-over-slf4j/1.7.25/jcl-over-slf4j-1.7.25.jar:/home/alessandro/.m2/repository/org/slf4j/jul-to-slf4j/1.7.25/jul-to-slf4j-1.7.25.jar:/home/alessandro/.m2/repository/org/slf4j/log4j-over-slf4j/1.7.25/log4j-over-slf4j-1.7.25.jar:/home/alessandro/.m2/repository/org/springframework/spring-core/4.3.11.RELEASE/spring-core-4.3.11.RELEASE.jar:/home/alessandro/.m2/repository/org/yaml/snakeyaml/1.17/snakeyaml-1.17.jar:/home/alessandro/.m2/repository/org/springframework/spring-web/4.3.11.RELEASE/spring-web-4.3.11.RELEASE.jar:/home/alessandro/.m2/repository/org/springframework/spring-aop/4.3.11.RELEASE/spring-aop-4.3.11.RELEASE.jar:/home/alessandro/.m2/repository/org/springframework/spring-beans/4.3.11.RELEASE/spring-beans-4.3.11.RELEASE.jar:/home/alessandro/.m2/repository/org/springframework/spring-context/4.3.11.RELEASE/spring-context-4.3.11.RELEASE.jar:/home/alessandro/.m2/repository/org/springframework/spring-expression/4.3.11.RELEASE/spring-expression-4.3.11.RELEASE.jar:/home/alessandro/.m2/repository/org/apache/avro/avro/1.8.2/avro-1.8.2.jar:/home/alessandro/.m2/repository/org/codehaus/jackson/jackson-core-asl/1.9.13/jackson-core-asl-1.9.13.jar:/home/alessandro/.m2/repository/org/codehaus/jackson/jackson-mapper-asl/1.9.13/jackson-mapper-asl-1.9.13.jar:/home/alessandro/.m2/repository/com/thoughtworks/paranamer/paranamer/2.7/paranamer-2.7.jar:/home/alessandro/.m2/repository/org/xerial/snappy/snappy-java/1.1.1.3/snappy-java-1.1.1.3.jar:/home/alessandro/.m2/repository/org/apache/commons/commons-compress/1.8.1/commons-compress-1.8.1.jar:/home/alessandro/.m2/repository/org/tukaani/xz/1.5/xz-1.5.jar:/home/alessandro/.m2/repository/org/slf4j/slf4j-api/1.7.25/slf4j-api-1.7.25.jar:/home/alessandro/.m2/repository/com/fasterxml/jackson/dataformat/jackson-dataformat-avro/2.8.10/jackson-dataformat-avro-2.8.10.jar:/home/alessandro/.m2/repository/com/fasterxml/jackson/core/jackson-databind/2.8.10/jackson-databind-2.8.10.jar:/home/alessandro/.m2/repository/com/fasterxml/jackson/core/jackson-annotations/2.8.0/jackson-annotations-2.8.0.jar:/home/alessandro/.m2/repository/com/fasterxml/jackson/core/jackson-core/2.8.10/jackson-core-2.8.10.jar:/home/alessandro/.m2/repository/org/springframework/boot/spring-boot-starter-test/1.5.7.RELEASE/spring-boot-starter-test-1.5.7.RELEASE.jar:/home/alessandro/.m2/repository/org/springframework/boot/spring-boot-test/1.5.7.RELEASE/spring-boot-test-1.5.7.RELEASE.jar:/home/alessandro/.m2/repository/org/springframework/boot/spring-boot-test-autoconfigure/1.5.7.RELEASE/spring-boot-test-autoconfigure-1.5.7.RELEASE.jar:/home/alessandro/.m2/repository/com/jayway/jsonpath/json-path/2.2.0/json-path-2.2.0.jar:/home/alessandro/.m2/repository/net/minidev/json-smart/2.2.1/json-smart-2.2.1.jar:/home/alessandro/.m2/repository/net/minidev/accessors-smart/1.1/accessors-smart-1.1.jar:/home/alessandro/.m2/repository/org/ow2/asm/asm/5.0.3/asm-5.0.3.jar:/home/alessandro/.m2/repository/junit/junit/4.12/junit-4.12.jar:/home/alessandro/.m2/repository/org/assertj/assertj-core/2.6.0/assertj-core-2.6.0.jar:/home/alessandro/.m2/repository/org/mockito/mockito-core/1.10.19/mockito-core-1.10.19.jar:/home/alessandro/.m2/repository/org/objenesis/objenesis/2.1/objenesis-2.1.jar:/home/alessandro/.m2/repository/org/hamcrest/hamcrest-core/1.3/hamcrest-core-1.3.jar:/home/alessandro/.m2/repository/org/hamcrest/hamcrest-library/1.3/hamcrest-library-1.3.jar:/home/alessandro/.m2/repository/org/skyscreamer/jsonassert/1.4.0/jsonassert-1.4.0.jar:/home/alessandro/.m2/repository/com/vaadin/external/google/android-json/0.0.20131108.vaadin1/android-json-0.0.20131108.vaadin1.jar:/home/alessandro/.m2/repository/org/springframework/spring-test/4.3.11.RELEASE/spring-test-4.3.11.RELEASE.jar:/home/alessandro/.m2/repository/org/springframework/kafka/spring-kafka-test/1.1.6.RELEASE/spring-kafka-test-1.1.6.RELEASE.jar:/home/alessandro/.m2/repository/org/apache/kafka/kafka-clients/0.10.1.1/kafka-clients-0.10.1.1-test.jar:/home/alessandro/.m2/repository/org/apache/kafka/kafka_2.11/0.10.1.1/kafka_2.11-0.10.1.1.jar:/home/alessandro/.m2/repository/net/sf/jopt-simple/jopt-simple/4.9/jopt-simple-4.9.jar:/home/alessandro/.m2/repository/com/yammer/metrics/metrics-core/2.2.0/metrics-core-2.2.0.jar:/home/alessandro/.m2/repository/org/scala-lang/scala-library/2.11.8/scala-library-2.11.8.jar:/home/alessandro/.m2/repository/com/101tec/zkclient/0.9/zkclient-0.9.jar:/home/alessandro/.m2/repository/log4j/log4j/1.2.15/log4j-1.2.15.jar:/home/alessandro/.m2/repository/javax/mail/mail/1.4/mail-1.4.jar:/home/alessandro/.m2/repository/javax/activation/activation/1.1/activation-1.1.jar:/home/alessandro/.m2/repository/org/apache/zookeeper/zookeeper/3.4.8/zookeeper-3.4.8.jar:/home/alessandro/.m2/repository/jline/jline/0.9.94/jline-0.9.94.jar:/home/alessandro/.m2/repository/io/netty/netty/3.7.0.Final/netty-3.7.0.Final.jar:/home/alessandro/.m2/repository/org/scala-lang/modules/scala-parser-combinators_2.11/1.0.4/scala-parser-combinators_2.11-1.0.4.jar:/home/alessandro/.m2/repository/org/apache/kafka/kafka_2.11/0.10.1.1/kafka_2.11-0.10.1.1-test.jar:/home/alessandro/.m2/repository/org/json/json/20140107/json-20140107.jar:, java.specification.name=Java Platform API Specification, java.class.version=52.0, sun.management.compiler=HotSpot 64-Bit Tiered Compilers, os.version=4.9.0-3-amd64, user.home=/home/alessandro, user.timezone=Europe/Rome, java.awt.printerjob=sun.print.PSPrinterJob, file.encoding=UTF-8, java.specification.version=1.8, java.class.path=/home/alessandro/Progetti/daf-replicate-ingestion/target/test-classes:/home/alessandro/Progetti/daf-replicate-ingestion/target/classes:/home/alessandro/.m2/repository/org/springframework/kafka/spring-kafka/1.1.6.RELEASE/spring-kafka-1.1.6.RELEASE.jar:/home/alessandro/.m2/repository/org/springframework/spring-messaging/4.3.11.RELEASE/spring-messaging-4.3.11.RELEASE.jar:/home/alessandro/.m2/repository/org/springframework/retry/spring-retry/1.2.1.RELEASE/spring-retry-1.2.1.RELEASE.jar:/home/alessandro/.m2/repository/org/apache/kafka/kafka-clients/0.10.1.1/kafka-clients-0.10.1.1.jar:/home/alessandro/.m2/repository/net/jpountz/lz4/lz4/1.3.0/lz4-1.3.0.jar:/home/alessandro/.m2/repository/org/springframework/boot/spring-boot-starter/1.5.7.RELEASE/spring-boot-starter-1.5.7.RELEASE.jar:/home/alessandro/.m2/repository/org/springframework/boot/spring-boot/1.5.7.RELEASE/spring-boot-1.5.7.RELEASE.jar:/home/alessandro/.m2/repository/org/springframework/boot/spring-boot-autoconfigure/1.5.7.RELEASE/spring-boot-autoconfigure-1.5.7.RELEASE.jar:/home/alessandro/.m2/repository/org/springframework/boot/spring-boot-starter-logging/1.5.7.RELEASE/spring-boot-starter-logging-1.5.7.RELEASE.jar:/home/alessandro/.m2/repository/ch/qos/logback/logback-classic/1.1.11/logback-classic-1.1.11.jar:/home/alessandro/.m2/repository/ch/qos/logback/logback-core/1.1.11/logback-core-1.1.11.jar:/home/alessandro/.m2/repository/org/slf4j/jcl-over-slf4j/1.7.25/jcl-over-slf4j-1.7.25.jar:/home/alessandro/.m2/repository/org/slf4j/jul-to-slf4j/1.7.25/jul-to-slf4j-1.7.25.jar:/home/alessandro/.m2/repository/org/slf4j/log4j-over-slf4j/1.7.25/log4j-over-slf4j-1.7.25.jar:/home/alessandro/.m2/repository/org/springframework/spring-core/4.3.11.RELEASE/spring-core-4.3.11.RELEASE.jar:/home/alessandro/.m2/repository/org/yaml/snakeyaml/1.17/snakeyaml-1.17.jar:/home/alessandro/.m2/repository/org/springframework/spring-web/4.3.11.RELEASE/spring-web-4.3.11.RELEASE.jar:/home/alessandro/.m2/repository/org/springframework/spring-aop/4.3.11.RELEASE/spring-aop-4.3.11.RELEASE.jar:/home/alessandro/.m2/repository/org/springframework/spring-beans/4.3.11.RELEASE/spring-beans-4.3.11.RELEASE.jar:/home/alessandro/.m2/repository/org/springframework/spring-context/4.3.11.RELEASE/spring-context-4.3.11.RELEASE.jar:/home/alessandro/.m2/repository/org/springframework/spring-expression/4.3.11.RELEASE/spring-expression-4.3.11.RELEASE.jar:/home/alessandro/.m2/repository/org/apache/avro/avro/1.8.2/avro-1.8.2.jar:/home/alessandro/.m2/repository/org/codehaus/jackson/jackson-core-asl/1.9.13/jackson-core-asl-1.9.13.jar:/home/alessandro/.m2/repository/org/codehaus/jackson/jackson-mapper-asl/1.9.13/jackson-mapper-asl-1.9.13.jar:/home/alessandro/.m2/repository/com/thoughtworks/paranamer/paranamer/2.7/paranamer-2.7.jar:/home/alessandro/.m2/repository/org/xerial/snappy/snappy-java/1.1.1.3/snappy-java-1.1.1.3.jar:/home/alessandro/.m2/repository/org/apache/commons/commons-compress/1.8.1/commons-compress-1.8.1.jar:/home/alessandro/.m2/repository/org/tukaani/xz/1.5/xz-1.5.jar:/home/alessandro/.m2/repository/org/slf4j/slf4j-api/1.7.25/slf4j-api-1.7.25.jar:/home/alessandro/.m2/repository/com/fasterxml/jackson/dataformat/jackson-dataformat-avro/2.8.10/jackson-dataformat-avro-2.8.10.jar:/home/alessandro/.m2/repository/com/fasterxml/jackson/core/jackson-databind/2.8.10/jackson-databind-2.8.10.jar:/home/alessandro/.m2/repository/com/fasterxml/jackson/core/jackson-annotations/2.8.0/jackson-annotations-2.8.0.jar:/home/alessandro/.m2/repository/com/fasterxml/jackson/core/jackson-core/2.8.10/jackson-core-2.8.10.jar:/home/alessandro/.m2/repository/org/springframework/boot/spring-boot-starter-test/1.5.7.RELEASE/spring-boot-starter-test-1.5.7.RELEASE.jar:/home/alessandro/.m2/repository/org/springframework/boot/spring-boot-test/1.5.7.RELEASE/spring-boot-test-1.5.7.RELEASE.jar:/home/alessandro/.m2/repository/org/springframework/boot/spring-boot-test-autoconfigure/1.5.7.RELEASE/spring-boot-test-autoconfigure-1.5.7.RELEASE.jar:/home/alessandro/.m2/repository/com/jayway/jsonpath/json-path/2.2.0/json-path-2.2.0.jar:/home/alessandro/.m2/repository/net/minidev/json-smart/2.2.1/json-smart-2.2.1.jar:/home/alessandro/.m2/repository/net/minidev/accessors-smart/1.1/accessors-smart-1.1.jar:/home/alessandro/.m2/repository/org/ow2/asm/asm/5.0.3/asm-5.0.3.jar:/home/alessandro/.m2/repository/junit/junit/4.12/junit-4.12.jar:/home/alessandro/.m2/repository/org/assertj/assertj-core/2.6.0/assertj-core-2.6.0.jar:/home/alessandro/.m2/repository/org/mockito/mockito-core/1.10.19/mockito-core-1.10.19.jar:/home/alessandro/.m2/repository/org/objenesis/objenesis/2.1/objenesis-2.1.jar:/home/alessandro/.m2/repository/org/hamcrest/hamcrest-core/1.3/hamcrest-core-1.3.jar:/home/alessandro/.m2/repository/org/hamcrest/hamcrest-library/1.3/hamcrest-library-1.3.jar:/home/alessandro/.m2/repository/org/skyscreamer/jsonassert/1.4.0/jsonassert-1.4.0.jar:/home/alessandro/.m2/repository/com/vaadin/external/google/android-json/0.0.20131108.vaadin1/android-json-0.0.20131108.vaadin1.jar:/home/alessandro/.m2/repository/org/springframework/spring-test/4.3.11.RELEASE/spring-test-4.3.11.RELEASE.jar:/home/alessandro/.m2/repository/org/springframework/kafka/spring-kafka-test/1.1.6.RELEASE/spring-kafka-test-1.1.6.RELEASE.jar:/home/alessandro/.m2/repository/org/apache/kafka/kafka-clients/0.10.1.1/kafka-clients-0.10.1.1-test.jar:/home/alessandro/.m2/repository/org/apache/kafka/kafka_2.11/0.10.1.1/kafka_2.11-0.10.1.1.jar:/home/alessandro/.m2/repository/net/sf/jopt-simple/jopt-simple/4.9/jopt-simple-4.9.jar:/home/alessandro/.m2/repository/com/yammer/metrics/metrics-core/2.2.0/metrics-core-2.2.0.jar:/home/alessandro/.m2/repository/org/scala-lang/scala-library/2.11.8/scala-library-2.11.8.jar:/home/alessandro/.m2/repository/com/101tec/zkclient/0.9/zkclient-0.9.jar:/home/alessandro/.m2/repository/log4j/log4j/1.2.15/log4j-1.2.15.jar:/home/alessandro/.m2/repository/javax/mail/mail/1.4/mail-1.4.jar:/home/alessandro/.m2/repository/javax/activation/activation/1.1/activation-1.1.jar:/home/alessandro/.m2/repository/org/apache/zookeeper/zookeeper/3.4.8/zookeeper-3.4.8.jar:/home/alessandro/.m2/repository/jline/jline/0.9.94/jline-0.9.94.jar:/home/alessandro/.m2/repository/io/netty/netty/3.7.0.Final/netty-3.7.0.Final.jar:/home/alessandro/.m2/repository/org/scala-lang/modules/scala-parser-combinators_2.11/1.0.4/scala-parser-combinators_2.11-1.0.4.jar:/home/alessandro/.m2/repository/org/apache/kafka/kafka_2.11/0.10.1.1/kafka_2.11-0.10.1.1-test.jar:/home/alessandro/.m2/repository/org/json/json/20140107/json-20140107.jar:, user.name=alessandro, java.vm.specification.version=1.8, sun.java.command=/home/alessandro/Progetti/daf-replicate-ingestion/target/surefire/surefirebooter9220323798958312304.jar /home/alessandro/Progetti/daf-replicate-ingestion/target/surefire/surefire2816881390240257616tmp /home/alessandro/Progetti/daf-replicate-ingestion/target/surefire/surefire_05646091727510663907tmp, java.home=/usr/lib/jvm/java-8-openjdk-amd64/jre, sun.arch.data.model=64, user.language=it, java.specification.vendor=Oracle Corporation, awt.toolkit=sun.awt.X11.XToolkit, java.vm.info=mixed mode, java.version=1.8.0_141, java.ext.dirs=/usr/lib/jvm/java-8-openjdk-amd64/jre/lib/ext:/usr/java/packages/lib/ext, sun.boot.class.path=/usr/lib/jvm/java-8-openjdk-amd64/jre/lib/resources.jar:/usr/lib/jvm/java-8-openjdk-amd64/jre/lib/rt.jar:/usr/lib/jvm/java-8-openjdk-amd64/jre/lib/sunrsasign.jar:/usr/lib/jvm/java-8-openjdk-amd64/jre/lib/jsse.jar:/usr/lib/jvm/java-8-openjdk-amd64/jre/lib/jce.jar:/usr/lib/jvm/java-8-openjdk-amd64/jre/lib/charsets.jar:/usr/lib/jvm/java-8-openjdk-amd64/jre/lib/jfr.jar:/usr/lib/jvm/java-8-openjdk-amd64/jre/classes, java.vendor=Oracle Corporation, localRepository=/home/alessandro/.m2/repository, file.separator=/, java.vendor.url.bug=http://bugreport.sun.com/bugreport/, sun.io.unicode.encoding=UnicodeLittle, sun.cpu.endian=little, sun.cpu.isalist=}}, SystemEnvironmentPropertySource@2007331442 {name='systemEnvironment', properties={PATH=/usr/local/bin:/usr/bin:/bin:/usr/local/games:/usr/games:/opt/Android/platform-tools:/opt/Android/tools, XAUTHORITY=/home/alessandro/.Xauthority, OXYGEN_DISABLE_INNER_SHADOWS_HACK=1, XDG_DATA_DIRS=/usr/share:/usr/share:/usr/local/share, KDE_SESSION_UID=1000, LANG=it_IT.UTF-8, DBUS_SESSION_BUS_ADDRESS=unix:abstract=/tmp/dbus-SW92g62nHr,guid=b063c0d1dedb686ff7f441d659d9e43c, XDG_SEAT_PATH=/org/freedesktop/DisplayManager/Seat0, XDG_SESSION_ID=3, XDG_SESSION_TYPE=x11, ANDROID_HOME=/opt/Android/, XDG_CURRENT_DESKTOP=KDE, DISPLAY=:0, QT_AUTO_SCREEN_SCALE_FACTOR=0, SSH_AGENT_PID=1298, SESSION_MANAGER=local/alessandro:@/tmp/.ICE-unix/1367,unix/alessandro:/tmp/.ICE-unix/1367, QT_LINUX_ACCESSIBILITY_ALWAYS_ON=1, LOGNAME=alessandro, PWD=/home/alessandro/Progetti/daf-replicate-ingestion, PAM_KWALLET5_LOGIN=/tmp/kwallet5_alessandro.socket, NODE_PATH=/usr/lib/nodejs:/usr/lib/node_modules:/usr/share/javascript, XCURSOR_THEME=breeze_cursors, XDG_SESSION_CLASS=user, LANGUAGE=, KDE_SESSION_VERSION=5, SHELL=/bin/bash, LIBOVERLAY_SCROLLBAR=0, GPG_AGENT_INFO=/run/user/1000/gnupg/S.gpg-agent:0:1, GDK_CORE_DEVICE_EVENTS=1, DESKTOP_SESSION=/usr/share/xsessions/plasma, OLDPWD=/home/alessandro/Progetti/daf-replicate-ingestion, USER=alessandro, KDE_FULL_SESSION=true, QT_ACCESSIBILITY=1, SSH_AUTH_SOCK=/tmp/ssh-JpV1d3fRdHWu/agent.1238, GTK_MODULES=gail:atk-bridge, XDG_SEAT=seat0, GDK_SCALE=1, GS_LIB=/home/alessandro/.fonts, XDG_SESSION_PATH=/org/freedesktop/DisplayManager/Session1, QMLSCENE_DEVICE=, QSG_RENDER_LOOP=, XDG_VTNR=7, XDG_SESSION_DESKTOP=KDE, XDG_RUNTIME_DIR=/run/user/1000, HOME=/home/alessandro, SHLVL=0}}]
15:48:33.210 [main] DEBUG org.springframework.core.io.support.PathMatchingResourcePatternResolver - Resolved classpath location [it/teamDigitale/dafreplicateingestion/km4cityclient/] to resources [URL [file:/home/alessandro/Progetti/daf-replicate-ingestion/target/test-classes/it/teamDigitale/dafreplicateingestion/km4cityclient/], URL [file:/home/alessandro/Progetti/daf-replicate-ingestion/target/classes/it/teamDigitale/dafreplicateingestion/km4cityclient/]]
15:48:33.211 [main] DEBUG org.springframework.core.io.support.PathMatchingResourcePatternResolver - Looking for matching resources in directory tree [/home/alessandro/Progetti/daf-replicate-ingestion/target/test-classes/it/teamDigitale/dafreplicateingestion/km4cityclient]
15:48:33.211 [main] DEBUG org.springframework.core.io.support.PathMatchingResourcePatternResolver - Searching directory [/home/alessandro/Progetti/daf-replicate-ingestion/target/test-classes/it/teamDigitale/dafreplicateingestion/km4cityclient] for files matching pattern [/home/alessandro/Progetti/daf-replicate-ingestion/target/test-classes/it/teamDigitale/dafreplicateingestion/km4cityclient/*.class]
15:48:33.212 [main] DEBUG org.springframework.core.io.support.PathMatchingResourcePatternResolver - Looking for matching resources in directory tree [/home/alessandro/Progetti/daf-replicate-ingestion/target/classes/it/teamDigitale/dafreplicateingestion/km4cityclient]
15:48:33.215 [main] DEBUG org.springframework.core.io.support.PathMatchingResourcePatternResolver - Searching directory [/home/alessandro/Progetti/daf-replicate-ingestion/target/classes/it/teamDigitale/dafreplicateingestion/km4cityclient] for files matching pattern [/home/alessandro/Progetti/daf-replicate-ingestion/target/classes/it/teamDigitale/dafreplicateingestion/km4cityclient/*.class]
15:48:33.216 [main] DEBUG org.springframework.core.io.support.PathMatchingResourcePatternResolver - Resolved location pattern [classpath*:it/teamDigitale/dafreplicateingestion/km4cityclient/*.class] to resources [file [/home/alessandro/Progetti/daf-replicate-ingestion/target/test-classes/it/teamDigitale/dafreplicateingestion/km4cityclient/Km4CitySearchServiceApiTest.class], file [/home/alessandro/Progetti/daf-replicate-ingestion/target/test-classes/it/teamDigitale/dafreplicateingestion/km4cityclient/Km4CityServiceApiTest$Config.class], file [/home/alessandro/Progetti/daf-replicate-ingestion/target/test-classes/it/teamDigitale/dafreplicateingestion/km4cityclient/Km4CityServiceApiTest$Km4CityServiceApiTestContextConfiguration.class], file [/home/alessandro/Progetti/daf-replicate-ingestion/target/test-classes/it/teamDigitale/dafreplicateingestion/km4cityclient/Km4CityServiceApiTest.class], file [/home/alessandro/Progetti/daf-replicate-ingestion/target/classes/it/teamDigitale/dafreplicateingestion/km4cityclient/AbstractKm4CityApiRestClient.class], file [/home/alessandro/Progetti/daf-replicate-ingestion/target/classes/it/teamDigitale/dafreplicateingestion/km4cityclient/Km4CitySearchServiceApi.class], file [/home/alessandro/Progetti/daf-replicate-ingestion/target/classes/it/teamDigitale/dafreplicateingestion/km4cityclient/Km4CityServiceApi.class]]
15:48:33.229 [main] DEBUG org.springframework.core.io.support.PathMatchingResourcePatternResolver - Resolved classpath location [it/teamDigitale/dafreplicateingestion/] to resources [URL [file:/home/alessandro/Progetti/daf-replicate-ingestion/target/test-classes/it/teamDigitale/dafreplicateingestion/], URL [file:/home/alessandro/Progetti/daf-replicate-ingestion/target/classes/it/teamDigitale/dafreplicateingestion/]]
15:48:33.229 [main] DEBUG org.springframework.core.io.support.PathMatchingResourcePatternResolver - Looking for matching resources in directory tree [/home/alessandro/Progetti/daf-replicate-ingestion/target/test-classes/it/teamDigitale/dafreplicateingestion]
15:48:33.230 [main] DEBUG org.springframework.core.io.support.PathMatchingResourcePatternResolver - Searching directory [/home/alessandro/Progetti/daf-replicate-ingestion/target/test-classes/it/teamDigitale/dafreplicateingestion] for files matching pattern [/home/alessandro/Progetti/daf-replicate-ingestion/target/test-classes/it/teamDigitale/dafreplicateingestion/*.class]
15:48:33.230 [main] DEBUG org.springframework.core.io.support.PathMatchingResourcePatternResolver - Looking for matching resources in directory tree [/home/alessandro/Progetti/daf-replicate-ingestion/target/classes/it/teamDigitale/dafreplicateingestion]
15:48:33.230 [main] DEBUG org.springframework.core.io.support.PathMatchingResourcePatternResolver - Searching directory [/home/alessandro/Progetti/daf-replicate-ingestion/target/classes/it/teamDigitale/dafreplicateingestion] for files matching pattern [/home/alessandro/Progetti/daf-replicate-ingestion/target/classes/it/teamDigitale/dafreplicateingestion/*.class]
15:48:33.231 [main] DEBUG org.springframework.core.io.support.PathMatchingResourcePatternResolver - Resolved location pattern [classpath*:it/teamDigitale/dafreplicateingestion/*.class] to resources [file [/home/alessandro/Progetti/daf-replicate-ingestion/target/test-classes/it/teamDigitale/dafreplicateingestion/DafReplicateIngestionApplicationTests.class], file [/home/alessandro/Progetti/daf-replicate-ingestion/target/classes/it/teamDigitale/dafreplicateingestion/DafReplicateIngestionApplication.class]]
15:48:33.233 [main] DEBUG org.springframework.context.annotation.ClassPathScanningCandidateComponentProvider - Identified candidate component class: file [/home/alessandro/Progetti/daf-replicate-ingestion/target/classes/it/teamDigitale/dafreplicateingestion/DafReplicateIngestionApplication.class]
15:48:33.234 [main] INFO org.springframework.boot.test.context.SpringBootTestContextBootstrapper - Found @SpringBootConfiguration it.teamDigitale.dafreplicateingestion.DafReplicateIngestionApplication for test class it.teamDigitale.dafreplicateingestion.km4cityclient.Km4CitySearchServiceApiTest
15:48:33.237 [main] DEBUG org.springframework.boot.test.context.SpringBootTestContextBootstrapper - @TestExecutionListeners is not present for class [it.teamDigitale.dafreplicateingestion.km4cityclient.Km4CitySearchServiceApiTest]: using defaults.
15:48:33.239 [main] INFO org.springframework.boot.test.context.SpringBootTestContextBootstrapper - Loaded default TestExecutionListener class names from location [META-INF/spring.factories]: [org.springframework.boot.test.mock.mockito.MockitoTestExecutionListener, org.springframework.boot.test.mock.mockito.ResetMocksTestExecutionListener, org.springframework.boot.test.autoconfigure.restdocs.RestDocsTestExecutionListener, org.springframework.boot.test.autoconfigure.web.client.MockRestServiceServerResetTestExecutionListener, org.springframework.boot.test.autoconfigure.web.servlet.MockMvcPrintOnlyOnFailureTestExecutionListener, org.springframework.boot.test.autoconfigure.web.servlet.WebDriverTestExecutionListener, org.springframework.test.context.web.ServletTestExecutionListener, org.springframework.test.context.support.DirtiesContextBeforeModesTestExecutionListener, org.springframework.test.context.support.DependencyInjectionTestExecutionListener, org.springframework.test.context.support.DirtiesContextTestExecutionListener, org.springframework.test.context.transaction.TransactionalTestExecutionListener, org.springframework.test.context.jdbc.SqlScriptsTestExecutionListener]
15:48:33.242 [main] INFO org.springframework.boot.test.context.SpringBootTestContextBootstrapper - Could not instantiate TestExecutionListener [org.springframework.test.context.web.ServletTestExecutionListener]. Specify custom listener classes or make the default listener classes (and their required dependencies) available. Offending class: [javax/servlet/ServletContext]
15:48:33.244 [main] INFO org.springframework.boot.test.context.SpringBootTestContextBootstrapper - Could not instantiate TestExecutionListener [org.springframework.test.context.jdbc.SqlScriptsTestExecutionListener]. Specify custom listener classes or make the default listener classes (and their required dependencies) available. Offending class: [org/springframework/transaction/interceptor/TransactionAttribute]
15:48:33.246 [main] INFO org.springframework.boot.test.context.SpringBootTestContextBootstrapper - Could not instantiate TestExecutionListener [org.springframework.test.context.transaction.TransactionalTestExecutionListener]. Specify custom listener classes or make the default listener classes (and their required dependencies) available. Offending class: [org/springframework/transaction/TransactionDefinition]
15:48:33.247 [main] INFO org.springframework.boot.test.context.SpringBootTestContextBootstrapper - Using TestExecutionListeners: [org.springframework.test.context.support.DirtiesContextBeforeModesTestExecutionListener@3d3fcdb0, org.springframework.boot.test.autoconfigure.SpringBootDependencyInjectionTestExecutionListener@641147d0, org.springframework.test.context.support.DirtiesContextTestExecutionListener@6e38921c, org.springframework.boot.test.mock.mockito.MockitoTestExecutionListener@64d7f7e0, org.springframework.boot.test.autoconfigure.web.servlet.WebDriverTestExecutionListener@27c6e487, org.springframework.boot.test.autoconfigure.restdocs.RestDocsTestExecutionListener@49070868, org.springframework.boot.test.autoconfigure.web.client.MockRestServiceServerResetTestExecutionListener@6385cb26, org.springframework.boot.test.mock.mockito.ResetMocksTestExecutionListener@38364841, org.springframework.boot.test.autoconfigure.web.servlet.MockMvcPrintOnlyOnFailureTestExecutionListener@28c4711c]
15:48:33.249 [main] DEBUG org.springframework.test.context.junit4.SpringJUnit4ClassRunner - SpringJUnit4ClassRunner constructor called with [class it.teamDigitale.dafreplicateingestion.km4cityclient.Km4CityServiceApiTest]
15:48:33.250 [main] DEBUG org.springframework.test.context.BootstrapUtils - Instantiating CacheAwareContextLoaderDelegate from class [org.springframework.test.context.cache.DefaultCacheAwareContextLoaderDelegate]
15:48:33.251 [main] DEBUG org.springframework.test.context.BootstrapUtils - Instantiating BootstrapContext using constructor [public org.springframework.test.context.support.DefaultBootstrapContext(java.lang.Class,org.springframework.test.context.CacheAwareContextLoaderDelegate)]
15:48:33.251 [main] DEBUG org.springframework.test.context.BootstrapUtils - Instantiating TestContextBootstrapper for test class [it.teamDigitale.dafreplicateingestion.km4cityclient.Km4CityServiceApiTest] from class [org.springframework.boot.test.context.SpringBootTestContextBootstrapper]
15:48:33.252 [main] INFO org.springframework.boot.test.context.SpringBootTestContextBootstrapper - Neither @ContextConfiguration nor @ContextHierarchy found for test class [it.teamDigitale.dafreplicateingestion.km4cityclient.Km4CityServiceApiTest], using SpringBootContextLoader
15:48:33.254 [main] DEBUG org.springframework.test.context.support.AbstractContextLoader - Did not detect default resource location for test class [it.teamDigitale.dafreplicateingestion.km4cityclient.Km4CityServiceApiTest]: class path resource [it/teamDigitale/dafreplicateingestion/km4cityclient/Km4CityServiceApiTest-context.xml] does not exist
15:48:33.255 [main] DEBUG org.springframework.test.context.support.AbstractContextLoader - Did not detect default resource location for test class [it.teamDigitale.dafreplicateingestion.km4cityclient.Km4CityServiceApiTest]: class path resource [it/teamDigitale/dafreplicateingestion/km4cityclient/Km4CityServiceApiTestContext.groovy] does not exist
15:48:33.256 [main] INFO org.springframework.test.context.support.AbstractContextLoader - Could not detect default resource locations for test class [it.teamDigitale.dafreplicateingestion.km4cityclient.Km4CityServiceApiTest]: no resource found for suffixes {-context.xml, Context.groovy}.
15:48:33.267 [main] DEBUG org.springframework.test.context.support.ActiveProfilesUtils - Could not find an 'annotation declaring class' for annotation type [org.springframework.test.context.ActiveProfiles] and class [it.teamDigitale.dafreplicateingestion.km4cityclient.Km4CityServiceApiTest]
15:48:33.270 [main] DEBUG org.springframework.boot.test.context.SpringBootTestContextBootstrapper - @TestExecutionListeners is not present for class [it.teamDigitale.dafreplicateingestion.km4cityclient.Km4CityServiceApiTest]: using defaults.
15:48:33.272 [main] INFO org.springframework.boot.test.context.SpringBootTestContextBootstrapper - Loaded default TestExecutionListener class names from location [META-INF/spring.factories]: [org.springframework.boot.test.mock.mockito.MockitoTestExecutionListener, org.springframework.boot.test.mock.mockito.ResetMocksTestExecutionListener, org.springframework.boot.test.autoconfigure.restdocs.RestDocsTestExecutionListener, org.springframework.boot.test.autoconfigure.web.client.MockRestServiceServerResetTestExecutionListener, org.springframework.boot.test.autoconfigure.web.servlet.MockMvcPrintOnlyOnFailureTestExecutionListener, org.springframework.boot.test.autoconfigure.web.servlet.WebDriverTestExecutionListener, org.springframework.test.context.web.ServletTestExecutionListener, org.springframework.test.context.support.DirtiesContextBeforeModesTestExecutionListener, org.springframework.test.context.support.DependencyInjectionTestExecutionListener, org.springframework.test.context.support.DirtiesContextTestExecutionListener, org.springframework.test.context.transaction.TransactionalTestExecutionListener, org.springframework.test.context.jdbc.SqlScriptsTestExecutionListener]
15:48:33.274 [main] INFO org.springframework.boot.test.context.SpringBootTestContextBootstrapper - Could not instantiate TestExecutionListener [org.springframework.test.context.web.ServletTestExecutionListener]. Specify custom listener classes or make the default listener classes (and their required dependencies) available. Offending class: [javax/servlet/ServletContext]
15:48:33.275 [main] INFO org.springframework.boot.test.context.SpringBootTestContextBootstrapper - Could not instantiate TestExecutionListener [org.springframework.test.context.jdbc.SqlScriptsTestExecutionListener]. Specify custom listener classes or make the default listener classes (and their required dependencies) available. Offending class: [org/springframework/transaction/interceptor/TransactionAttribute]
15:48:33.276 [main] INFO org.springframework.boot.test.context.SpringBootTestContextBootstrapper - Could not instantiate TestExecutionListener [org.springframework.test.context.transaction.TransactionalTestExecutionListener]. Specify custom listener classes or make the default listener classes (and their required dependencies) available. Offending class: [org/springframework/transaction/TransactionDefinition]
15:48:33.277 [main] INFO org.springframework.boot.test.context.SpringBootTestContextBootstrapper - Using TestExecutionListeners: [org.springframework.test.context.support.DirtiesContextBeforeModesTestExecutionListener@6279cee3, org.springframework.boot.test.autoconfigure.SpringBootDependencyInjectionTestExecutionListener@4206a205, org.springframework.test.context.support.DirtiesContextTestExecutionListener@29ba4338, org.springframework.boot.test.mock.mockito.MockitoTestExecutionListener@57175e74, org.springframework.boot.test.autoconfigure.web.servlet.WebDriverTestExecutionListener@7bb58ca3, org.springframework.boot.test.autoconfigure.restdocs.RestDocsTestExecutionListener@c540f5a, org.springframework.boot.test.autoconfigure.web.client.MockRestServiceServerResetTestExecutionListener@770c2e6b, org.springframework.boot.test.mock.mockito.ResetMocksTestExecutionListener@1a052a00, org.springframework.boot.test.autoconfigure.web.servlet.MockMvcPrintOnlyOnFailureTestExecutionListener@4d826d77]
15:48:33.283 [main] DEBUG org.springframework.test.context.junit4.SpringJUnit4ClassRunner - SpringJUnit4ClassRunner constructor called with [class it.teamDigitale.dafreplicateingestion.producer.SenderTest]
15:48:33.284 [main] DEBUG org.springframework.test.context.BootstrapUtils - Instantiating CacheAwareContextLoaderDelegate from class [org.springframework.test.context.cache.DefaultCacheAwareContextLoaderDelegate]
15:48:33.285 [main] DEBUG org.springframework.test.context.BootstrapUtils - Instantiating BootstrapContext using constructor [public org.springframework.test.context.support.DefaultBootstrapContext(java.lang.Class,org.springframework.test.context.CacheAwareContextLoaderDelegate)]
15:48:33.285 [main] DEBUG org.springframework.test.context.BootstrapUtils - Instantiating TestContextBootstrapper for test class [it.teamDigitale.dafreplicateingestion.producer.SenderTest] from class [org.springframework.boot.test.context.SpringBootTestContextBootstrapper]
15:48:33.286 [main] INFO org.springframework.boot.test.context.SpringBootTestContextBootstrapper - Neither @ContextConfiguration nor @ContextHierarchy found for test class [it.teamDigitale.dafreplicateingestion.producer.SenderTest], using SpringBootContextLoader
15:48:33.287 [main] DEBUG org.springframework.test.context.support.AbstractContextLoader - Did not detect default resource location for test class [it.teamDigitale.dafreplicateingestion.producer.SenderTest]: class path resource [it/teamDigitale/dafreplicateingestion/producer/SenderTest-context.xml] does not exist
15:48:33.287 [main] DEBUG org.springframework.test.context.support.AbstractContextLoader - Did not detect default resource location for test class [it.teamDigitale.dafreplicateingestion.producer.SenderTest]: class path resource [it/teamDigitale/dafreplicateingestion/producer/SenderTestContext.groovy] does not exist
15:48:33.288 [main] INFO org.springframework.test.context.support.AbstractContextLoader - Could not detect default resource locations for test class [it.teamDigitale.dafreplicateingestion.producer.SenderTest]: no resource found for suffixes {-context.xml, Context.groovy}.
15:48:33.288 [main] INFO org.springframework.test.context.support.AnnotationConfigContextLoaderUtils - Could not detect default configuration classes for test class [it.teamDigitale.dafreplicateingestion.producer.SenderTest]: SenderTest does not declare any static, non-private, non-final, nested classes annotated with @Configuration.
15:48:33.291 [main] DEBUG org.springframework.test.context.support.ActiveProfilesUtils - Could not find an 'annotation declaring class' for annotation type [org.springframework.test.context.ActiveProfiles] and class [it.teamDigitale.dafreplicateingestion.producer.SenderTest]
15:48:33.292 [main] DEBUG org.springframework.core.env.StandardEnvironment - Adding PropertySource 'systemProperties' with lowest search precedence
15:48:33.292 [main] DEBUG org.springframework.core.env.StandardEnvironment - Adding PropertySource 'systemEnvironment' with lowest search precedence
15:48:33.293 [main] DEBUG org.springframework.core.env.StandardEnvironment - Initialized StandardEnvironment with PropertySources [MapPropertySource@726950788 {name='systemProperties', properties={java.runtime.name=OpenJDK Runtime Environment, sun.boot.library.path=/usr/lib/jvm/java-8-openjdk-amd64/jre/lib/amd64, java.vm.version=25.141-b15, java.vm.vendor=Oracle Corporation, java.vendor.url=http://java.oracle.com/, path.separator=:, java.vm.name=OpenJDK 64-Bit Server VM, file.encoding.pkg=sun.io, user.country=IT, sun.java.launcher=SUN_STANDARD, sun.os.patch.level=unknown, java.vm.specification.name=Java Virtual Machine Specification, user.dir=/home/alessandro/Progetti/daf-replicate-ingestion, java.runtime.version=1.8.0_141-8u141-b15-1~deb9u1-b15, basedir=/home/alessandro/Progetti/daf-replicate-ingestion, java.awt.graphicsenv=sun.awt.X11GraphicsEnvironment, java.endorsed.dirs=/usr/lib/jvm/java-8-openjdk-amd64/jre/lib/endorsed, os.arch=amd64, surefire.real.class.path=/home/alessandro/Progetti/daf-replicate-ingestion/target/surefire/surefirebooter9220323798958312304.jar, java.io.tmpdir=/tmp, line.separator=
, java.vm.specification.vendor=Oracle Corporation, os.name=Linux, sun.jnu.encoding=UTF-8, java.library.path=/usr/java/packages/lib/amd64:/usr/lib/x86_64-linux-gnu/jni:/lib/x86_64-linux-gnu:/usr/lib/x86_64-linux-gnu:/usr/lib/jni:/lib:/usr/lib, surefire.test.class.path=/home/alessandro/Progetti/daf-replicate-ingestion/target/test-classes:/home/alessandro/Progetti/daf-replicate-ingestion/target/classes:/home/alessandro/.m2/repository/org/springframework/kafka/spring-kafka/1.1.6.RELEASE/spring-kafka-1.1.6.RELEASE.jar:/home/alessandro/.m2/repository/org/springframework/spring-messaging/4.3.11.RELEASE/spring-messaging-4.3.11.RELEASE.jar:/home/alessandro/.m2/repository/org/springframework/retry/spring-retry/1.2.1.RELEASE/spring-retry-1.2.1.RELEASE.jar:/home/alessandro/.m2/repository/org/apache/kafka/kafka-clients/0.10.1.1/kafka-clients-0.10.1.1.jar:/home/alessandro/.m2/repository/net/jpountz/lz4/lz4/1.3.0/lz4-1.3.0.jar:/home/alessandro/.m2/repository/org/springframework/boot/spring-boot-starter/1.5.7.RELEASE/spring-boot-starter-1.5.7.RELEASE.jar:/home/alessandro/.m2/repository/org/springframework/boot/spring-boot/1.5.7.RELEASE/spring-boot-1.5.7.RELEASE.jar:/home/alessandro/.m2/repository/org/springframework/boot/spring-boot-autoconfigure/1.5.7.RELEASE/spring-boot-autoconfigure-1.5.7.RELEASE.jar:/home/alessandro/.m2/repository/org/springframework/boot/spring-boot-starter-logging/1.5.7.RELEASE/spring-boot-starter-logging-1.5.7.RELEASE.jar:/home/alessandro/.m2/repository/ch/qos/logback/logback-classic/1.1.11/logback-classic-1.1.11.jar:/home/alessandro/.m2/repository/ch/qos/logback/logback-core/1.1.11/logback-core-1.1.11.jar:/home/alessandro/.m2/repository/org/slf4j/jcl-over-slf4j/1.7.25/jcl-over-slf4j-1.7.25.jar:/home/alessandro/.m2/repository/org/slf4j/jul-to-slf4j/1.7.25/jul-to-slf4j-1.7.25.jar:/home/alessandro/.m2/repository/org/slf4j/log4j-over-slf4j/1.7.25/log4j-over-slf4j-1.7.25.jar:/home/alessandro/.m2/repository/org/springframework/spring-core/4.3.11.RELEASE/spring-core-4.3.11.RELEASE.jar:/home/alessandro/.m2/repository/org/yaml/snakeyaml/1.17/snakeyaml-1.17.jar:/home/alessandro/.m2/repository/org/springframework/spring-web/4.3.11.RELEASE/spring-web-4.3.11.RELEASE.jar:/home/alessandro/.m2/repository/org/springframework/spring-aop/4.3.11.RELEASE/spring-aop-4.3.11.RELEASE.jar:/home/alessandro/.m2/repository/org/springframework/spring-beans/4.3.11.RELEASE/spring-beans-4.3.11.RELEASE.jar:/home/alessandro/.m2/repository/org/springframework/spring-context/4.3.11.RELEASE/spring-context-4.3.11.RELEASE.jar:/home/alessandro/.m2/repository/org/springframework/spring-expression/4.3.11.RELEASE/spring-expression-4.3.11.RELEASE.jar:/home/alessandro/.m2/repository/org/apache/avro/avro/1.8.2/avro-1.8.2.jar:/home/alessandro/.m2/repository/org/codehaus/jackson/jackson-core-asl/1.9.13/jackson-core-asl-1.9.13.jar:/home/alessandro/.m2/repository/org/codehaus/jackson/jackson-mapper-asl/1.9.13/jackson-mapper-asl-1.9.13.jar:/home/alessandro/.m2/repository/com/thoughtworks/paranamer/paranamer/2.7/paranamer-2.7.jar:/home/alessandro/.m2/repository/org/xerial/snappy/snappy-java/1.1.1.3/snappy-java-1.1.1.3.jar:/home/alessandro/.m2/repository/org/apache/commons/commons-compress/1.8.1/commons-compress-1.8.1.jar:/home/alessandro/.m2/repository/org/tukaani/xz/1.5/xz-1.5.jar:/home/alessandro/.m2/repository/org/slf4j/slf4j-api/1.7.25/slf4j-api-1.7.25.jar:/home/alessandro/.m2/repository/com/fasterxml/jackson/dataformat/jackson-dataformat-avro/2.8.10/jackson-dataformat-avro-2.8.10.jar:/home/alessandro/.m2/repository/com/fasterxml/jackson/core/jackson-databind/2.8.10/jackson-databind-2.8.10.jar:/home/alessandro/.m2/repository/com/fasterxml/jackson/core/jackson-annotations/2.8.0/jackson-annotations-2.8.0.jar:/home/alessandro/.m2/repository/com/fasterxml/jackson/core/jackson-core/2.8.10/jackson-core-2.8.10.jar:/home/alessandro/.m2/repository/org/springframework/boot/spring-boot-starter-test/1.5.7.RELEASE/spring-boot-starter-test-1.5.7.RELEASE.jar:/home/alessandro/.m2/repository/org/springframework/boot/spring-boot-test/1.5.7.RELEASE/spring-boot-test-1.5.7.RELEASE.jar:/home/alessandro/.m2/repository/org/springframework/boot/spring-boot-test-autoconfigure/1.5.7.RELEASE/spring-boot-test-autoconfigure-1.5.7.RELEASE.jar:/home/alessandro/.m2/repository/com/jayway/jsonpath/json-path/2.2.0/json-path-2.2.0.jar:/home/alessandro/.m2/repository/net/minidev/json-smart/2.2.1/json-smart-2.2.1.jar:/home/alessandro/.m2/repository/net/minidev/accessors-smart/1.1/accessors-smart-1.1.jar:/home/alessandro/.m2/repository/org/ow2/asm/asm/5.0.3/asm-5.0.3.jar:/home/alessandro/.m2/repository/junit/junit/4.12/junit-4.12.jar:/home/alessandro/.m2/repository/org/assertj/assertj-core/2.6.0/assertj-core-2.6.0.jar:/home/alessandro/.m2/repository/org/mockito/mockito-core/1.10.19/mockito-core-1.10.19.jar:/home/alessandro/.m2/repository/org/objenesis/objenesis/2.1/objenesis-2.1.jar:/home/alessandro/.m2/repository/org/hamcrest/hamcrest-core/1.3/hamcrest-core-1.3.jar:/home/alessandro/.m2/repository/org/hamcrest/hamcrest-library/1.3/hamcrest-library-1.3.jar:/home/alessandro/.m2/repository/org/skyscreamer/jsonassert/1.4.0/jsonassert-1.4.0.jar:/home/alessandro/.m2/repository/com/vaadin/external/google/android-json/0.0.20131108.vaadin1/android-json-0.0.20131108.vaadin1.jar:/home/alessandro/.m2/repository/org/springframework/spring-test/4.3.11.RELEASE/spring-test-4.3.11.RELEASE.jar:/home/alessandro/.m2/repository/org/springframework/kafka/spring-kafka-test/1.1.6.RELEASE/spring-kafka-test-1.1.6.RELEASE.jar:/home/alessandro/.m2/repository/org/apache/kafka/kafka-clients/0.10.1.1/kafka-clients-0.10.1.1-test.jar:/home/alessandro/.m2/repository/org/apache/kafka/kafka_2.11/0.10.1.1/kafka_2.11-0.10.1.1.jar:/home/alessandro/.m2/repository/net/sf/jopt-simple/jopt-simple/4.9/jopt-simple-4.9.jar:/home/alessandro/.m2/repository/com/yammer/metrics/metrics-core/2.2.0/metrics-core-2.2.0.jar:/home/alessandro/.m2/repository/org/scala-lang/scala-library/2.11.8/scala-library-2.11.8.jar:/home/alessandro/.m2/repository/com/101tec/zkclient/0.9/zkclient-0.9.jar:/home/alessandro/.m2/repository/log4j/log4j/1.2.15/log4j-1.2.15.jar:/home/alessandro/.m2/repository/javax/mail/mail/1.4/mail-1.4.jar:/home/alessandro/.m2/repository/javax/activation/activation/1.1/activation-1.1.jar:/home/alessandro/.m2/repository/org/apache/zookeeper/zookeeper/3.4.8/zookeeper-3.4.8.jar:/home/alessandro/.m2/repository/jline/jline/0.9.94/jline-0.9.94.jar:/home/alessandro/.m2/repository/io/netty/netty/3.7.0.Final/netty-3.7.0.Final.jar:/home/alessandro/.m2/repository/org/scala-lang/modules/scala-parser-combinators_2.11/1.0.4/scala-parser-combinators_2.11-1.0.4.jar:/home/alessandro/.m2/repository/org/apache/kafka/kafka_2.11/0.10.1.1/kafka_2.11-0.10.1.1-test.jar:/home/alessandro/.m2/repository/org/json/json/20140107/json-20140107.jar:, java.specification.name=Java Platform API Specification, java.class.version=52.0, sun.management.compiler=HotSpot 64-Bit Tiered Compilers, os.version=4.9.0-3-amd64, user.home=/home/alessandro, user.timezone=Europe/Rome, java.awt.printerjob=sun.print.PSPrinterJob, file.encoding=UTF-8, java.specification.version=1.8, java.class.path=/home/alessandro/Progetti/daf-replicate-ingestion/target/test-classes:/home/alessandro/Progetti/daf-replicate-ingestion/target/classes:/home/alessandro/.m2/repository/org/springframework/kafka/spring-kafka/1.1.6.RELEASE/spring-kafka-1.1.6.RELEASE.jar:/home/alessandro/.m2/repository/org/springframework/spring-messaging/4.3.11.RELEASE/spring-messaging-4.3.11.RELEASE.jar:/home/alessandro/.m2/repository/org/springframework/retry/spring-retry/1.2.1.RELEASE/spring-retry-1.2.1.RELEASE.jar:/home/alessandro/.m2/repository/org/apache/kafka/kafka-clients/0.10.1.1/kafka-clients-0.10.1.1.jar:/home/alessandro/.m2/repository/net/jpountz/lz4/lz4/1.3.0/lz4-1.3.0.jar:/home/alessandro/.m2/repository/org/springframework/boot/spring-boot-starter/1.5.7.RELEASE/spring-boot-starter-1.5.7.RELEASE.jar:/home/alessandro/.m2/repository/org/springframework/boot/spring-boot/1.5.7.RELEASE/spring-boot-1.5.7.RELEASE.jar:/home/alessandro/.m2/repository/org/springframework/boot/spring-boot-autoconfigure/1.5.7.RELEASE/spring-boot-autoconfigure-1.5.7.RELEASE.jar:/home/alessandro/.m2/repository/org/springframework/boot/spring-boot-starter-logging/1.5.7.RELEASE/spring-boot-starter-logging-1.5.7.RELEASE.jar:/home/alessandro/.m2/repository/ch/qos/logback/logback-classic/1.1.11/logback-classic-1.1.11.jar:/home/alessandro/.m2/repository/ch/qos/logback/logback-core/1.1.11/logback-core-1.1.11.jar:/home/alessandro/.m2/repository/org/slf4j/jcl-over-slf4j/1.7.25/jcl-over-slf4j-1.7.25.jar:/home/alessandro/.m2/repository/org/slf4j/jul-to-slf4j/1.7.25/jul-to-slf4j-1.7.25.jar:/home/alessandro/.m2/repository/org/slf4j/log4j-over-slf4j/1.7.25/log4j-over-slf4j-1.7.25.jar:/home/alessandro/.m2/repository/org/springframework/spring-core/4.3.11.RELEASE/spring-core-4.3.11.RELEASE.jar:/home/alessandro/.m2/repository/org/yaml/snakeyaml/1.17/snakeyaml-1.17.jar:/home/alessandro/.m2/repository/org/springframework/spring-web/4.3.11.RELEASE/spring-web-4.3.11.RELEASE.jar:/home/alessandro/.m2/repository/org/springframework/spring-aop/4.3.11.RELEASE/spring-aop-4.3.11.RELEASE.jar:/home/alessandro/.m2/repository/org/springframework/spring-beans/4.3.11.RELEASE/spring-beans-4.3.11.RELEASE.jar:/home/alessandro/.m2/repository/org/springframework/spring-context/4.3.11.RELEASE/spring-context-4.3.11.RELEASE.jar:/home/alessandro/.m2/repository/org/springframework/spring-expression/4.3.11.RELEASE/spring-expression-4.3.11.RELEASE.jar:/home/alessandro/.m2/repository/org/apache/avro/avro/1.8.2/avro-1.8.2.jar:/home/alessandro/.m2/repository/org/codehaus/jackson/jackson-core-asl/1.9.13/jackson-core-asl-1.9.13.jar:/home/alessandro/.m2/repository/org/codehaus/jackson/jackson-mapper-asl/1.9.13/jackson-mapper-asl-1.9.13.jar:/home/alessandro/.m2/repository/com/thoughtworks/paranamer/paranamer/2.7/paranamer-2.7.jar:/home/alessandro/.m2/repository/org/xerial/snappy/snappy-java/1.1.1.3/snappy-java-1.1.1.3.jar:/home/alessandro/.m2/repository/org/apache/commons/commons-compress/1.8.1/commons-compress-1.8.1.jar:/home/alessandro/.m2/repository/org/tukaani/xz/1.5/xz-1.5.jar:/home/alessandro/.m2/repository/org/slf4j/slf4j-api/1.7.25/slf4j-api-1.7.25.jar:/home/alessandro/.m2/repository/com/fasterxml/jackson/dataformat/jackson-dataformat-avro/2.8.10/jackson-dataformat-avro-2.8.10.jar:/home/alessandro/.m2/repository/com/fasterxml/jackson/core/jackson-databind/2.8.10/jackson-databind-2.8.10.jar:/home/alessandro/.m2/repository/com/fasterxml/jackson/core/jackson-annotations/2.8.0/jackson-annotations-2.8.0.jar:/home/alessandro/.m2/repository/com/fasterxml/jackson/core/jackson-core/2.8.10/jackson-core-2.8.10.jar:/home/alessandro/.m2/repository/org/springframework/boot/spring-boot-starter-test/1.5.7.RELEASE/spring-boot-starter-test-1.5.7.RELEASE.jar:/home/alessandro/.m2/repository/org/springframework/boot/spring-boot-test/1.5.7.RELEASE/spring-boot-test-1.5.7.RELEASE.jar:/home/alessandro/.m2/repository/org/springframework/boot/spring-boot-test-autoconfigure/1.5.7.RELEASE/spring-boot-test-autoconfigure-1.5.7.RELEASE.jar:/home/alessandro/.m2/repository/com/jayway/jsonpath/json-path/2.2.0/json-path-2.2.0.jar:/home/alessandro/.m2/repository/net/minidev/json-smart/2.2.1/json-smart-2.2.1.jar:/home/alessandro/.m2/repository/net/minidev/accessors-smart/1.1/accessors-smart-1.1.jar:/home/alessandro/.m2/repository/org/ow2/asm/asm/5.0.3/asm-5.0.3.jar:/home/alessandro/.m2/repository/junit/junit/4.12/junit-4.12.jar:/home/alessandro/.m2/repository/org/assertj/assertj-core/2.6.0/assertj-core-2.6.0.jar:/home/alessandro/.m2/repository/org/mockito/mockito-core/1.10.19/mockito-core-1.10.19.jar:/home/alessandro/.m2/repository/org/objenesis/objenesis/2.1/objenesis-2.1.jar:/home/alessandro/.m2/repository/org/hamcrest/hamcrest-core/1.3/hamcrest-core-1.3.jar:/home/alessandro/.m2/repository/org/hamcrest/hamcrest-library/1.3/hamcrest-library-1.3.jar:/home/alessandro/.m2/repository/org/skyscreamer/jsonassert/1.4.0/jsonassert-1.4.0.jar:/home/alessandro/.m2/repository/com/vaadin/external/google/android-json/0.0.20131108.vaadin1/android-json-0.0.20131108.vaadin1.jar:/home/alessandro/.m2/repository/org/springframework/spring-test/4.3.11.RELEASE/spring-test-4.3.11.RELEASE.jar:/home/alessandro/.m2/repository/org/springframework/kafka/spring-kafka-test/1.1.6.RELEASE/spring-kafka-test-1.1.6.RELEASE.jar:/home/alessandro/.m2/repository/org/apache/kafka/kafka-clients/0.10.1.1/kafka-clients-0.10.1.1-test.jar:/home/alessandro/.m2/repository/org/apache/kafka/kafka_2.11/0.10.1.1/kafka_2.11-0.10.1.1.jar:/home/alessandro/.m2/repository/net/sf/jopt-simple/jopt-simple/4.9/jopt-simple-4.9.jar:/home/alessandro/.m2/repository/com/yammer/metrics/metrics-core/2.2.0/metrics-core-2.2.0.jar:/home/alessandro/.m2/repository/org/scala-lang/scala-library/2.11.8/scala-library-2.11.8.jar:/home/alessandro/.m2/repository/com/101tec/zkclient/0.9/zkclient-0.9.jar:/home/alessandro/.m2/repository/log4j/log4j/1.2.15/log4j-1.2.15.jar:/home/alessandro/.m2/repository/javax/mail/mail/1.4/mail-1.4.jar:/home/alessandro/.m2/repository/javax/activation/activation/1.1/activation-1.1.jar:/home/alessandro/.m2/repository/org/apache/zookeeper/zookeeper/3.4.8/zookeeper-3.4.8.jar:/home/alessandro/.m2/repository/jline/jline/0.9.94/jline-0.9.94.jar:/home/alessandro/.m2/repository/io/netty/netty/3.7.0.Final/netty-3.7.0.Final.jar:/home/alessandro/.m2/repository/org/scala-lang/modules/scala-parser-combinators_2.11/1.0.4/scala-parser-combinators_2.11-1.0.4.jar:/home/alessandro/.m2/repository/org/apache/kafka/kafka_2.11/0.10.1.1/kafka_2.11-0.10.1.1-test.jar:/home/alessandro/.m2/repository/org/json/json/20140107/json-20140107.jar:, user.name=alessandro, java.vm.specification.version=1.8, sun.java.command=/home/alessandro/Progetti/daf-replicate-ingestion/target/surefire/surefirebooter9220323798958312304.jar /home/alessandro/Progetti/daf-replicate-ingestion/target/surefire/surefire2816881390240257616tmp /home/alessandro/Progetti/daf-replicate-ingestion/target/surefire/surefire_05646091727510663907tmp, java.home=/usr/lib/jvm/java-8-openjdk-amd64/jre, sun.arch.data.model=64, user.language=it, java.specification.vendor=Oracle Corporation, awt.toolkit=sun.awt.X11.XToolkit, java.vm.info=mixed mode, java.version=1.8.0_141, java.ext.dirs=/usr/lib/jvm/java-8-openjdk-amd64/jre/lib/ext:/usr/java/packages/lib/ext, sun.boot.class.path=/usr/lib/jvm/java-8-openjdk-amd64/jre/lib/resources.jar:/usr/lib/jvm/java-8-openjdk-amd64/jre/lib/rt.jar:/usr/lib/jvm/java-8-openjdk-amd64/jre/lib/sunrsasign.jar:/usr/lib/jvm/java-8-openjdk-amd64/jre/lib/jsse.jar:/usr/lib/jvm/java-8-openjdk-amd64/jre/lib/jce.jar:/usr/lib/jvm/java-8-openjdk-amd64/jre/lib/charsets.jar:/usr/lib/jvm/java-8-openjdk-amd64/jre/lib/jfr.jar:/usr/lib/jvm/java-8-openjdk-amd64/jre/classes, java.vendor=Oracle Corporation, localRepository=/home/alessandro/.m2/repository, file.separator=/, java.vendor.url.bug=http://bugreport.sun.com/bugreport/, sun.io.unicode.encoding=UnicodeLittle, sun.cpu.endian=little, sun.cpu.isalist=}}, SystemEnvironmentPropertySource@1567885839 {name='systemEnvironment', properties={PATH=/usr/local/bin:/usr/bin:/bin:/usr/local/games:/usr/games:/opt/Android/platform-tools:/opt/Android/tools, XAUTHORITY=/home/alessandro/.Xauthority, OXYGEN_DISABLE_INNER_SHADOWS_HACK=1, XDG_DATA_DIRS=/usr/share:/usr/share:/usr/local/share, KDE_SESSION_UID=1000, LANG=it_IT.UTF-8, DBUS_SESSION_BUS_ADDRESS=unix:abstract=/tmp/dbus-SW92g62nHr,guid=b063c0d1dedb686ff7f441d659d9e43c, XDG_SEAT_PATH=/org/freedesktop/DisplayManager/Seat0, XDG_SESSION_ID=3, XDG_SESSION_TYPE=x11, ANDROID_HOME=/opt/Android/, XDG_CURRENT_DESKTOP=KDE, DISPLAY=:0, QT_AUTO_SCREEN_SCALE_FACTOR=0, SSH_AGENT_PID=1298, SESSION_MANAGER=local/alessandro:@/tmp/.ICE-unix/1367,unix/alessandro:/tmp/.ICE-unix/1367, QT_LINUX_ACCESSIBILITY_ALWAYS_ON=1, LOGNAME=alessandro, PWD=/home/alessandro/Progetti/daf-replicate-ingestion, PAM_KWALLET5_LOGIN=/tmp/kwallet5_alessandro.socket, NODE_PATH=/usr/lib/nodejs:/usr/lib/node_modules:/usr/share/javascript, XCURSOR_THEME=breeze_cursors, XDG_SESSION_CLASS=user, LANGUAGE=, KDE_SESSION_VERSION=5, SHELL=/bin/bash, LIBOVERLAY_SCROLLBAR=0, GPG_AGENT_INFO=/run/user/1000/gnupg/S.gpg-agent:0:1, GDK_CORE_DEVICE_EVENTS=1, DESKTOP_SESSION=/usr/share/xsessions/plasma, OLDPWD=/home/alessandro/Progetti/daf-replicate-ingestion, USER=alessandro, KDE_FULL_SESSION=true, QT_ACCESSIBILITY=1, SSH_AUTH_SOCK=/tmp/ssh-JpV1d3fRdHWu/agent.1238, GTK_MODULES=gail:atk-bridge, XDG_SEAT=seat0, GDK_SCALE=1, GS_LIB=/home/alessandro/.fonts, XDG_SESSION_PATH=/org/freedesktop/DisplayManager/Session1, QMLSCENE_DEVICE=, QSG_RENDER_LOOP=, XDG_VTNR=7, XDG_SESSION_DESKTOP=KDE, XDG_RUNTIME_DIR=/run/user/1000, HOME=/home/alessandro, SHLVL=0}}]
15:48:33.294 [main] DEBUG org.springframework.core.io.support.PathMatchingResourcePatternResolver - Resolved classpath location [it/teamDigitale/dafreplicateingestion/producer/] to resources [URL [file:/home/alessandro/Progetti/daf-replicate-ingestion/target/test-classes/it/teamDigitale/dafreplicateingestion/producer/], URL [file:/home/alessandro/Progetti/daf-replicate-ingestion/target/classes/it/teamDigitale/dafreplicateingestion/producer/]]
15:48:33.295 [main] DEBUG org.springframework.core.io.support.PathMatchingResourcePatternResolver - Looking for matching resources in directory tree [/home/alessandro/Progetti/daf-replicate-ingestion/target/test-classes/it/teamDigitale/dafreplicateingestion/producer]
15:48:33.295 [main] DEBUG org.springframework.core.io.support.PathMatchingResourcePatternResolver - Searching directory [/home/alessandro/Progetti/daf-replicate-ingestion/target/test-classes/it/teamDigitale/dafreplicateingestion/producer] for files matching pattern [/home/alessandro/Progetti/daf-replicate-ingestion/target/test-classes/it/teamDigitale/dafreplicateingestion/producer/*.class]
15:48:33.296 [main] DEBUG org.springframework.core.io.support.PathMatchingResourcePatternResolver - Looking for matching resources in directory tree [/home/alessandro/Progetti/daf-replicate-ingestion/target/classes/it/teamDigitale/dafreplicateingestion/producer]
15:48:33.296 [main] DEBUG org.springframework.core.io.support.PathMatchingResourcePatternResolver - Searching directory [/home/alessandro/Progetti/daf-replicate-ingestion/target/classes/it/teamDigitale/dafreplicateingestion/producer] for files matching pattern [/home/alessandro/Progetti/daf-replicate-ingestion/target/classes/it/teamDigitale/dafreplicateingestion/producer/*.class]
15:48:33.297 [main] DEBUG org.springframework.core.io.support.PathMatchingResourcePatternResolver - Resolved location pattern [classpath*:it/teamDigitale/dafreplicateingestion/producer/*.class] to resources [file [/home/alessandro/Progetti/daf-replicate-ingestion/target/test-classes/it/teamDigitale/dafreplicateingestion/producer/SenderTest.class], file [/home/alessandro/Progetti/daf-replicate-ingestion/target/classes/it/teamDigitale/dafreplicateingestion/producer/Sender.class], file [/home/alessandro/Progetti/daf-replicate-ingestion/target/classes/it/teamDigitale/dafreplicateingestion/producer/SenderConfig.class]]
15:48:33.300 [main] DEBUG org.springframework.core.io.support.PathMatchingResourcePatternResolver - Resolved classpath location [it/teamDigitale/dafreplicateingestion/] to resources [URL [file:/home/alessandro/Progetti/daf-replicate-ingestion/target/test-classes/it/teamDigitale/dafreplicateingestion/], URL [file:/home/alessandro/Progetti/daf-replicate-ingestion/target/classes/it/teamDigitale/dafreplicateingestion/]]
15:48:33.302 [main] DEBUG org.springframework.core.io.support.PathMatchingResourcePatternResolver - Looking for matching resources in directory tree [/home/alessandro/Progetti/daf-replicate-ingestion/target/test-classes/it/teamDigitale/dafreplicateingestion]
15:48:33.302 [main] DEBUG org.springframework.core.io.support.PathMatchingResourcePatternResolver - Searching directory [/home/alessandro/Progetti/daf-replicate-ingestion/target/test-classes/it/teamDigitale/dafreplicateingestion] for files matching pattern [/home/alessandro/Progetti/daf-replicate-ingestion/target/test-classes/it/teamDigitale/dafreplicateingestion/*.class]
15:48:33.302 [main] DEBUG org.springframework.core.io.support.PathMatchingResourcePatternResolver - Looking for matching resources in directory tree [/home/alessandro/Progetti/daf-replicate-ingestion/target/classes/it/teamDigitale/dafreplicateingestion]
15:48:33.302 [main] DEBUG org.springframework.core.io.support.PathMatchingResourcePatternResolver - Searching directory [/home/alessandro/Progetti/daf-replicate-ingestion/target/classes/it/teamDigitale/dafreplicateingestion] for files matching pattern [/home/alessandro/Progetti/daf-replicate-ingestion/target/classes/it/teamDigitale/dafreplicateingestion/*.class]
15:48:33.303 [main] DEBUG org.springframework.core.io.support.PathMatchingResourcePatternResolver - Resolved location pattern [classpath*:it/teamDigitale/dafreplicateingestion/*.class] to resources [file [/home/alessandro/Progetti/daf-replicate-ingestion/target/test-classes/it/teamDigitale/dafreplicateingestion/DafReplicateIngestionApplicationTests.class], file [/home/alessandro/Progetti/daf-replicate-ingestion/target/classes/it/teamDigitale/dafreplicateingestion/DafReplicateIngestionApplication.class]]
15:48:33.305 [main] DEBUG org.springframework.context.annotation.ClassPathScanningCandidateComponentProvider - Identified candidate component class: file [/home/alessandro/Progetti/daf-replicate-ingestion/target/classes/it/teamDigitale/dafreplicateingestion/DafReplicateIngestionApplication.class]
15:48:33.305 [main] INFO org.springframework.boot.test.context.SpringBootTestContextBootstrapper - Found @SpringBootConfiguration it.teamDigitale.dafreplicateingestion.DafReplicateIngestionApplication for test class it.teamDigitale.dafreplicateingestion.producer.SenderTest
15:48:33.309 [main] DEBUG org.springframework.boot.test.context.SpringBootTestContextBootstrapper - @TestExecutionListeners is not present for class [it.teamDigitale.dafreplicateingestion.producer.SenderTest]: using defaults.
15:48:33.314 [main] INFO org.springframework.boot.test.context.SpringBootTestContextBootstrapper - Loaded default TestExecutionListener class names from location [META-INF/spring.factories]: [org.springframework.boot.test.mock.mockito.MockitoTestExecutionListener, org.springframework.boot.test.mock.mockito.ResetMocksTestExecutionListener, org.springframework.boot.test.autoconfigure.restdocs.RestDocsTestExecutionListener, org.springframework.boot.test.autoconfigure.web.client.MockRestServiceServerResetTestExecutionListener, org.springframework.boot.test.autoconfigure.web.servlet.MockMvcPrintOnlyOnFailureTestExecutionListener, org.springframework.boot.test.autoconfigure.web.servlet.WebDriverTestExecutionListener, org.springframework.test.context.web.ServletTestExecutionListener, org.springframework.test.context.support.DirtiesContextBeforeModesTestExecutionListener, org.springframework.test.context.support.DependencyInjectionTestExecutionListener, org.springframework.test.context.support.DirtiesContextTestExecutionListener, org.springframework.test.context.transaction.TransactionalTestExecutionListener, org.springframework.test.context.jdbc.SqlScriptsTestExecutionListener]
15:48:33.317 [main] INFO org.springframework.boot.test.context.SpringBootTestContextBootstrapper - Could not instantiate TestExecutionListener [org.springframework.test.context.web.ServletTestExecutionListener]. Specify custom listener classes or make the default listener classes (and their required dependencies) available. Offending class: [javax/servlet/ServletContext]
15:48:33.318 [main] INFO org.springframework.boot.test.context.SpringBootTestContextBootstrapper - Could not instantiate TestExecutionListener [org.springframework.test.context.jdbc.SqlScriptsTestExecutionListener]. Specify custom listener classes or make the default listener classes (and their required dependencies) available. Offending class: [org/springframework/transaction/interceptor/TransactionAttribute]
15:48:33.319 [main] INFO org.springframework.boot.test.context.SpringBootTestContextBootstrapper - Could not instantiate TestExecutionListener [org.springframework.test.context.transaction.TransactionalTestExecutionListener]. Specify custom listener classes or make the default listener classes (and their required dependencies) available. Offending class: [org/springframework/transaction/TransactionDefinition]
15:48:33.320 [main] INFO org.springframework.boot.test.context.SpringBootTestContextBootstrapper - Using TestExecutionListeners: [org.springframework.test.context.support.DirtiesContextBeforeModesTestExecutionListener@78b1cc93, org.springframework.boot.test.autoconfigure.SpringBootDependencyInjectionTestExecutionListener@6646153, org.springframework.test.context.support.DirtiesContextTestExecutionListener@21507a04, org.springframework.boot.test.mock.mockito.MockitoTestExecutionListener@143640d5, org.springframework.boot.test.autoconfigure.web.servlet.WebDriverTestExecutionListener@6295d394, org.springframework.boot.test.autoconfigure.restdocs.RestDocsTestExecutionListener@475e586c, org.springframework.boot.test.autoconfigure.web.client.MockRestServiceServerResetTestExecutionListener@657c8ad9, org.springframework.boot.test.mock.mockito.ResetMocksTestExecutionListener@436a4e4b, org.springframework.boot.test.autoconfigure.web.servlet.MockMvcPrintOnlyOnFailureTestExecutionListener@f2f2cc1]
15:48:33.321 [main] DEBUG org.springframework.test.context.junit4.SpringJUnit4ClassRunner - SpringJUnit4ClassRunner constructor called with [class it.teamDigitale.dafreplicateingestion.DafReplicateIngestionApplicationTests]
15:48:33.321 [main] DEBUG org.springframework.test.context.BootstrapUtils - Instantiating CacheAwareContextLoaderDelegate from class [org.springframework.test.context.cache.DefaultCacheAwareContextLoaderDelegate]
15:48:33.321 [main] DEBUG org.springframework.test.context.BootstrapUtils - Instantiating BootstrapContext using constructor [public org.springframework.test.context.support.DefaultBootstrapContext(java.lang.Class,org.springframework.test.context.CacheAwareContextLoaderDelegate)]
15:48:33.322 [main] DEBUG org.springframework.test.context.BootstrapUtils - Instantiating TestContextBootstrapper for test class [it.teamDigitale.dafreplicateingestion.DafReplicateIngestionApplicationTests] from class [org.springframework.boot.test.context.SpringBootTestContextBootstrapper]
15:48:33.323 [main] INFO org.springframework.boot.test.context.SpringBootTestContextBootstrapper - Neither @ContextConfiguration nor @ContextHierarchy found for test class [it.teamDigitale.dafreplicateingestion.DafReplicateIngestionApplicationTests], using SpringBootContextLoader
15:48:33.323 [main] DEBUG org.springframework.test.context.support.AbstractContextLoader - Did not detect default resource location for test class [it.teamDigitale.dafreplicateingestion.DafReplicateIngestionApplicationTests]: class path resource [it/teamDigitale/dafreplicateingestion/DafReplicateIngestionApplicationTests-context.xml] does not exist
15:48:33.324 [main] DEBUG org.springframework.test.context.support.AbstractContextLoader - Did not detect default resource location for test class [it.teamDigitale.dafreplicateingestion.DafReplicateIngestionApplicationTests]: class path resource [it/teamDigitale/dafreplicateingestion/DafReplicateIngestionApplicationTestsContext.groovy] does not exist
15:48:33.324 [main] INFO org.springframework.test.context.support.AbstractContextLoader - Could not detect default resource locations for test class [it.teamDigitale.dafreplicateingestion.DafReplicateIngestionApplicationTests]: no resource found for suffixes {-context.xml, Context.groovy}.
15:48:33.325 [main] INFO org.springframework.test.context.support.AnnotationConfigContextLoaderUtils - Could not detect default configuration classes for test class [it.teamDigitale.dafreplicateingestion.DafReplicateIngestionApplicationTests]: DafReplicateIngestionApplicationTests does not declare any static, non-private, non-final, nested classes annotated with @Configuration.
15:48:33.327 [main] DEBUG org.springframework.test.context.support.ActiveProfilesUtils - Could not find an 'annotation declaring class' for annotation type [org.springframework.test.context.ActiveProfiles] and class [it.teamDigitale.dafreplicateingestion.DafReplicateIngestionApplicationTests]
15:48:33.328 [main] DEBUG org.springframework.core.env.StandardEnvironment - Adding PropertySource 'systemProperties' with lowest search precedence
15:48:33.328 [main] DEBUG org.springframework.core.env.StandardEnvironment - Adding PropertySource 'systemEnvironment' with lowest search precedence
15:48:33.328 [main] DEBUG org.springframework.core.env.StandardEnvironment - Initialized StandardEnvironment with PropertySources [MapPropertySource@1616974404 {name='systemProperties', properties={java.runtime.name=OpenJDK Runtime Environment, sun.boot.library.path=/usr/lib/jvm/java-8-openjdk-amd64/jre/lib/amd64, java.vm.version=25.141-b15, java.vm.vendor=Oracle Corporation, java.vendor.url=http://java.oracle.com/, path.separator=:, java.vm.name=OpenJDK 64-Bit Server VM, file.encoding.pkg=sun.io, user.country=IT, sun.java.launcher=SUN_STANDARD, sun.os.patch.level=unknown, java.vm.specification.name=Java Virtual Machine Specification, user.dir=/home/alessandro/Progetti/daf-replicate-ingestion, java.runtime.version=1.8.0_141-8u141-b15-1~deb9u1-b15, basedir=/home/alessandro/Progetti/daf-replicate-ingestion, java.awt.graphicsenv=sun.awt.X11GraphicsEnvironment, java.endorsed.dirs=/usr/lib/jvm/java-8-openjdk-amd64/jre/lib/endorsed, os.arch=amd64, surefire.real.class.path=/home/alessandro/Progetti/daf-replicate-ingestion/target/surefire/surefirebooter9220323798958312304.jar, java.io.tmpdir=/tmp, line.separator=
, java.vm.specification.vendor=Oracle Corporation, os.name=Linux, sun.jnu.encoding=UTF-8, java.library.path=/usr/java/packages/lib/amd64:/usr/lib/x86_64-linux-gnu/jni:/lib/x86_64-linux-gnu:/usr/lib/x86_64-linux-gnu:/usr/lib/jni:/lib:/usr/lib, surefire.test.class.path=/home/alessandro/Progetti/daf-replicate-ingestion/target/test-classes:/home/alessandro/Progetti/daf-replicate-ingestion/target/classes:/home/alessandro/.m2/repository/org/springframework/kafka/spring-kafka/1.1.6.RELEASE/spring-kafka-1.1.6.RELEASE.jar:/home/alessandro/.m2/repository/org/springframework/spring-messaging/4.3.11.RELEASE/spring-messaging-4.3.11.RELEASE.jar:/home/alessandro/.m2/repository/org/springframework/retry/spring-retry/1.2.1.RELEASE/spring-retry-1.2.1.RELEASE.jar:/home/alessandro/.m2/repository/org/apache/kafka/kafka-clients/0.10.1.1/kafka-clients-0.10.1.1.jar:/home/alessandro/.m2/repository/net/jpountz/lz4/lz4/1.3.0/lz4-1.3.0.jar:/home/alessandro/.m2/repository/org/springframework/boot/spring-boot-starter/1.5.7.RELEASE/spring-boot-starter-1.5.7.RELEASE.jar:/home/alessandro/.m2/repository/org/springframework/boot/spring-boot/1.5.7.RELEASE/spring-boot-1.5.7.RELEASE.jar:/home/alessandro/.m2/repository/org/springframework/boot/spring-boot-autoconfigure/1.5.7.RELEASE/spring-boot-autoconfigure-1.5.7.RELEASE.jar:/home/alessandro/.m2/repository/org/springframework/boot/spring-boot-starter-logging/1.5.7.RELEASE/spring-boot-starter-logging-1.5.7.RELEASE.jar:/home/alessandro/.m2/repository/ch/qos/logback/logback-classic/1.1.11/logback-classic-1.1.11.jar:/home/alessandro/.m2/repository/ch/qos/logback/logback-core/1.1.11/logback-core-1.1.11.jar:/home/alessandro/.m2/repository/org/slf4j/jcl-over-slf4j/1.7.25/jcl-over-slf4j-1.7.25.jar:/home/alessandro/.m2/repository/org/slf4j/jul-to-slf4j/1.7.25/jul-to-slf4j-1.7.25.jar:/home/alessandro/.m2/repository/org/slf4j/log4j-over-slf4j/1.7.25/log4j-over-slf4j-1.7.25.jar:/home/alessandro/.m2/repository/org/springframework/spring-core/4.3.11.RELEASE/spring-core-4.3.11.RELEASE.jar:/home/alessandro/.m2/repository/org/yaml/snakeyaml/1.17/snakeyaml-1.17.jar:/home/alessandro/.m2/repository/org/springframework/spring-web/4.3.11.RELEASE/spring-web-4.3.11.RELEASE.jar:/home/alessandro/.m2/repository/org/springframework/spring-aop/4.3.11.RELEASE/spring-aop-4.3.11.RELEASE.jar:/home/alessandro/.m2/repository/org/springframework/spring-beans/4.3.11.RELEASE/spring-beans-4.3.11.RELEASE.jar:/home/alessandro/.m2/repository/org/springframework/spring-context/4.3.11.RELEASE/spring-context-4.3.11.RELEASE.jar:/home/alessandro/.m2/repository/org/springframework/spring-expression/4.3.11.RELEASE/spring-expression-4.3.11.RELEASE.jar:/home/alessandro/.m2/repository/org/apache/avro/avro/1.8.2/avro-1.8.2.jar:/home/alessandro/.m2/repository/org/codehaus/jackson/jackson-core-asl/1.9.13/jackson-core-asl-1.9.13.jar:/home/alessandro/.m2/repository/org/codehaus/jackson/jackson-mapper-asl/1.9.13/jackson-mapper-asl-1.9.13.jar:/home/alessandro/.m2/repository/com/thoughtworks/paranamer/paranamer/2.7/paranamer-2.7.jar:/home/alessandro/.m2/repository/org/xerial/snappy/snappy-java/1.1.1.3/snappy-java-1.1.1.3.jar:/home/alessandro/.m2/repository/org/apache/commons/commons-compress/1.8.1/commons-compress-1.8.1.jar:/home/alessandro/.m2/repository/org/tukaani/xz/1.5/xz-1.5.jar:/home/alessandro/.m2/repository/org/slf4j/slf4j-api/1.7.25/slf4j-api-1.7.25.jar:/home/alessandro/.m2/repository/com/fasterxml/jackson/dataformat/jackson-dataformat-avro/2.8.10/jackson-dataformat-avro-2.8.10.jar:/home/alessandro/.m2/repository/com/fasterxml/jackson/core/jackson-databind/2.8.10/jackson-databind-2.8.10.jar:/home/alessandro/.m2/repository/com/fasterxml/jackson/core/jackson-annotations/2.8.0/jackson-annotations-2.8.0.jar:/home/alessandro/.m2/repository/com/fasterxml/jackson/core/jackson-core/2.8.10/jackson-core-2.8.10.jar:/home/alessandro/.m2/repository/org/springframework/boot/spring-boot-starter-test/1.5.7.RELEASE/spring-boot-starter-test-1.5.7.RELEASE.jar:/home/alessandro/.m2/repository/org/springframework/boot/spring-boot-test/1.5.7.RELEASE/spring-boot-test-1.5.7.RELEASE.jar:/home/alessandro/.m2/repository/org/springframework/boot/spring-boot-test-autoconfigure/1.5.7.RELEASE/spring-boot-test-autoconfigure-1.5.7.RELEASE.jar:/home/alessandro/.m2/repository/com/jayway/jsonpath/json-path/2.2.0/json-path-2.2.0.jar:/home/alessandro/.m2/repository/net/minidev/json-smart/2.2.1/json-smart-2.2.1.jar:/home/alessandro/.m2/repository/net/minidev/accessors-smart/1.1/accessors-smart-1.1.jar:/home/alessandro/.m2/repository/org/ow2/asm/asm/5.0.3/asm-5.0.3.jar:/home/alessandro/.m2/repository/junit/junit/4.12/junit-4.12.jar:/home/alessandro/.m2/repository/org/assertj/assertj-core/2.6.0/assertj-core-2.6.0.jar:/home/alessandro/.m2/repository/org/mockito/mockito-core/1.10.19/mockito-core-1.10.19.jar:/home/alessandro/.m2/repository/org/objenesis/objenesis/2.1/objenesis-2.1.jar:/home/alessandro/.m2/repository/org/hamcrest/hamcrest-core/1.3/hamcrest-core-1.3.jar:/home/alessandro/.m2/repository/org/hamcrest/hamcrest-library/1.3/hamcrest-library-1.3.jar:/home/alessandro/.m2/repository/org/skyscreamer/jsonassert/1.4.0/jsonassert-1.4.0.jar:/home/alessandro/.m2/repository/com/vaadin/external/google/android-json/0.0.20131108.vaadin1/android-json-0.0.20131108.vaadin1.jar:/home/alessandro/.m2/repository/org/springframework/spring-test/4.3.11.RELEASE/spring-test-4.3.11.RELEASE.jar:/home/alessandro/.m2/repository/org/springframework/kafka/spring-kafka-test/1.1.6.RELEASE/spring-kafka-test-1.1.6.RELEASE.jar:/home/alessandro/.m2/repository/org/apache/kafka/kafka-clients/0.10.1.1/kafka-clients-0.10.1.1-test.jar:/home/alessandro/.m2/repository/org/apache/kafka/kafka_2.11/0.10.1.1/kafka_2.11-0.10.1.1.jar:/home/alessandro/.m2/repository/net/sf/jopt-simple/jopt-simple/4.9/jopt-simple-4.9.jar:/home/alessandro/.m2/repository/com/yammer/metrics/metrics-core/2.2.0/metrics-core-2.2.0.jar:/home/alessandro/.m2/repository/org/scala-lang/scala-library/2.11.8/scala-library-2.11.8.jar:/home/alessandro/.m2/repository/com/101tec/zkclient/0.9/zkclient-0.9.jar:/home/alessandro/.m2/repository/log4j/log4j/1.2.15/log4j-1.2.15.jar:/home/alessandro/.m2/repository/javax/mail/mail/1.4/mail-1.4.jar:/home/alessandro/.m2/repository/javax/activation/activation/1.1/activation-1.1.jar:/home/alessandro/.m2/repository/org/apache/zookeeper/zookeeper/3.4.8/zookeeper-3.4.8.jar:/home/alessandro/.m2/repository/jline/jline/0.9.94/jline-0.9.94.jar:/home/alessandro/.m2/repository/io/netty/netty/3.7.0.Final/netty-3.7.0.Final.jar:/home/alessandro/.m2/repository/org/scala-lang/modules/scala-parser-combinators_2.11/1.0.4/scala-parser-combinators_2.11-1.0.4.jar:/home/alessandro/.m2/repository/org/apache/kafka/kafka_2.11/0.10.1.1/kafka_2.11-0.10.1.1-test.jar:/home/alessandro/.m2/repository/org/json/json/20140107/json-20140107.jar:, java.specification.name=Java Platform API Specification, java.class.version=52.0, sun.management.compiler=HotSpot 64-Bit Tiered Compilers, os.version=4.9.0-3-amd64, user.home=/home/alessandro, user.timezone=Europe/Rome, java.awt.printerjob=sun.print.PSPrinterJob, file.encoding=UTF-8, java.specification.version=1.8, java.class.path=/home/alessandro/Progetti/daf-replicate-ingestion/target/test-classes:/home/alessandro/Progetti/daf-replicate-ingestion/target/classes:/home/alessandro/.m2/repository/org/springframework/kafka/spring-kafka/1.1.6.RELEASE/spring-kafka-1.1.6.RELEASE.jar:/home/alessandro/.m2/repository/org/springframework/spring-messaging/4.3.11.RELEASE/spring-messaging-4.3.11.RELEASE.jar:/home/alessandro/.m2/repository/org/springframework/retry/spring-retry/1.2.1.RELEASE/spring-retry-1.2.1.RELEASE.jar:/home/alessandro/.m2/repository/org/apache/kafka/kafka-clients/0.10.1.1/kafka-clients-0.10.1.1.jar:/home/alessandro/.m2/repository/net/jpountz/lz4/lz4/1.3.0/lz4-1.3.0.jar:/home/alessandro/.m2/repository/org/springframework/boot/spring-boot-starter/1.5.7.RELEASE/spring-boot-starter-1.5.7.RELEASE.jar:/home/alessandro/.m2/repository/org/springframework/boot/spring-boot/1.5.7.RELEASE/spring-boot-1.5.7.RELEASE.jar:/home/alessandro/.m2/repository/org/springframework/boot/spring-boot-autoconfigure/1.5.7.RELEASE/spring-boot-autoconfigure-1.5.7.RELEASE.jar:/home/alessandro/.m2/repository/org/springframework/boot/spring-boot-starter-logging/1.5.7.RELEASE/spring-boot-starter-logging-1.5.7.RELEASE.jar:/home/alessandro/.m2/repository/ch/qos/logback/logback-classic/1.1.11/logback-classic-1.1.11.jar:/home/alessandro/.m2/repository/ch/qos/logback/logback-core/1.1.11/logback-core-1.1.11.jar:/home/alessandro/.m2/repository/org/slf4j/jcl-over-slf4j/1.7.25/jcl-over-slf4j-1.7.25.jar:/home/alessandro/.m2/repository/org/slf4j/jul-to-slf4j/1.7.25/jul-to-slf4j-1.7.25.jar:/home/alessandro/.m2/repository/org/slf4j/log4j-over-slf4j/1.7.25/log4j-over-slf4j-1.7.25.jar:/home/alessandro/.m2/repository/org/springframework/spring-core/4.3.11.RELEASE/spring-core-4.3.11.RELEASE.jar:/home/alessandro/.m2/repository/org/yaml/snakeyaml/1.17/snakeyaml-1.17.jar:/home/alessandro/.m2/repository/org/springframework/spring-web/4.3.11.RELEASE/spring-web-4.3.11.RELEASE.jar:/home/alessandro/.m2/repository/org/springframework/spring-aop/4.3.11.RELEASE/spring-aop-4.3.11.RELEASE.jar:/home/alessandro/.m2/repository/org/springframework/spring-beans/4.3.11.RELEASE/spring-beans-4.3.11.RELEASE.jar:/home/alessandro/.m2/repository/org/springframework/spring-context/4.3.11.RELEASE/spring-context-4.3.11.RELEASE.jar:/home/alessandro/.m2/repository/org/springframework/spring-expression/4.3.11.RELEASE/spring-expression-4.3.11.RELEASE.jar:/home/alessandro/.m2/repository/org/apache/avro/avro/1.8.2/avro-1.8.2.jar:/home/alessandro/.m2/repository/org/codehaus/jackson/jackson-core-asl/1.9.13/jackson-core-asl-1.9.13.jar:/home/alessandro/.m2/repository/org/codehaus/jackson/jackson-mapper-asl/1.9.13/jackson-mapper-asl-1.9.13.jar:/home/alessandro/.m2/repository/com/thoughtworks/paranamer/paranamer/2.7/paranamer-2.7.jar:/home/alessandro/.m2/repository/org/xerial/snappy/snappy-java/1.1.1.3/snappy-java-1.1.1.3.jar:/home/alessandro/.m2/repository/org/apache/commons/commons-compress/1.8.1/commons-compress-1.8.1.jar:/home/alessandro/.m2/repository/org/tukaani/xz/1.5/xz-1.5.jar:/home/alessandro/.m2/repository/org/slf4j/slf4j-api/1.7.25/slf4j-api-1.7.25.jar:/home/alessandro/.m2/repository/com/fasterxml/jackson/dataformat/jackson-dataformat-avro/2.8.10/jackson-dataformat-avro-2.8.10.jar:/home/alessandro/.m2/repository/com/fasterxml/jackson/core/jackson-databind/2.8.10/jackson-databind-2.8.10.jar:/home/alessandro/.m2/repository/com/fasterxml/jackson/core/jackson-annotations/2.8.0/jackson-annotations-2.8.0.jar:/home/alessandro/.m2/repository/com/fasterxml/jackson/core/jackson-core/2.8.10/jackson-core-2.8.10.jar:/home/alessandro/.m2/repository/org/springframework/boot/spring-boot-starter-test/1.5.7.RELEASE/spring-boot-starter-test-1.5.7.RELEASE.jar:/home/alessandro/.m2/repository/org/springframework/boot/spring-boot-test/1.5.7.RELEASE/spring-boot-test-1.5.7.RELEASE.jar:/home/alessandro/.m2/repository/org/springframework/boot/spring-boot-test-autoconfigure/1.5.7.RELEASE/spring-boot-test-autoconfigure-1.5.7.RELEASE.jar:/home/alessandro/.m2/repository/com/jayway/jsonpath/json-path/2.2.0/json-path-2.2.0.jar:/home/alessandro/.m2/repository/net/minidev/json-smart/2.2.1/json-smart-2.2.1.jar:/home/alessandro/.m2/repository/net/minidev/accessors-smart/1.1/accessors-smart-1.1.jar:/home/alessandro/.m2/repository/org/ow2/asm/asm/5.0.3/asm-5.0.3.jar:/home/alessandro/.m2/repository/junit/junit/4.12/junit-4.12.jar:/home/alessandro/.m2/repository/org/assertj/assertj-core/2.6.0/assertj-core-2.6.0.jar:/home/alessandro/.m2/repository/org/mockito/mockito-core/1.10.19/mockito-core-1.10.19.jar:/home/alessandro/.m2/repository/org/objenesis/objenesis/2.1/objenesis-2.1.jar:/home/alessandro/.m2/repository/org/hamcrest/hamcrest-core/1.3/hamcrest-core-1.3.jar:/home/alessandro/.m2/repository/org/hamcrest/hamcrest-library/1.3/hamcrest-library-1.3.jar:/home/alessandro/.m2/repository/org/skyscreamer/jsonassert/1.4.0/jsonassert-1.4.0.jar:/home/alessandro/.m2/repository/com/vaadin/external/google/android-json/0.0.20131108.vaadin1/android-json-0.0.20131108.vaadin1.jar:/home/alessandro/.m2/repository/org/springframework/spring-test/4.3.11.RELEASE/spring-test-4.3.11.RELEASE.jar:/home/alessandro/.m2/repository/org/springframework/kafka/spring-kafka-test/1.1.6.RELEASE/spring-kafka-test-1.1.6.RELEASE.jar:/home/alessandro/.m2/repository/org/apache/kafka/kafka-clients/0.10.1.1/kafka-clients-0.10.1.1-test.jar:/home/alessandro/.m2/repository/org/apache/kafka/kafka_2.11/0.10.1.1/kafka_2.11-0.10.1.1.jar:/home/alessandro/.m2/repository/net/sf/jopt-simple/jopt-simple/4.9/jopt-simple-4.9.jar:/home/alessandro/.m2/repository/com/yammer/metrics/metrics-core/2.2.0/metrics-core-2.2.0.jar:/home/alessandro/.m2/repository/org/scala-lang/scala-library/2.11.8/scala-library-2.11.8.jar:/home/alessandro/.m2/repository/com/101tec/zkclient/0.9/zkclient-0.9.jar:/home/alessandro/.m2/repository/log4j/log4j/1.2.15/log4j-1.2.15.jar:/home/alessandro/.m2/repository/javax/mail/mail/1.4/mail-1.4.jar:/home/alessandro/.m2/repository/javax/activation/activation/1.1/activation-1.1.jar:/home/alessandro/.m2/repository/org/apache/zookeeper/zookeeper/3.4.8/zookeeper-3.4.8.jar:/home/alessandro/.m2/repository/jline/jline/0.9.94/jline-0.9.94.jar:/home/alessandro/.m2/repository/io/netty/netty/3.7.0.Final/netty-3.7.0.Final.jar:/home/alessandro/.m2/repository/org/scala-lang/modules/scala-parser-combinators_2.11/1.0.4/scala-parser-combinators_2.11-1.0.4.jar:/home/alessandro/.m2/repository/org/apache/kafka/kafka_2.11/0.10.1.1/kafka_2.11-0.10.1.1-test.jar:/home/alessandro/.m2/repository/org/json/json/20140107/json-20140107.jar:, user.name=alessandro, java.vm.specification.version=1.8, sun.java.command=/home/alessandro/Progetti/daf-replicate-ingestion/target/surefire/surefirebooter9220323798958312304.jar /home/alessandro/Progetti/daf-replicate-ingestion/target/surefire/surefire2816881390240257616tmp /home/alessandro/Progetti/daf-replicate-ingestion/target/surefire/surefire_05646091727510663907tmp, java.home=/usr/lib/jvm/java-8-openjdk-amd64/jre, sun.arch.data.model=64, user.language=it, java.specification.vendor=Oracle Corporation, awt.toolkit=sun.awt.X11.XToolkit, java.vm.info=mixed mode, java.version=1.8.0_141, java.ext.dirs=/usr/lib/jvm/java-8-openjdk-amd64/jre/lib/ext:/usr/java/packages/lib/ext, sun.boot.class.path=/usr/lib/jvm/java-8-openjdk-amd64/jre/lib/resources.jar:/usr/lib/jvm/java-8-openjdk-amd64/jre/lib/rt.jar:/usr/lib/jvm/java-8-openjdk-amd64/jre/lib/sunrsasign.jar:/usr/lib/jvm/java-8-openjdk-amd64/jre/lib/jsse.jar:/usr/lib/jvm/java-8-openjdk-amd64/jre/lib/jce.jar:/usr/lib/jvm/java-8-openjdk-amd64/jre/lib/charsets.jar:/usr/lib/jvm/java-8-openjdk-amd64/jre/lib/jfr.jar:/usr/lib/jvm/java-8-openjdk-amd64/jre/classes, java.vendor=Oracle Corporation, localRepository=/home/alessandro/.m2/repository, file.separator=/, java.vendor.url.bug=http://bugreport.sun.com/bugreport/, sun.io.unicode.encoding=UnicodeLittle, sun.cpu.endian=little, sun.cpu.isalist=}}, SystemEnvironmentPropertySource@927327686 {name='systemEnvironment', properties={PATH=/usr/local/bin:/usr/bin:/bin:/usr/local/games:/usr/games:/opt/Android/platform-tools:/opt/Android/tools, XAUTHORITY=/home/alessandro/.Xauthority, OXYGEN_DISABLE_INNER_SHADOWS_HACK=1, XDG_DATA_DIRS=/usr/share:/usr/share:/usr/local/share, KDE_SESSION_UID=1000, LANG=it_IT.UTF-8, DBUS_SESSION_BUS_ADDRESS=unix:abstract=/tmp/dbus-SW92g62nHr,guid=b063c0d1dedb686ff7f441d659d9e43c, XDG_SEAT_PATH=/org/freedesktop/DisplayManager/Seat0, XDG_SESSION_ID=3, XDG_SESSION_TYPE=x11, ANDROID_HOME=/opt/Android/, XDG_CURRENT_DESKTOP=KDE, DISPLAY=:0, QT_AUTO_SCREEN_SCALE_FACTOR=0, SSH_AGENT_PID=1298, SESSION_MANAGER=local/alessandro:@/tmp/.ICE-unix/1367,unix/alessandro:/tmp/.ICE-unix/1367, QT_LINUX_ACCESSIBILITY_ALWAYS_ON=1, LOGNAME=alessandro, PWD=/home/alessandro/Progetti/daf-replicate-ingestion, PAM_KWALLET5_LOGIN=/tmp/kwallet5_alessandro.socket, NODE_PATH=/usr/lib/nodejs:/usr/lib/node_modules:/usr/share/javascript, XCURSOR_THEME=breeze_cursors, XDG_SESSION_CLASS=user, LANGUAGE=, KDE_SESSION_VERSION=5, SHELL=/bin/bash, LIBOVERLAY_SCROLLBAR=0, GPG_AGENT_INFO=/run/user/1000/gnupg/S.gpg-agent:0:1, GDK_CORE_DEVICE_EVENTS=1, DESKTOP_SESSION=/usr/share/xsessions/plasma, OLDPWD=/home/alessandro/Progetti/daf-replicate-ingestion, USER=alessandro, KDE_FULL_SESSION=true, QT_ACCESSIBILITY=1, SSH_AUTH_SOCK=/tmp/ssh-JpV1d3fRdHWu/agent.1238, GTK_MODULES=gail:atk-bridge, XDG_SEAT=seat0, GDK_SCALE=1, GS_LIB=/home/alessandro/.fonts, XDG_SESSION_PATH=/org/freedesktop/DisplayManager/Session1, QMLSCENE_DEVICE=, QSG_RENDER_LOOP=, XDG_VTNR=7, XDG_SESSION_DESKTOP=KDE, XDG_RUNTIME_DIR=/run/user/1000, HOME=/home/alessandro, SHLVL=0}}]
15:48:33.328 [main] DEBUG org.springframework.core.io.support.PathMatchingResourcePatternResolver - Resolved classpath location [it/teamDigitale/dafreplicateingestion/] to resources [URL [file:/home/alessandro/Progetti/daf-replicate-ingestion/target/test-classes/it/teamDigitale/dafreplicateingestion/], URL [file:/home/alessandro/Progetti/daf-replicate-ingestion/target/classes/it/teamDigitale/dafreplicateingestion/]]
15:48:33.332 [main] DEBUG org.springframework.core.io.support.PathMatchingResourcePatternResolver - Looking for matching resources in directory tree [/home/alessandro/Progetti/daf-replicate-ingestion/target/test-classes/it/teamDigitale/dafreplicateingestion]
15:48:33.332 [main] DEBUG org.springframework.core.io.support.PathMatchingResourcePatternResolver - Searching directory [/home/alessandro/Progetti/daf-replicate-ingestion/target/test-classes/it/teamDigitale/dafreplicateingestion] for files matching pattern [/home/alessandro/Progetti/daf-replicate-ingestion/target/test-classes/it/teamDigitale/dafreplicateingestion/*.class]
15:48:33.335 [main] DEBUG org.springframework.core.io.support.PathMatchingResourcePatternResolver - Looking for matching resources in directory tree [/home/alessandro/Progetti/daf-replicate-ingestion/target/classes/it/teamDigitale/dafreplicateingestion]
15:48:33.335 [main] DEBUG org.springframework.core.io.support.PathMatchingResourcePatternResolver - Searching directory [/home/alessandro/Progetti/daf-replicate-ingestion/target/classes/it/teamDigitale/dafreplicateingestion] for files matching pattern [/home/alessandro/Progetti/daf-replicate-ingestion/target/classes/it/teamDigitale/dafreplicateingestion/*.class]
15:48:33.336 [main] DEBUG org.springframework.core.io.support.PathMatchingResourcePatternResolver - Resolved location pattern [classpath*:it/teamDigitale/dafreplicateingestion/*.class] to resources [file [/home/alessandro/Progetti/daf-replicate-ingestion/target/test-classes/it/teamDigitale/dafreplicateingestion/DafReplicateIngestionApplicationTests.class], file [/home/alessandro/Progetti/daf-replicate-ingestion/target/classes/it/teamDigitale/dafreplicateingestion/DafReplicateIngestionApplication.class]]
15:48:33.338 [main] DEBUG org.springframework.context.annotation.ClassPathScanningCandidateComponentProvider - Identified candidate component class: file [/home/alessandro/Progetti/daf-replicate-ingestion/target/classes/it/teamDigitale/dafreplicateingestion/DafReplicateIngestionApplication.class]
15:48:33.339 [main] INFO org.springframework.boot.test.context.SpringBootTestContextBootstrapper - Found @SpringBootConfiguration it.teamDigitale.dafreplicateingestion.DafReplicateIngestionApplication for test class it.teamDigitale.dafreplicateingestion.DafReplicateIngestionApplicationTests
15:48:33.340 [main] DEBUG org.springframework.boot.test.context.SpringBootTestContextBootstrapper - @TestExecutionListeners is not present for class [it.teamDigitale.dafreplicateingestion.DafReplicateIngestionApplicationTests]: using defaults.
15:48:33.341 [main] INFO org.springframework.boot.test.context.SpringBootTestContextBootstrapper - Loaded default TestExecutionListener class names from location [META-INF/spring.factories]: [org.springframework.boot.test.mock.mockito.MockitoTestExecutionListener, org.springframework.boot.test.mock.mockito.ResetMocksTestExecutionListener, org.springframework.boot.test.autoconfigure.restdocs.RestDocsTestExecutionListener, org.springframework.boot.test.autoconfigure.web.client.MockRestServiceServerResetTestExecutionListener, org.springframework.boot.test.autoconfigure.web.servlet.MockMvcPrintOnlyOnFailureTestExecutionListener, org.springframework.boot.test.autoconfigure.web.servlet.WebDriverTestExecutionListener, org.springframework.test.context.web.ServletTestExecutionListener, org.springframework.test.context.support.DirtiesContextBeforeModesTestExecutionListener, org.springframework.test.context.support.DependencyInjectionTestExecutionListener, org.springframework.test.context.support.DirtiesContextTestExecutionListener, org.springframework.test.context.transaction.TransactionalTestExecutionListener, org.springframework.test.context.jdbc.SqlScriptsTestExecutionListener]
15:48:33.343 [main] INFO org.springframework.boot.test.context.SpringBootTestContextBootstrapper - Could not instantiate TestExecutionListener [org.springframework.test.context.web.ServletTestExecutionListener]. Specify custom listener classes or make the default listener classes (and their required dependencies) available. Offending class: [javax/servlet/ServletContext]
15:48:33.343 [main] INFO org.springframework.boot.test.context.SpringBootTestContextBootstrapper - Could not instantiate TestExecutionListener [org.springframework.test.context.jdbc.SqlScriptsTestExecutionListener]. Specify custom listener classes or make the default listener classes (and their required dependencies) available. Offending class: [org/springframework/transaction/interceptor/TransactionAttribute]
15:48:33.343 [main] INFO org.springframework.boot.test.context.SpringBootTestContextBootstrapper - Could not instantiate TestExecutionListener [org.springframework.test.context.transaction.TransactionalTestExecutionListener]. Specify custom listener classes or make the default listener classes (and their required dependencies) available. Offending class: [org/springframework/transaction/TransactionDefinition]
15:48:33.344 [main] INFO org.springframework.boot.test.context.SpringBootTestContextBootstrapper - Using TestExecutionListeners: [org.springframework.test.context.support.DirtiesContextBeforeModesTestExecutionListener@6a01e23, org.springframework.boot.test.autoconfigure.SpringBootDependencyInjectionTestExecutionListener@5a955565, org.springframework.test.context.support.DirtiesContextTestExecutionListener@6293abcc, org.springframework.boot.test.mock.mockito.MockitoTestExecutionListener@7995092a, org.springframework.boot.test.autoconfigure.web.servlet.WebDriverTestExecutionListener@7fc2413d, org.springframework.boot.test.autoconfigure.restdocs.RestDocsTestExecutionListener@f8c1ddd, org.springframework.boot.test.autoconfigure.web.client.MockRestServiceServerResetTestExecutionListener@70be0a2b, org.springframework.boot.test.mock.mockito.ResetMocksTestExecutionListener@2133814f, org.springframework.boot.test.autoconfigure.web.servlet.MockMvcPrintOnlyOnFailureTestExecutionListener@4c15e7fd]
15:48:33.345 [main] DEBUG org.springframework.test.annotation.ProfileValueUtils - Retrieved @ProfileValueSourceConfiguration [null] for test class [it.teamDigitale.dafreplicateingestion.converter.ParkingConverterImplTest]
15:48:33.346 [main] DEBUG org.springframework.test.annotation.ProfileValueUtils - Retrieved ProfileValueSource type [class org.springframework.test.annotation.SystemProfileValueSource] for class [it.teamDigitale.dafreplicateingestion.converter.ParkingConverterImplTest]
15:48:33.346 [main] DEBUG org.springframework.test.annotation.ProfileValueUtils - Retrieved @ProfileValueSourceConfiguration [null] for test class [it.teamDigitale.dafreplicateingestion.km4cityclient.Km4CitySearchServiceApiTest]
15:48:33.346 [main] DEBUG org.springframework.test.annotation.ProfileValueUtils - Retrieved ProfileValueSource type [class org.springframework.test.annotation.SystemProfileValueSource] for class [it.teamDigitale.dafreplicateingestion.km4cityclient.Km4CitySearchServiceApiTest]
15:48:33.346 [main] DEBUG org.springframework.test.annotation.ProfileValueUtils - Retrieved @ProfileValueSourceConfiguration [null] for test class [it.teamDigitale.dafreplicateingestion.km4cityclient.Km4CityServiceApiTest]
15:48:33.346 [main] DEBUG org.springframework.test.annotation.ProfileValueUtils - Retrieved ProfileValueSource type [class org.springframework.test.annotation.SystemProfileValueSource] for class [it.teamDigitale.dafreplicateingestion.km4cityclient.Km4CityServiceApiTest]
15:48:33.347 [main] DEBUG org.springframework.test.annotation.ProfileValueUtils - Retrieved @ProfileValueSourceConfiguration [null] for test class [it.teamDigitale.dafreplicateingestion.producer.SenderTest]
15:48:33.347 [main] DEBUG org.springframework.test.annotation.ProfileValueUtils - Retrieved ProfileValueSource type [class org.springframework.test.annotation.SystemProfileValueSource] for class [it.teamDigitale.dafreplicateingestion.producer.SenderTest]
15:48:33.349 [main] DEBUG org.springframework.test.annotation.ProfileValueUtils - Retrieved @ProfileValueSourceConfiguration [null] for test class [it.teamDigitale.dafreplicateingestion.DafReplicateIngestionApplicationTests]
15:48:33.349 [main] DEBUG org.springframework.test.annotation.ProfileValueUtils - Retrieved ProfileValueSource type [class org.springframework.test.annotation.SystemProfileValueSource] for class [it.teamDigitale.dafreplicateingestion.DafReplicateIngestionApplicationTests]
15:48:33.351 [main] DEBUG org.springframework.test.context.junit4.SpringJUnit4ClassRunner - SpringJUnit4ClassRunner constructor called with [class it.teamDigitale.dafreplicateingestion.converter.ParkingConverterImplTest]
15:48:33.352 [main] DEBUG org.springframework.test.context.BootstrapUtils - Instantiating CacheAwareContextLoaderDelegate from class [org.springframework.test.context.cache.DefaultCacheAwareContextLoaderDelegate]
15:48:33.352 [main] DEBUG org.springframework.test.context.BootstrapUtils - Instantiating BootstrapContext using constructor [public org.springframework.test.context.support.DefaultBootstrapContext(java.lang.Class,org.springframework.test.context.CacheAwareContextLoaderDelegate)]
15:48:33.352 [main] DEBUG org.springframework.test.context.BootstrapUtils - Instantiating TestContextBootstrapper for test class [it.teamDigitale.dafreplicateingestion.converter.ParkingConverterImplTest] from class [org.springframework.boot.test.context.SpringBootTestContextBootstrapper]
15:48:33.352 [main] INFO org.springframework.boot.test.context.SpringBootTestContextBootstrapper - Neither @ContextConfiguration nor @ContextHierarchy found for test class [it.teamDigitale.dafreplicateingestion.converter.ParkingConverterImplTest], using SpringBootContextLoader
15:48:33.353 [main] DEBUG org.springframework.test.context.support.AbstractContextLoader - Did not detect default resource location for test class [it.teamDigitale.dafreplicateingestion.converter.ParkingConverterImplTest]: class path resource [it/teamDigitale/dafreplicateingestion/converter/ParkingConverterImplTest-context.xml] does not exist
15:48:33.353 [main] DEBUG org.springframework.test.context.support.AbstractContextLoader - Did not detect default resource location for test class [it.teamDigitale.dafreplicateingestion.converter.ParkingConverterImplTest]: class path resource [it/teamDigitale/dafreplicateingestion/converter/ParkingConverterImplTestContext.groovy] does not exist
15:48:33.353 [main] INFO org.springframework.test.context.support.AbstractContextLoader - Could not detect default resource locations for test class [it.teamDigitale.dafreplicateingestion.converter.ParkingConverterImplTest]: no resource found for suffixes {-context.xml, Context.groovy}.
15:48:33.353 [main] INFO org.springframework.test.context.support.AnnotationConfigContextLoaderUtils - Could not detect default configuration classes for test class [it.teamDigitale.dafreplicateingestion.converter.ParkingConverterImplTest]: ParkingConverterImplTest does not declare any static, non-private, non-final, nested classes annotated with @Configuration.
15:48:33.355 [main] DEBUG org.springframework.test.context.support.ActiveProfilesUtils - Could not find an 'annotation declaring class' for annotation type [org.springframework.test.context.ActiveProfiles] and class [it.teamDigitale.dafreplicateingestion.converter.ParkingConverterImplTest]
15:48:33.356 [main] DEBUG org.springframework.core.env.StandardEnvironment - Adding PropertySource 'systemProperties' with lowest search precedence
15:48:33.356 [main] DEBUG org.springframework.core.env.StandardEnvironment - Adding PropertySource 'systemEnvironment' with lowest search precedence
15:48:33.356 [main] DEBUG org.springframework.core.env.StandardEnvironment - Initialized StandardEnvironment with PropertySources [MapPropertySource@1914301543 {name='systemProperties', properties={java.runtime.name=OpenJDK Runtime Environment, sun.boot.library.path=/usr/lib/jvm/java-8-openjdk-amd64/jre/lib/amd64, java.vm.version=25.141-b15, java.vm.vendor=Oracle Corporation, java.vendor.url=http://java.oracle.com/, path.separator=:, java.vm.name=OpenJDK 64-Bit Server VM, file.encoding.pkg=sun.io, user.country=IT, sun.java.launcher=SUN_STANDARD, sun.os.patch.level=unknown, java.vm.specification.name=Java Virtual Machine Specification, user.dir=/home/alessandro/Progetti/daf-replicate-ingestion, java.runtime.version=1.8.0_141-8u141-b15-1~deb9u1-b15, basedir=/home/alessandro/Progetti/daf-replicate-ingestion, java.awt.graphicsenv=sun.awt.X11GraphicsEnvironment, java.endorsed.dirs=/usr/lib/jvm/java-8-openjdk-amd64/jre/lib/endorsed, os.arch=amd64, surefire.real.class.path=/home/alessandro/Progetti/daf-replicate-ingestion/target/surefire/surefirebooter9220323798958312304.jar, java.io.tmpdir=/tmp, line.separator=
, java.vm.specification.vendor=Oracle Corporation, os.name=Linux, sun.jnu.encoding=UTF-8, java.library.path=/usr/java/packages/lib/amd64:/usr/lib/x86_64-linux-gnu/jni:/lib/x86_64-linux-gnu:/usr/lib/x86_64-linux-gnu:/usr/lib/jni:/lib:/usr/lib, surefire.test.class.path=/home/alessandro/Progetti/daf-replicate-ingestion/target/test-classes:/home/alessandro/Progetti/daf-replicate-ingestion/target/classes:/home/alessandro/.m2/repository/org/springframework/kafka/spring-kafka/1.1.6.RELEASE/spring-kafka-1.1.6.RELEASE.jar:/home/alessandro/.m2/repository/org/springframework/spring-messaging/4.3.11.RELEASE/spring-messaging-4.3.11.RELEASE.jar:/home/alessandro/.m2/repository/org/springframework/retry/spring-retry/1.2.1.RELEASE/spring-retry-1.2.1.RELEASE.jar:/home/alessandro/.m2/repository/org/apache/kafka/kafka-clients/0.10.1.1/kafka-clients-0.10.1.1.jar:/home/alessandro/.m2/repository/net/jpountz/lz4/lz4/1.3.0/lz4-1.3.0.jar:/home/alessandro/.m2/repository/org/springframework/boot/spring-boot-starter/1.5.7.RELEASE/spring-boot-starter-1.5.7.RELEASE.jar:/home/alessandro/.m2/repository/org/springframework/boot/spring-boot/1.5.7.RELEASE/spring-boot-1.5.7.RELEASE.jar:/home/alessandro/.m2/repository/org/springframework/boot/spring-boot-autoconfigure/1.5.7.RELEASE/spring-boot-autoconfigure-1.5.7.RELEASE.jar:/home/alessandro/.m2/repository/org/springframework/boot/spring-boot-starter-logging/1.5.7.RELEASE/spring-boot-starter-logging-1.5.7.RELEASE.jar:/home/alessandro/.m2/repository/ch/qos/logback/logback-classic/1.1.11/logback-classic-1.1.11.jar:/home/alessandro/.m2/repository/ch/qos/logback/logback-core/1.1.11/logback-core-1.1.11.jar:/home/alessandro/.m2/repository/org/slf4j/jcl-over-slf4j/1.7.25/jcl-over-slf4j-1.7.25.jar:/home/alessandro/.m2/repository/org/slf4j/jul-to-slf4j/1.7.25/jul-to-slf4j-1.7.25.jar:/home/alessandro/.m2/repository/org/slf4j/log4j-over-slf4j/1.7.25/log4j-over-slf4j-1.7.25.jar:/home/alessandro/.m2/repository/org/springframework/spring-core/4.3.11.RELEASE/spring-core-4.3.11.RELEASE.jar:/home/alessandro/.m2/repository/org/yaml/snakeyaml/1.17/snakeyaml-1.17.jar:/home/alessandro/.m2/repository/org/springframework/spring-web/4.3.11.RELEASE/spring-web-4.3.11.RELEASE.jar:/home/alessandro/.m2/repository/org/springframework/spring-aop/4.3.11.RELEASE/spring-aop-4.3.11.RELEASE.jar:/home/alessandro/.m2/repository/org/springframework/spring-beans/4.3.11.RELEASE/spring-beans-4.3.11.RELEASE.jar:/home/alessandro/.m2/repository/org/springframework/spring-context/4.3.11.RELEASE/spring-context-4.3.11.RELEASE.jar:/home/alessandro/.m2/repository/org/springframework/spring-expression/4.3.11.RELEASE/spring-expression-4.3.11.RELEASE.jar:/home/alessandro/.m2/repository/org/apache/avro/avro/1.8.2/avro-1.8.2.jar:/home/alessandro/.m2/repository/org/codehaus/jackson/jackson-core-asl/1.9.13/jackson-core-asl-1.9.13.jar:/home/alessandro/.m2/repository/org/codehaus/jackson/jackson-mapper-asl/1.9.13/jackson-mapper-asl-1.9.13.jar:/home/alessandro/.m2/repository/com/thoughtworks/paranamer/paranamer/2.7/paranamer-2.7.jar:/home/alessandro/.m2/repository/org/xerial/snappy/snappy-java/1.1.1.3/snappy-java-1.1.1.3.jar:/home/alessandro/.m2/repository/org/apache/commons/commons-compress/1.8.1/commons-compress-1.8.1.jar:/home/alessandro/.m2/repository/org/tukaani/xz/1.5/xz-1.5.jar:/home/alessandro/.m2/repository/org/slf4j/slf4j-api/1.7.25/slf4j-api-1.7.25.jar:/home/alessandro/.m2/repository/com/fasterxml/jackson/dataformat/jackson-dataformat-avro/2.8.10/jackson-dataformat-avro-2.8.10.jar:/home/alessandro/.m2/repository/com/fasterxml/jackson/core/jackson-databind/2.8.10/jackson-databind-2.8.10.jar:/home/alessandro/.m2/repository/com/fasterxml/jackson/core/jackson-annotations/2.8.0/jackson-annotations-2.8.0.jar:/home/alessandro/.m2/repository/com/fasterxml/jackson/core/jackson-core/2.8.10/jackson-core-2.8.10.jar:/home/alessandro/.m2/repository/org/springframework/boot/spring-boot-starter-test/1.5.7.RELEASE/spring-boot-starter-test-1.5.7.RELEASE.jar:/home/alessandro/.m2/repository/org/springframework/boot/spring-boot-test/1.5.7.RELEASE/spring-boot-test-1.5.7.RELEASE.jar:/home/alessandro/.m2/repository/org/springframework/boot/spring-boot-test-autoconfigure/1.5.7.RELEASE/spring-boot-test-autoconfigure-1.5.7.RELEASE.jar:/home/alessandro/.m2/repository/com/jayway/jsonpath/json-path/2.2.0/json-path-2.2.0.jar:/home/alessandro/.m2/repository/net/minidev/json-smart/2.2.1/json-smart-2.2.1.jar:/home/alessandro/.m2/repository/net/minidev/accessors-smart/1.1/accessors-smart-1.1.jar:/home/alessandro/.m2/repository/org/ow2/asm/asm/5.0.3/asm-5.0.3.jar:/home/alessandro/.m2/repository/junit/junit/4.12/junit-4.12.jar:/home/alessandro/.m2/repository/org/assertj/assertj-core/2.6.0/assertj-core-2.6.0.jar:/home/alessandro/.m2/repository/org/mockito/mockito-core/1.10.19/mockito-core-1.10.19.jar:/home/alessandro/.m2/repository/org/objenesis/objenesis/2.1/objenesis-2.1.jar:/home/alessandro/.m2/repository/org/hamcrest/hamcrest-core/1.3/hamcrest-core-1.3.jar:/home/alessandro/.m2/repository/org/hamcrest/hamcrest-library/1.3/hamcrest-library-1.3.jar:/home/alessandro/.m2/repository/org/skyscreamer/jsonassert/1.4.0/jsonassert-1.4.0.jar:/home/alessandro/.m2/repository/com/vaadin/external/google/android-json/0.0.20131108.vaadin1/android-json-0.0.20131108.vaadin1.jar:/home/alessandro/.m2/repository/org/springframework/spring-test/4.3.11.RELEASE/spring-test-4.3.11.RELEASE.jar:/home/alessandro/.m2/repository/org/springframework/kafka/spring-kafka-test/1.1.6.RELEASE/spring-kafka-test-1.1.6.RELEASE.jar:/home/alessandro/.m2/repository/org/apache/kafka/kafka-clients/0.10.1.1/kafka-clients-0.10.1.1-test.jar:/home/alessandro/.m2/repository/org/apache/kafka/kafka_2.11/0.10.1.1/kafka_2.11-0.10.1.1.jar:/home/alessandro/.m2/repository/net/sf/jopt-simple/jopt-simple/4.9/jopt-simple-4.9.jar:/home/alessandro/.m2/repository/com/yammer/metrics/metrics-core/2.2.0/metrics-core-2.2.0.jar:/home/alessandro/.m2/repository/org/scala-lang/scala-library/2.11.8/scala-library-2.11.8.jar:/home/alessandro/.m2/repository/com/101tec/zkclient/0.9/zkclient-0.9.jar:/home/alessandro/.m2/repository/log4j/log4j/1.2.15/log4j-1.2.15.jar:/home/alessandro/.m2/repository/javax/mail/mail/1.4/mail-1.4.jar:/home/alessandro/.m2/repository/javax/activation/activation/1.1/activation-1.1.jar:/home/alessandro/.m2/repository/org/apache/zookeeper/zookeeper/3.4.8/zookeeper-3.4.8.jar:/home/alessandro/.m2/repository/jline/jline/0.9.94/jline-0.9.94.jar:/home/alessandro/.m2/repository/io/netty/netty/3.7.0.Final/netty-3.7.0.Final.jar:/home/alessandro/.m2/repository/org/scala-lang/modules/scala-parser-combinators_2.11/1.0.4/scala-parser-combinators_2.11-1.0.4.jar:/home/alessandro/.m2/repository/org/apache/kafka/kafka_2.11/0.10.1.1/kafka_2.11-0.10.1.1-test.jar:/home/alessandro/.m2/repository/org/json/json/20140107/json-20140107.jar:, java.specification.name=Java Platform API Specification, java.class.version=52.0, sun.management.compiler=HotSpot 64-Bit Tiered Compilers, os.version=4.9.0-3-amd64, user.home=/home/alessandro, user.timezone=Europe/Rome, java.awt.printerjob=sun.print.PSPrinterJob, file.encoding=UTF-8, java.specification.version=1.8, java.class.path=/home/alessandro/Progetti/daf-replicate-ingestion/target/test-classes:/home/alessandro/Progetti/daf-replicate-ingestion/target/classes:/home/alessandro/.m2/repository/org/springframework/kafka/spring-kafka/1.1.6.RELEASE/spring-kafka-1.1.6.RELEASE.jar:/home/alessandro/.m2/repository/org/springframework/spring-messaging/4.3.11.RELEASE/spring-messaging-4.3.11.RELEASE.jar:/home/alessandro/.m2/repository/org/springframework/retry/spring-retry/1.2.1.RELEASE/spring-retry-1.2.1.RELEASE.jar:/home/alessandro/.m2/repository/org/apache/kafka/kafka-clients/0.10.1.1/kafka-clients-0.10.1.1.jar:/home/alessandro/.m2/repository/net/jpountz/lz4/lz4/1.3.0/lz4-1.3.0.jar:/home/alessandro/.m2/repository/org/springframework/boot/spring-boot-starter/1.5.7.RELEASE/spring-boot-starter-1.5.7.RELEASE.jar:/home/alessandro/.m2/repository/org/springframework/boot/spring-boot/1.5.7.RELEASE/spring-boot-1.5.7.RELEASE.jar:/home/alessandro/.m2/repository/org/springframework/boot/spring-boot-autoconfigure/1.5.7.RELEASE/spring-boot-autoconfigure-1.5.7.RELEASE.jar:/home/alessandro/.m2/repository/org/springframework/boot/spring-boot-starter-logging/1.5.7.RELEASE/spring-boot-starter-logging-1.5.7.RELEASE.jar:/home/alessandro/.m2/repository/ch/qos/logback/logback-classic/1.1.11/logback-classic-1.1.11.jar:/home/alessandro/.m2/repository/ch/qos/logback/logback-core/1.1.11/logback-core-1.1.11.jar:/home/alessandro/.m2/repository/org/slf4j/jcl-over-slf4j/1.7.25/jcl-over-slf4j-1.7.25.jar:/home/alessandro/.m2/repository/org/slf4j/jul-to-slf4j/1.7.25/jul-to-slf4j-1.7.25.jar:/home/alessandro/.m2/repository/org/slf4j/log4j-over-slf4j/1.7.25/log4j-over-slf4j-1.7.25.jar:/home/alessandro/.m2/repository/org/springframework/spring-core/4.3.11.RELEASE/spring-core-4.3.11.RELEASE.jar:/home/alessandro/.m2/repository/org/yaml/snakeyaml/1.17/snakeyaml-1.17.jar:/home/alessandro/.m2/repository/org/springframework/spring-web/4.3.11.RELEASE/spring-web-4.3.11.RELEASE.jar:/home/alessandro/.m2/repository/org/springframework/spring-aop/4.3.11.RELEASE/spring-aop-4.3.11.RELEASE.jar:/home/alessandro/.m2/repository/org/springframework/spring-beans/4.3.11.RELEASE/spring-beans-4.3.11.RELEASE.jar:/home/alessandro/.m2/repository/org/springframework/spring-context/4.3.11.RELEASE/spring-context-4.3.11.RELEASE.jar:/home/alessandro/.m2/repository/org/springframework/spring-expression/4.3.11.RELEASE/spring-expression-4.3.11.RELEASE.jar:/home/alessandro/.m2/repository/org/apache/avro/avro/1.8.2/avro-1.8.2.jar:/home/alessandro/.m2/repository/org/codehaus/jackson/jackson-core-asl/1.9.13/jackson-core-asl-1.9.13.jar:/home/alessandro/.m2/repository/org/codehaus/jackson/jackson-mapper-asl/1.9.13/jackson-mapper-asl-1.9.13.jar:/home/alessandro/.m2/repository/com/thoughtworks/paranamer/paranamer/2.7/paranamer-2.7.jar:/home/alessandro/.m2/repository/org/xerial/snappy/snappy-java/1.1.1.3/snappy-java-1.1.1.3.jar:/home/alessandro/.m2/repository/org/apache/commons/commons-compress/1.8.1/commons-compress-1.8.1.jar:/home/alessandro/.m2/repository/org/tukaani/xz/1.5/xz-1.5.jar:/home/alessandro/.m2/repository/org/slf4j/slf4j-api/1.7.25/slf4j-api-1.7.25.jar:/home/alessandro/.m2/repository/com/fasterxml/jackson/dataformat/jackson-dataformat-avro/2.8.10/jackson-dataformat-avro-2.8.10.jar:/home/alessandro/.m2/repository/com/fasterxml/jackson/core/jackson-databind/2.8.10/jackson-databind-2.8.10.jar:/home/alessandro/.m2/repository/com/fasterxml/jackson/core/jackson-annotations/2.8.0/jackson-annotations-2.8.0.jar:/home/alessandro/.m2/repository/com/fasterxml/jackson/core/jackson-core/2.8.10/jackson-core-2.8.10.jar:/home/alessandro/.m2/repository/org/springframework/boot/spring-boot-starter-test/1.5.7.RELEASE/spring-boot-starter-test-1.5.7.RELEASE.jar:/home/alessandro/.m2/repository/org/springframework/boot/spring-boot-test/1.5.7.RELEASE/spring-boot-test-1.5.7.RELEASE.jar:/home/alessandro/.m2/repository/org/springframework/boot/spring-boot-test-autoconfigure/1.5.7.RELEASE/spring-boot-test-autoconfigure-1.5.7.RELEASE.jar:/home/alessandro/.m2/repository/com/jayway/jsonpath/json-path/2.2.0/json-path-2.2.0.jar:/home/alessandro/.m2/repository/net/minidev/json-smart/2.2.1/json-smart-2.2.1.jar:/home/alessandro/.m2/repository/net/minidev/accessors-smart/1.1/accessors-smart-1.1.jar:/home/alessandro/.m2/repository/org/ow2/asm/asm/5.0.3/asm-5.0.3.jar:/home/alessandro/.m2/repository/junit/junit/4.12/junit-4.12.jar:/home/alessandro/.m2/repository/org/assertj/assertj-core/2.6.0/assertj-core-2.6.0.jar:/home/alessandro/.m2/repository/org/mockito/mockito-core/1.10.19/mockito-core-1.10.19.jar:/home/alessandro/.m2/repository/org/objenesis/objenesis/2.1/objenesis-2.1.jar:/home/alessandro/.m2/repository/org/hamcrest/hamcrest-core/1.3/hamcrest-core-1.3.jar:/home/alessandro/.m2/repository/org/hamcrest/hamcrest-library/1.3/hamcrest-library-1.3.jar:/home/alessandro/.m2/repository/org/skyscreamer/jsonassert/1.4.0/jsonassert-1.4.0.jar:/home/alessandro/.m2/repository/com/vaadin/external/google/android-json/0.0.20131108.vaadin1/android-json-0.0.20131108.vaadin1.jar:/home/alessandro/.m2/repository/org/springframework/spring-test/4.3.11.RELEASE/spring-test-4.3.11.RELEASE.jar:/home/alessandro/.m2/repository/org/springframework/kafka/spring-kafka-test/1.1.6.RELEASE/spring-kafka-test-1.1.6.RELEASE.jar:/home/alessandro/.m2/repository/org/apache/kafka/kafka-clients/0.10.1.1/kafka-clients-0.10.1.1-test.jar:/home/alessandro/.m2/repository/org/apache/kafka/kafka_2.11/0.10.1.1/kafka_2.11-0.10.1.1.jar:/home/alessandro/.m2/repository/net/sf/jopt-simple/jopt-simple/4.9/jopt-simple-4.9.jar:/home/alessandro/.m2/repository/com/yammer/metrics/metrics-core/2.2.0/metrics-core-2.2.0.jar:/home/alessandro/.m2/repository/org/scala-lang/scala-library/2.11.8/scala-library-2.11.8.jar:/home/alessandro/.m2/repository/com/101tec/zkclient/0.9/zkclient-0.9.jar:/home/alessandro/.m2/repository/log4j/log4j/1.2.15/log4j-1.2.15.jar:/home/alessandro/.m2/repository/javax/mail/mail/1.4/mail-1.4.jar:/home/alessandro/.m2/repository/javax/activation/activation/1.1/activation-1.1.jar:/home/alessandro/.m2/repository/org/apache/zookeeper/zookeeper/3.4.8/zookeeper-3.4.8.jar:/home/alessandro/.m2/repository/jline/jline/0.9.94/jline-0.9.94.jar:/home/alessandro/.m2/repository/io/netty/netty/3.7.0.Final/netty-3.7.0.Final.jar:/home/alessandro/.m2/repository/org/scala-lang/modules/scala-parser-combinators_2.11/1.0.4/scala-parser-combinators_2.11-1.0.4.jar:/home/alessandro/.m2/repository/org/apache/kafka/kafka_2.11/0.10.1.1/kafka_2.11-0.10.1.1-test.jar:/home/alessandro/.m2/repository/org/json/json/20140107/json-20140107.jar:, user.name=alessandro, java.vm.specification.version=1.8, sun.java.command=/home/alessandro/Progetti/daf-replicate-ingestion/target/surefire/surefirebooter9220323798958312304.jar /home/alessandro/Progetti/daf-replicate-ingestion/target/surefire/surefire2816881390240257616tmp /home/alessandro/Progetti/daf-replicate-ingestion/target/surefire/surefire_05646091727510663907tmp, java.home=/usr/lib/jvm/java-8-openjdk-amd64/jre, sun.arch.data.model=64, user.language=it, java.specification.vendor=Oracle Corporation, awt.toolkit=sun.awt.X11.XToolkit, java.vm.info=mixed mode, java.version=1.8.0_141, java.ext.dirs=/usr/lib/jvm/java-8-openjdk-amd64/jre/lib/ext:/usr/java/packages/lib/ext, sun.boot.class.path=/usr/lib/jvm/java-8-openjdk-amd64/jre/lib/resources.jar:/usr/lib/jvm/java-8-openjdk-amd64/jre/lib/rt.jar:/usr/lib/jvm/java-8-openjdk-amd64/jre/lib/sunrsasign.jar:/usr/lib/jvm/java-8-openjdk-amd64/jre/lib/jsse.jar:/usr/lib/jvm/java-8-openjdk-amd64/jre/lib/jce.jar:/usr/lib/jvm/java-8-openjdk-amd64/jre/lib/charsets.jar:/usr/lib/jvm/java-8-openjdk-amd64/jre/lib/jfr.jar:/usr/lib/jvm/java-8-openjdk-amd64/jre/classes, java.vendor=Oracle Corporation, localRepository=/home/alessandro/.m2/repository, file.separator=/, java.vendor.url.bug=http://bugreport.sun.com/bugreport/, sun.io.unicode.encoding=UnicodeLittle, sun.cpu.endian=little, sun.cpu.isalist=}}, SystemEnvironmentPropertySource@1157726741 {name='systemEnvironment', properties={PATH=/usr/local/bin:/usr/bin:/bin:/usr/local/games:/usr/games:/opt/Android/platform-tools:/opt/Android/tools, XAUTHORITY=/home/alessandro/.Xauthority, OXYGEN_DISABLE_INNER_SHADOWS_HACK=1, XDG_DATA_DIRS=/usr/share:/usr/share:/usr/local/share, KDE_SESSION_UID=1000, LANG=it_IT.UTF-8, DBUS_SESSION_BUS_ADDRESS=unix:abstract=/tmp/dbus-SW92g62nHr,guid=b063c0d1dedb686ff7f441d659d9e43c, XDG_SEAT_PATH=/org/freedesktop/DisplayManager/Seat0, XDG_SESSION_ID=3, XDG_SESSION_TYPE=x11, ANDROID_HOME=/opt/Android/, XDG_CURRENT_DESKTOP=KDE, DISPLAY=:0, QT_AUTO_SCREEN_SCALE_FACTOR=0, SSH_AGENT_PID=1298, SESSION_MANAGER=local/alessandro:@/tmp/.ICE-unix/1367,unix/alessandro:/tmp/.ICE-unix/1367, QT_LINUX_ACCESSIBILITY_ALWAYS_ON=1, LOGNAME=alessandro, PWD=/home/alessandro/Progetti/daf-replicate-ingestion, PAM_KWALLET5_LOGIN=/tmp/kwallet5_alessandro.socket, NODE_PATH=/usr/lib/nodejs:/usr/lib/node_modules:/usr/share/javascript, XCURSOR_THEME=breeze_cursors, XDG_SESSION_CLASS=user, LANGUAGE=, KDE_SESSION_VERSION=5, SHELL=/bin/bash, LIBOVERLAY_SCROLLBAR=0, GPG_AGENT_INFO=/run/user/1000/gnupg/S.gpg-agent:0:1, GDK_CORE_DEVICE_EVENTS=1, DESKTOP_SESSION=/usr/share/xsessions/plasma, OLDPWD=/home/alessandro/Progetti/daf-replicate-ingestion, USER=alessandro, KDE_FULL_SESSION=true, QT_ACCESSIBILITY=1, SSH_AUTH_SOCK=/tmp/ssh-JpV1d3fRdHWu/agent.1238, GTK_MODULES=gail:atk-bridge, XDG_SEAT=seat0, GDK_SCALE=1, GS_LIB=/home/alessandro/.fonts, XDG_SESSION_PATH=/org/freedesktop/DisplayManager/Session1, QMLSCENE_DEVICE=, QSG_RENDER_LOOP=, XDG_VTNR=7, XDG_SESSION_DESKTOP=KDE, XDG_RUNTIME_DIR=/run/user/1000, HOME=/home/alessandro, SHLVL=0}}]
15:48:33.356 [main] INFO org.springframework.boot.test.context.SpringBootTestContextBootstrapper - Found @SpringBootConfiguration it.teamDigitale.dafreplicateingestion.DafReplicateIngestionApplication for test class it.teamDigitale.dafreplicateingestion.converter.ParkingConverterImplTest
15:48:33.357 [main] DEBUG org.springframework.boot.test.context.SpringBootTestContextBootstrapper - @TestExecutionListeners is not present for class [it.teamDigitale.dafreplicateingestion.converter.ParkingConverterImplTest]: using defaults.
15:48:33.358 [main] INFO org.springframework.boot.test.context.SpringBootTestContextBootstrapper - Loaded default TestExecutionListener class names from location [META-INF/spring.factories]: [org.springframework.boot.test.mock.mockito.MockitoTestExecutionListener, org.springframework.boot.test.mock.mockito.ResetMocksTestExecutionListener, org.springframework.boot.test.autoconfigure.restdocs.RestDocsTestExecutionListener, org.springframework.boot.test.autoconfigure.web.client.MockRestServiceServerResetTestExecutionListener, org.springframework.boot.test.autoconfigure.web.servlet.MockMvcPrintOnlyOnFailureTestExecutionListener, org.springframework.boot.test.autoconfigure.web.servlet.WebDriverTestExecutionListener, org.springframework.test.context.web.ServletTestExecutionListener, org.springframework.test.context.support.DirtiesContextBeforeModesTestExecutionListener, org.springframework.test.context.support.DependencyInjectionTestExecutionListener, org.springframework.test.context.support.DirtiesContextTestExecutionListener, org.springframework.test.context.transaction.TransactionalTestExecutionListener, org.springframework.test.context.jdbc.SqlScriptsTestExecutionListener]
15:48:33.360 [main] INFO org.springframework.boot.test.context.SpringBootTestContextBootstrapper - Could not instantiate TestExecutionListener [org.springframework.test.context.web.ServletTestExecutionListener]. Specify custom listener classes or make the default listener classes (and their required dependencies) available. Offending class: [javax/servlet/ServletContext]
15:48:33.360 [main] INFO org.springframework.boot.test.context.SpringBootTestContextBootstrapper - Could not instantiate TestExecutionListener [org.springframework.test.context.jdbc.SqlScriptsTestExecutionListener]. Specify custom listener classes or make the default listener classes (and their required dependencies) available. Offending class: [org/springframework/transaction/interceptor/TransactionAttribute]
15:48:33.361 [main] INFO org.springframework.boot.test.context.SpringBootTestContextBootstrapper - Could not instantiate TestExecutionListener [org.springframework.test.context.transaction.TransactionalTestExecutionListener]. Specify custom listener classes or make the default listener classes (and their required dependencies) available. Offending class: [org/springframework/transaction/TransactionDefinition]
15:48:33.361 [main] INFO org.springframework.boot.test.context.SpringBootTestContextBootstrapper - Using TestExecutionListeners: [org.springframework.test.context.support.DirtiesContextBeforeModesTestExecutionListener@2f112965, org.springframework.boot.test.autoconfigure.SpringBootDependencyInjectionTestExecutionListener@1a04f701, org.springframework.test.context.support.DirtiesContextTestExecutionListener@4e91d63f, org.springframework.boot.test.mock.mockito.MockitoTestExecutionListener@d4342c2, org.springframework.boot.test.autoconfigure.web.servlet.WebDriverTestExecutionListener@2bbf180e, org.springframework.boot.test.autoconfigure.restdocs.RestDocsTestExecutionListener@163e4e87, org.springframework.boot.test.autoconfigure.web.client.MockRestServiceServerResetTestExecutionListener@56de5251, org.springframework.boot.test.mock.mockito.ResetMocksTestExecutionListener@419c5f1a, org.springframework.boot.test.autoconfigure.web.servlet.MockMvcPrintOnlyOnFailureTestExecutionListener@12b0404f]
15:48:33.361 [main] DEBUG org.springframework.test.annotation.ProfileValueUtils - Retrieved @ProfileValueSourceConfiguration [null] for test class [it.teamDigitale.dafreplicateingestion.converter.ParkingConverterImplTest]
15:48:33.361 [main] DEBUG org.springframework.test.annotation.ProfileValueUtils - Retrieved ProfileValueSource type [class org.springframework.test.annotation.SystemProfileValueSource] for class [it.teamDigitale.dafreplicateingestion.converter.ParkingConverterImplTest]
15:48:33.362 [main] DEBUG org.springframework.test.annotation.ProfileValueUtils - Retrieved @ProfileValueSourceConfiguration [null] for test class [it.teamDigitale.dafreplicateingestion.converter.ParkingConverterImplTest]
15:48:33.362 [main] DEBUG org.springframework.test.annotation.ProfileValueUtils - Retrieved ProfileValueSource type [class org.springframework.test.annotation.SystemProfileValueSource] for class [it.teamDigitale.dafreplicateingestion.converter.ParkingConverterImplTest]
15:48:33.364 [main] DEBUG org.springframework.test.context.support.AbstractDirtiesContextTestExecutionListener - Before test class: context [DefaultTestContext@75329a49 testClass = ParkingConverterImplTest, testInstance = [null], testMethod = [null], testException = [null], mergedContextConfiguration = [MergedContextConfiguration@161479c6 testClass = ParkingConverterImplTest, locations = '{}', classes = '{class it.teamDigitale.dafreplicateingestion.DafReplicateIngestionApplication}', contextInitializerClasses = '[]', activeProfiles = '{}', propertySourceLocations = '{}', propertySourceProperties = '{org.springframework.boot.test.context.SpringBootTestContextBootstrapper=true}', contextCustomizers = set[org.springframework.boot.test.context.SpringBootTestContextCustomizer@65e2dbf3, org.springframework.boot.test.context.filter.ExcludeFilterContextCustomizer@7b49cea0, org.springframework.boot.test.json.DuplicateJsonObjectContextCustomizerFactory$DuplicateJsonObjectContextCustomizer@5b87ed94, org.springframework.boot.test.mock.mockito.MockitoContextCustomizer@0, org.springframework.boot.test.autoconfigure.properties.PropertyMappingContextCustomizer@0, org.springframework.boot.test.autoconfigure.web.servlet.WebDriverContextCustomizerFactory$Customizer@9660f4e], contextLoader = 'org.springframework.boot.test.context.SpringBootContextLoader', parent = [null]]], class annotated with @DirtiesContext [false] with mode [null].
15:48:33.365 [main] DEBUG org.springframework.test.annotation.ProfileValueUtils - Retrieved @ProfileValueSourceConfiguration [null] for test class [it.teamDigitale.dafreplicateingestion.converter.ParkingConverterImplTest]
15:48:33.365 [main] DEBUG org.springframework.test.annotation.ProfileValueUtils - Retrieved ProfileValueSource type [class org.springframework.test.annotation.SystemProfileValueSource] for class [it.teamDigitale.dafreplicateingestion.converter.ParkingConverterImplTest]
15:48:33.366 [main] DEBUG org.springframework.test.context.support.DependencyInjectionTestExecutionListener - Performing dependency injection for test context [[DefaultTestContext@75329a49 testClass = ParkingConverterImplTest, testInstance = it.teamDigitale.dafreplicateingestion.converter.ParkingConverterImplTest@49c386c8, testMethod = [null], testException = [null], mergedContextConfiguration = [MergedContextConfiguration@161479c6 testClass = ParkingConverterImplTest, locations = '{}', classes = '{class it.teamDigitale.dafreplicateingestion.DafReplicateIngestionApplication}', contextInitializerClasses = '[]', activeProfiles = '{}', propertySourceLocations = '{}', propertySourceProperties = '{org.springframework.boot.test.context.SpringBootTestContextBootstrapper=true}', contextCustomizers = set[org.springframework.boot.test.context.SpringBootTestContextCustomizer@65e2dbf3, org.springframework.boot.test.context.filter.ExcludeFilterContextCustomizer@7b49cea0, org.springframework.boot.test.json.DuplicateJsonObjectContextCustomizerFactory$DuplicateJsonObjectContextCustomizer@5b87ed94, org.springframework.boot.test.mock.mockito.MockitoContextCustomizer@0, org.springframework.boot.test.autoconfigure.properties.PropertyMappingContextCustomizer@0, org.springframework.boot.test.autoconfigure.web.servlet.WebDriverContextCustomizerFactory$Customizer@9660f4e], contextLoader = 'org.springframework.boot.test.context.SpringBootContextLoader', parent = [null]]]].
15:48:33.411 [main] DEBUG org.springframework.core.env.StandardEnvironment - Adding PropertySource 'systemProperties' with lowest search precedence
15:48:33.411 [main] DEBUG org.springframework.core.env.StandardEnvironment - Adding PropertySource 'systemEnvironment' with lowest search precedence
15:48:33.411 [main] DEBUG org.springframework.core.env.StandardEnvironment - Initialized StandardEnvironment with PropertySources [MapPropertySource@1325124186 {name='systemProperties', properties={java.runtime.name=OpenJDK Runtime Environment, sun.boot.library.path=/usr/lib/jvm/java-8-openjdk-amd64/jre/lib/amd64, java.vm.version=25.141-b15, java.vm.vendor=Oracle Corporation, java.vendor.url=http://java.oracle.com/, path.separator=:, java.vm.name=OpenJDK 64-Bit Server VM, file.encoding.pkg=sun.io, user.country=IT, sun.java.launcher=SUN_STANDARD, sun.os.patch.level=unknown, java.vm.specification.name=Java Virtual Machine Specification, user.dir=/home/alessandro/Progetti/daf-replicate-ingestion, java.runtime.version=1.8.0_141-8u141-b15-1~deb9u1-b15, basedir=/home/alessandro/Progetti/daf-replicate-ingestion, java.awt.graphicsenv=sun.awt.X11GraphicsEnvironment, java.endorsed.dirs=/usr/lib/jvm/java-8-openjdk-amd64/jre/lib/endorsed, os.arch=amd64, surefire.real.class.path=/home/alessandro/Progetti/daf-replicate-ingestion/target/surefire/surefirebooter9220323798958312304.jar, java.io.tmpdir=/tmp, line.separator=
, java.vm.specification.vendor=Oracle Corporation, os.name=Linux, sun.jnu.encoding=UTF-8, java.library.path=/usr/java/packages/lib/amd64:/usr/lib/x86_64-linux-gnu/jni:/lib/x86_64-linux-gnu:/usr/lib/x86_64-linux-gnu:/usr/lib/jni:/lib:/usr/lib, surefire.test.class.path=/home/alessandro/Progetti/daf-replicate-ingestion/target/test-classes:/home/alessandro/Progetti/daf-replicate-ingestion/target/classes:/home/alessandro/.m2/repository/org/springframework/kafka/spring-kafka/1.1.6.RELEASE/spring-kafka-1.1.6.RELEASE.jar:/home/alessandro/.m2/repository/org/springframework/spring-messaging/4.3.11.RELEASE/spring-messaging-4.3.11.RELEASE.jar:/home/alessandro/.m2/repository/org/springframework/retry/spring-retry/1.2.1.RELEASE/spring-retry-1.2.1.RELEASE.jar:/home/alessandro/.m2/repository/org/apache/kafka/kafka-clients/0.10.1.1/kafka-clients-0.10.1.1.jar:/home/alessandro/.m2/repository/net/jpountz/lz4/lz4/1.3.0/lz4-1.3.0.jar:/home/alessandro/.m2/repository/org/springframework/boot/spring-boot-starter/1.5.7.RELEASE/spring-boot-starter-1.5.7.RELEASE.jar:/home/alessandro/.m2/repository/org/springframework/boot/spring-boot/1.5.7.RELEASE/spring-boot-1.5.7.RELEASE.jar:/home/alessandro/.m2/repository/org/springframework/boot/spring-boot-autoconfigure/1.5.7.RELEASE/spring-boot-autoconfigure-1.5.7.RELEASE.jar:/home/alessandro/.m2/repository/org/springframework/boot/spring-boot-starter-logging/1.5.7.RELEASE/spring-boot-starter-logging-1.5.7.RELEASE.jar:/home/alessandro/.m2/repository/ch/qos/logback/logback-classic/1.1.11/logback-classic-1.1.11.jar:/home/alessandro/.m2/repository/ch/qos/logback/logback-core/1.1.11/logback-core-1.1.11.jar:/home/alessandro/.m2/repository/org/slf4j/jcl-over-slf4j/1.7.25/jcl-over-slf4j-1.7.25.jar:/home/alessandro/.m2/repository/org/slf4j/jul-to-slf4j/1.7.25/jul-to-slf4j-1.7.25.jar:/home/alessandro/.m2/repository/org/slf4j/log4j-over-slf4j/1.7.25/log4j-over-slf4j-1.7.25.jar:/home/alessandro/.m2/repository/org/springframework/spring-core/4.3.11.RELEASE/spring-core-4.3.11.RELEASE.jar:/home/alessandro/.m2/repository/org/yaml/snakeyaml/1.17/snakeyaml-1.17.jar:/home/alessandro/.m2/repository/org/springframework/spring-web/4.3.11.RELEASE/spring-web-4.3.11.RELEASE.jar:/home/alessandro/.m2/repository/org/springframework/spring-aop/4.3.11.RELEASE/spring-aop-4.3.11.RELEASE.jar:/home/alessandro/.m2/repository/org/springframework/spring-beans/4.3.11.RELEASE/spring-beans-4.3.11.RELEASE.jar:/home/alessandro/.m2/repository/org/springframework/spring-context/4.3.11.RELEASE/spring-context-4.3.11.RELEASE.jar:/home/alessandro/.m2/repository/org/springframework/spring-expression/4.3.11.RELEASE/spring-expression-4.3.11.RELEASE.jar:/home/alessandro/.m2/repository/org/apache/avro/avro/1.8.2/avro-1.8.2.jar:/home/alessandro/.m2/repository/org/codehaus/jackson/jackson-core-asl/1.9.13/jackson-core-asl-1.9.13.jar:/home/alessandro/.m2/repository/org/codehaus/jackson/jackson-mapper-asl/1.9.13/jackson-mapper-asl-1.9.13.jar:/home/alessandro/.m2/repository/com/thoughtworks/paranamer/paranamer/2.7/paranamer-2.7.jar:/home/alessandro/.m2/repository/org/xerial/snappy/snappy-java/1.1.1.3/snappy-java-1.1.1.3.jar:/home/alessandro/.m2/repository/org/apache/commons/commons-compress/1.8.1/commons-compress-1.8.1.jar:/home/alessandro/.m2/repository/org/tukaani/xz/1.5/xz-1.5.jar:/home/alessandro/.m2/repository/org/slf4j/slf4j-api/1.7.25/slf4j-api-1.7.25.jar:/home/alessandro/.m2/repository/com/fasterxml/jackson/dataformat/jackson-dataformat-avro/2.8.10/jackson-dataformat-avro-2.8.10.jar:/home/alessandro/.m2/repository/com/fasterxml/jackson/core/jackson-databind/2.8.10/jackson-databind-2.8.10.jar:/home/alessandro/.m2/repository/com/fasterxml/jackson/core/jackson-annotations/2.8.0/jackson-annotations-2.8.0.jar:/home/alessandro/.m2/repository/com/fasterxml/jackson/core/jackson-core/2.8.10/jackson-core-2.8.10.jar:/home/alessandro/.m2/repository/org/springframework/boot/spring-boot-starter-test/1.5.7.RELEASE/spring-boot-starter-test-1.5.7.RELEASE.jar:/home/alessandro/.m2/repository/org/springframework/boot/spring-boot-test/1.5.7.RELEASE/spring-boot-test-1.5.7.RELEASE.jar:/home/alessandro/.m2/repository/org/springframework/boot/spring-boot-test-autoconfigure/1.5.7.RELEASE/spring-boot-test-autoconfigure-1.5.7.RELEASE.jar:/home/alessandro/.m2/repository/com/jayway/jsonpath/json-path/2.2.0/json-path-2.2.0.jar:/home/alessandro/.m2/repository/net/minidev/json-smart/2.2.1/json-smart-2.2.1.jar:/home/alessandro/.m2/repository/net/minidev/accessors-smart/1.1/accessors-smart-1.1.jar:/home/alessandro/.m2/repository/org/ow2/asm/asm/5.0.3/asm-5.0.3.jar:/home/alessandro/.m2/repository/junit/junit/4.12/junit-4.12.jar:/home/alessandro/.m2/repository/org/assertj/assertj-core/2.6.0/assertj-core-2.6.0.jar:/home/alessandro/.m2/repository/org/mockito/mockito-core/1.10.19/mockito-core-1.10.19.jar:/home/alessandro/.m2/repository/org/objenesis/objenesis/2.1/objenesis-2.1.jar:/home/alessandro/.m2/repository/org/hamcrest/hamcrest-core/1.3/hamcrest-core-1.3.jar:/home/alessandro/.m2/repository/org/hamcrest/hamcrest-library/1.3/hamcrest-library-1.3.jar:/home/alessandro/.m2/repository/org/skyscreamer/jsonassert/1.4.0/jsonassert-1.4.0.jar:/home/alessandro/.m2/repository/com/vaadin/external/google/android-json/0.0.20131108.vaadin1/android-json-0.0.20131108.vaadin1.jar:/home/alessandro/.m2/repository/org/springframework/spring-test/4.3.11.RELEASE/spring-test-4.3.11.RELEASE.jar:/home/alessandro/.m2/repository/org/springframework/kafka/spring-kafka-test/1.1.6.RELEASE/spring-kafka-test-1.1.6.RELEASE.jar:/home/alessandro/.m2/repository/org/apache/kafka/kafka-clients/0.10.1.1/kafka-clients-0.10.1.1-test.jar:/home/alessandro/.m2/repository/org/apache/kafka/kafka_2.11/0.10.1.1/kafka_2.11-0.10.1.1.jar:/home/alessandro/.m2/repository/net/sf/jopt-simple/jopt-simple/4.9/jopt-simple-4.9.jar:/home/alessandro/.m2/repository/com/yammer/metrics/metrics-core/2.2.0/metrics-core-2.2.0.jar:/home/alessandro/.m2/repository/org/scala-lang/scala-library/2.11.8/scala-library-2.11.8.jar:/home/alessandro/.m2/repository/com/101tec/zkclient/0.9/zkclient-0.9.jar:/home/alessandro/.m2/repository/log4j/log4j/1.2.15/log4j-1.2.15.jar:/home/alessandro/.m2/repository/javax/mail/mail/1.4/mail-1.4.jar:/home/alessandro/.m2/repository/javax/activation/activation/1.1/activation-1.1.jar:/home/alessandro/.m2/repository/org/apache/zookeeper/zookeeper/3.4.8/zookeeper-3.4.8.jar:/home/alessandro/.m2/repository/jline/jline/0.9.94/jline-0.9.94.jar:/home/alessandro/.m2/repository/io/netty/netty/3.7.0.Final/netty-3.7.0.Final.jar:/home/alessandro/.m2/repository/org/scala-lang/modules/scala-parser-combinators_2.11/1.0.4/scala-parser-combinators_2.11-1.0.4.jar:/home/alessandro/.m2/repository/org/apache/kafka/kafka_2.11/0.10.1.1/kafka_2.11-0.10.1.1-test.jar:/home/alessandro/.m2/repository/org/json/json/20140107/json-20140107.jar:, java.specification.name=Java Platform API Specification, java.class.version=52.0, sun.management.compiler=HotSpot 64-Bit Tiered Compilers, os.version=4.9.0-3-amd64, user.home=/home/alessandro, user.timezone=Europe/Rome, java.awt.printerjob=sun.print.PSPrinterJob, file.encoding=UTF-8, java.specification.version=1.8, java.class.path=/home/alessandro/Progetti/daf-replicate-ingestion/target/test-classes:/home/alessandro/Progetti/daf-replicate-ingestion/target/classes:/home/alessandro/.m2/repository/org/springframework/kafka/spring-kafka/1.1.6.RELEASE/spring-kafka-1.1.6.RELEASE.jar:/home/alessandro/.m2/repository/org/springframework/spring-messaging/4.3.11.RELEASE/spring-messaging-4.3.11.RELEASE.jar:/home/alessandro/.m2/repository/org/springframework/retry/spring-retry/1.2.1.RELEASE/spring-retry-1.2.1.RELEASE.jar:/home/alessandro/.m2/repository/org/apache/kafka/kafka-clients/0.10.1.1/kafka-clients-0.10.1.1.jar:/home/alessandro/.m2/repository/net/jpountz/lz4/lz4/1.3.0/lz4-1.3.0.jar:/home/alessandro/.m2/repository/org/springframework/boot/spring-boot-starter/1.5.7.RELEASE/spring-boot-starter-1.5.7.RELEASE.jar:/home/alessandro/.m2/repository/org/springframework/boot/spring-boot/1.5.7.RELEASE/spring-boot-1.5.7.RELEASE.jar:/home/alessandro/.m2/repository/org/springframework/boot/spring-boot-autoconfigure/1.5.7.RELEASE/spring-boot-autoconfigure-1.5.7.RELEASE.jar:/home/alessandro/.m2/repository/org/springframework/boot/spring-boot-starter-logging/1.5.7.RELEASE/spring-boot-starter-logging-1.5.7.RELEASE.jar:/home/alessandro/.m2/repository/ch/qos/logback/logback-classic/1.1.11/logback-classic-1.1.11.jar:/home/alessandro/.m2/repository/ch/qos/logback/logback-core/1.1.11/logback-core-1.1.11.jar:/home/alessandro/.m2/repository/org/slf4j/jcl-over-slf4j/1.7.25/jcl-over-slf4j-1.7.25.jar:/home/alessandro/.m2/repository/org/slf4j/jul-to-slf4j/1.7.25/jul-to-slf4j-1.7.25.jar:/home/alessandro/.m2/repository/org/slf4j/log4j-over-slf4j/1.7.25/log4j-over-slf4j-1.7.25.jar:/home/alessandro/.m2/repository/org/springframework/spring-core/4.3.11.RELEASE/spring-core-4.3.11.RELEASE.jar:/home/alessandro/.m2/repository/org/yaml/snakeyaml/1.17/snakeyaml-1.17.jar:/home/alessandro/.m2/repository/org/springframework/spring-web/4.3.11.RELEASE/spring-web-4.3.11.RELEASE.jar:/home/alessandro/.m2/repository/org/springframework/spring-aop/4.3.11.RELEASE/spring-aop-4.3.11.RELEASE.jar:/home/alessandro/.m2/repository/org/springframework/spring-beans/4.3.11.RELEASE/spring-beans-4.3.11.RELEASE.jar:/home/alessandro/.m2/repository/org/springframework/spring-context/4.3.11.RELEASE/spring-context-4.3.11.RELEASE.jar:/home/alessandro/.m2/repository/org/springframework/spring-expression/4.3.11.RELEASE/spring-expression-4.3.11.RELEASE.jar:/home/alessandro/.m2/repository/org/apache/avro/avro/1.8.2/avro-1.8.2.jar:/home/alessandro/.m2/repository/org/codehaus/jackson/jackson-core-asl/1.9.13/jackson-core-asl-1.9.13.jar:/home/alessandro/.m2/repository/org/codehaus/jackson/jackson-mapper-asl/1.9.13/jackson-mapper-asl-1.9.13.jar:/home/alessandro/.m2/repository/com/thoughtworks/paranamer/paranamer/2.7/paranamer-2.7.jar:/home/alessandro/.m2/repository/org/xerial/snappy/snappy-java/1.1.1.3/snappy-java-1.1.1.3.jar:/home/alessandro/.m2/repository/org/apache/commons/commons-compress/1.8.1/commons-compress-1.8.1.jar:/home/alessandro/.m2/repository/org/tukaani/xz/1.5/xz-1.5.jar:/home/alessandro/.m2/repository/org/slf4j/slf4j-api/1.7.25/slf4j-api-1.7.25.jar:/home/alessandro/.m2/repository/com/fasterxml/jackson/dataformat/jackson-dataformat-avro/2.8.10/jackson-dataformat-avro-2.8.10.jar:/home/alessandro/.m2/repository/com/fasterxml/jackson/core/jackson-databind/2.8.10/jackson-databind-2.8.10.jar:/home/alessandro/.m2/repository/com/fasterxml/jackson/core/jackson-annotations/2.8.0/jackson-annotations-2.8.0.jar:/home/alessandro/.m2/repository/com/fasterxml/jackson/core/jackson-core/2.8.10/jackson-core-2.8.10.jar:/home/alessandro/.m2/repository/org/springframework/boot/spring-boot-starter-test/1.5.7.RELEASE/spring-boot-starter-test-1.5.7.RELEASE.jar:/home/alessandro/.m2/repository/org/springframework/boot/spring-boot-test/1.5.7.RELEASE/spring-boot-test-1.5.7.RELEASE.jar:/home/alessandro/.m2/repository/org/springframework/boot/spring-boot-test-autoconfigure/1.5.7.RELEASE/spring-boot-test-autoconfigure-1.5.7.RELEASE.jar:/home/alessandro/.m2/repository/com/jayway/jsonpath/json-path/2.2.0/json-path-2.2.0.jar:/home/alessandro/.m2/repository/net/minidev/json-smart/2.2.1/json-smart-2.2.1.jar:/home/alessandro/.m2/repository/net/minidev/accessors-smart/1.1/accessors-smart-1.1.jar:/home/alessandro/.m2/repository/org/ow2/asm/asm/5.0.3/asm-5.0.3.jar:/home/alessandro/.m2/repository/junit/junit/4.12/junit-4.12.jar:/home/alessandro/.m2/repository/org/assertj/assertj-core/2.6.0/assertj-core-2.6.0.jar:/home/alessandro/.m2/repository/org/mockito/mockito-core/1.10.19/mockito-core-1.10.19.jar:/home/alessandro/.m2/repository/org/objenesis/objenesis/2.1/objenesis-2.1.jar:/home/alessandro/.m2/repository/org/hamcrest/hamcrest-core/1.3/hamcrest-core-1.3.jar:/home/alessandro/.m2/repository/org/hamcrest/hamcrest-library/1.3/hamcrest-library-1.3.jar:/home/alessandro/.m2/repository/org/skyscreamer/jsonassert/1.4.0/jsonassert-1.4.0.jar:/home/alessandro/.m2/repository/com/vaadin/external/google/android-json/0.0.20131108.vaadin1/android-json-0.0.20131108.vaadin1.jar:/home/alessandro/.m2/repository/org/springframework/spring-test/4.3.11.RELEASE/spring-test-4.3.11.RELEASE.jar:/home/alessandro/.m2/repository/org/springframework/kafka/spring-kafka-test/1.1.6.RELEASE/spring-kafka-test-1.1.6.RELEASE.jar:/home/alessandro/.m2/repository/org/apache/kafka/kafka-clients/0.10.1.1/kafka-clients-0.10.1.1-test.jar:/home/alessandro/.m2/repository/org/apache/kafka/kafka_2.11/0.10.1.1/kafka_2.11-0.10.1.1.jar:/home/alessandro/.m2/repository/net/sf/jopt-simple/jopt-simple/4.9/jopt-simple-4.9.jar:/home/alessandro/.m2/repository/com/yammer/metrics/metrics-core/2.2.0/metrics-core-2.2.0.jar:/home/alessandro/.m2/repository/org/scala-lang/scala-library/2.11.8/scala-library-2.11.8.jar:/home/alessandro/.m2/repository/com/101tec/zkclient/0.9/zkclient-0.9.jar:/home/alessandro/.m2/repository/log4j/log4j/1.2.15/log4j-1.2.15.jar:/home/alessandro/.m2/repository/javax/mail/mail/1.4/mail-1.4.jar:/home/alessandro/.m2/repository/javax/activation/activation/1.1/activation-1.1.jar:/home/alessandro/.m2/repository/org/apache/zookeeper/zookeeper/3.4.8/zookeeper-3.4.8.jar:/home/alessandro/.m2/repository/jline/jline/0.9.94/jline-0.9.94.jar:/home/alessandro/.m2/repository/io/netty/netty/3.7.0.Final/netty-3.7.0.Final.jar:/home/alessandro/.m2/repository/org/scala-lang/modules/scala-parser-combinators_2.11/1.0.4/scala-parser-combinators_2.11-1.0.4.jar:/home/alessandro/.m2/repository/org/apache/kafka/kafka_2.11/0.10.1.1/kafka_2.11-0.10.1.1-test.jar:/home/alessandro/.m2/repository/org/json/json/20140107/json-20140107.jar:, user.name=alessandro, java.vm.specification.version=1.8, sun.java.command=/home/alessandro/Progetti/daf-replicate-ingestion/target/surefire/surefirebooter9220323798958312304.jar /home/alessandro/Progetti/daf-replicate-ingestion/target/surefire/surefire2816881390240257616tmp /home/alessandro/Progetti/daf-replicate-ingestion/target/surefire/surefire_05646091727510663907tmp, java.home=/usr/lib/jvm/java-8-openjdk-amd64/jre, sun.arch.data.model=64, user.language=it, java.specification.vendor=Oracle Corporation, awt.toolkit=sun.awt.X11.XToolkit, java.vm.info=mixed mode, java.version=1.8.0_141, java.ext.dirs=/usr/lib/jvm/java-8-openjdk-amd64/jre/lib/ext:/usr/java/packages/lib/ext, sun.boot.class.path=/usr/lib/jvm/java-8-openjdk-amd64/jre/lib/resources.jar:/usr/lib/jvm/java-8-openjdk-amd64/jre/lib/rt.jar:/usr/lib/jvm/java-8-openjdk-amd64/jre/lib/sunrsasign.jar:/usr/lib/jvm/java-8-openjdk-amd64/jre/lib/jsse.jar:/usr/lib/jvm/java-8-openjdk-amd64/jre/lib/jce.jar:/usr/lib/jvm/java-8-openjdk-amd64/jre/lib/charsets.jar:/usr/lib/jvm/java-8-openjdk-amd64/jre/lib/jfr.jar:/usr/lib/jvm/java-8-openjdk-amd64/jre/classes, java.vendor=Oracle Corporation, localRepository=/home/alessandro/.m2/repository, file.separator=/, java.vendor.url.bug=http://bugreport.sun.com/bugreport/, sun.io.unicode.encoding=UnicodeLittle, sun.cpu.endian=little, sun.cpu.isalist=}}, SystemEnvironmentPropertySource@461160828 {name='systemEnvironment', properties={PATH=/usr/local/bin:/usr/bin:/bin:/usr/local/games:/usr/games:/opt/Android/platform-tools:/opt/Android/tools, XAUTHORITY=/home/alessandro/.Xauthority, OXYGEN_DISABLE_INNER_SHADOWS_HACK=1, XDG_DATA_DIRS=/usr/share:/usr/share:/usr/local/share, KDE_SESSION_UID=1000, LANG=it_IT.UTF-8, DBUS_SESSION_BUS_ADDRESS=unix:abstract=/tmp/dbus-SW92g62nHr,guid=b063c0d1dedb686ff7f441d659d9e43c, XDG_SEAT_PATH=/org/freedesktop/DisplayManager/Seat0, XDG_SESSION_ID=3, XDG_SESSION_TYPE=x11, ANDROID_HOME=/opt/Android/, XDG_CURRENT_DESKTOP=KDE, DISPLAY=:0, QT_AUTO_SCREEN_SCALE_FACTOR=0, SSH_AGENT_PID=1298, SESSION_MANAGER=local/alessandro:@/tmp/.ICE-unix/1367,unix/alessandro:/tmp/.ICE-unix/1367, QT_LINUX_ACCESSIBILITY_ALWAYS_ON=1, LOGNAME=alessandro, PWD=/home/alessandro/Progetti/daf-replicate-ingestion, PAM_KWALLET5_LOGIN=/tmp/kwallet5_alessandro.socket, NODE_PATH=/usr/lib/nodejs:/usr/lib/node_modules:/usr/share/javascript, XCURSOR_THEME=breeze_cursors, XDG_SESSION_CLASS=user, LANGUAGE=, KDE_SESSION_VERSION=5, SHELL=/bin/bash, LIBOVERLAY_SCROLLBAR=0, GPG_AGENT_INFO=/run/user/1000/gnupg/S.gpg-agent:0:1, GDK_CORE_DEVICE_EVENTS=1, DESKTOP_SESSION=/usr/share/xsessions/plasma, OLDPWD=/home/alessandro/Progetti/daf-replicate-ingestion, USER=alessandro, KDE_FULL_SESSION=true, QT_ACCESSIBILITY=1, SSH_AUTH_SOCK=/tmp/ssh-JpV1d3fRdHWu/agent.1238, GTK_MODULES=gail:atk-bridge, XDG_SEAT=seat0, GDK_SCALE=1, GS_LIB=/home/alessandro/.fonts, XDG_SESSION_PATH=/org/freedesktop/DisplayManager/Session1, QMLSCENE_DEVICE=, QSG_RENDER_LOOP=, XDG_VTNR=7, XDG_SESSION_DESKTOP=KDE, XDG_RUNTIME_DIR=/run/user/1000, HOME=/home/alessandro, SHLVL=0}}]
15:48:33.412 [main] DEBUG org.springframework.core.env.MutablePropertySources - Adding PropertySource 'inline' with highest search precedence
15:48:33.415 [main] DEBUG org.springframework.test.context.support.TestPropertySourceUtils - Adding inlined properties to environment: {spring.jmx.enabled=false, org.springframework.boot.test.context.SpringBootTestContextBootstrapper=true, server.port=-1}
15:48:33.416 [main] DEBUG org.springframework.core.env.StandardEnvironment - Adding PropertySource 'Inlined Test Properties' with highest search precedence

  .   ____          _            __ _ _
 /\\ / ___'_ __ _ _(_)_ __  __ _ \ \ \ \
( ( )\___ | '_ | '_| | '_ \/ _` | \ \ \ \
 \\/  ___)| |_)| | | | | || (_| |  ) ) ) )
  '  |____| .__|_| |_|_| |_\__, | / / / /
 =========|_|==============|___/=/_/_/_/
 :: Spring Boot ::        (v1.5.7.RELEASE)

2017-10-08 15:48:33.692  WARN 4683 --- [           main] ory$DuplicateJsonObjectContextCustomizer : 

Found multiple occurrences of org.json.JSONObject on the class path:

	jar:file:/home/alessandro/.m2/repository/com/vaadin/external/google/android-json/0.0.20131108.vaadin1/android-json-0.0.20131108.vaadin1.jar!/org/json/JSONObject.class
	jar:file:/home/alessandro/.m2/repository/org/json/json/20140107/json-20140107.jar!/org/json/JSONObject.class

You may wish to exclude one of them to ensure predictable runtime behaviour

2017-10-08 15:48:33.709  INFO 4683 --- [           main] i.t.d.c.ParkingConverterImplTest         : Starting ParkingConverterImplTest on alessandro with PID 4683 (started by alessandro in /home/alessandro/Progetti/daf-replicate-ingestion)
2017-10-08 15:48:33.710  INFO 4683 --- [           main] i.t.d.c.ParkingConverterImplTest         : No active profile set, falling back to default profiles: default
2017-10-08 15:48:33.734  INFO 4683 --- [           main] s.c.a.AnnotationConfigApplicationContext : Refreshing org.springframework.context.annotation.AnnotationConfigApplicationContext@79207381: startup date [Sun Oct 08 15:48:33 CEST 2017]; root of context hierarchy
2017-10-08 15:48:34.002  INFO 4683 --- [           main] o.s.b.f.s.DefaultListableBeanFactory     : Overriding bean definition for bean 'sender' with a different definition: replacing [Generic bean: class [it.teamDigitale.dafreplicateingestion.producer.Sender]; scope=singleton; abstract=false; lazyInit=false; autowireMode=0; dependencyCheck=0; autowireCandidate=true; primary=false; factoryBeanName=null; factoryMethodName=null; initMethodName=null; destroyMethodName=null; defined in file [/home/alessandro/Progetti/daf-replicate-ingestion/target/classes/it/teamDigitale/dafreplicateingestion/producer/Sender.class]] with [Root bean: class [null]; scope=; abstract=false; lazyInit=false; autowireMode=3; dependencyCheck=0; autowireCandidate=true; primary=false; factoryBeanName=senderConfig; factoryMethodName=sender; initMethodName=null; destroyMethodName=(inferred); defined in class path resource [it/teamDigitale/dafreplicateingestion/producer/SenderConfig.class]]
2017-10-08 15:48:34.267  INFO 4683 --- [           main] trationDelegate$BeanPostProcessorChecker : Bean 'org.springframework.kafka.annotation.KafkaBootstrapConfiguration' of type [org.springframework.kafka.annotation.KafkaBootstrapConfiguration$$EnhancerBySpringCGLIB$$1aa90595] is not eligible for getting processed by all BeanPostProcessors (for example: not eligible for auto-proxying)
2017-10-08 15:48:34.337  WARN 4683 --- [           main] s.c.a.AnnotationConfigApplicationContext : Exception encountered during context initialization - cancelling refresh attempt: org.springframework.beans.factory.BeanCreationException: Error creating bean with name 'senderConfig': Injection of autowired dependencies failed; nested exception is java.lang.IllegalArgumentException: Could not resolve placeholder 'spring.embedded.kafka.brokers' in value "${spring.embedded.kafka.brokers}"
2017-10-08 15:48:34.345  INFO 4683 --- [           main] utoConfigurationReportLoggingInitializer : 

Error starting ApplicationContext. To display the auto-configuration report re-run your application with 'debug' enabled.
2017-10-08 15:48:34.352 ERROR 4683 --- [           main] o.s.boot.SpringApplication               : Application startup failed

org.springframework.beans.factory.BeanCreationException: Error creating bean with name 'senderConfig': Injection of autowired dependencies failed; nested exception is java.lang.IllegalArgumentException: Could not resolve placeholder 'spring.embedded.kafka.brokers' in value "${spring.embedded.kafka.brokers}"
	at org.springframework.beans.factory.annotation.AutowiredAnnotationBeanPostProcessor.postProcessPropertyValues(AutowiredAnnotationBeanPostProcessor.java:372) ~[spring-beans-4.3.11.RELEASE.jar:4.3.11.RELEASE]
	at org.springframework.beans.factory.support.AbstractAutowireCapableBeanFactory.populateBean(AbstractAutowireCapableBeanFactory.java:1264) ~[spring-beans-4.3.11.RELEASE.jar:4.3.11.RELEASE]
	at org.springframework.beans.factory.support.AbstractAutowireCapableBeanFactory.doCreateBean(AbstractAutowireCapableBeanFactory.java:553) ~[spring-beans-4.3.11.RELEASE.jar:4.3.11.RELEASE]
	at org.springframework.beans.factory.support.AbstractAutowireCapableBeanFactory.createBean(AbstractAutowireCapableBeanFactory.java:483) ~[spring-beans-4.3.11.RELEASE.jar:4.3.11.RELEASE]
	at org.springframework.beans.factory.support.AbstractBeanFactory$1.getObject(AbstractBeanFactory.java:306) ~[spring-beans-4.3.11.RELEASE.jar:4.3.11.RELEASE]
	at org.springframework.beans.factory.support.DefaultSingletonBeanRegistry.getSingleton(DefaultSingletonBeanRegistry.java:230) ~[spring-beans-4.3.11.RELEASE.jar:4.3.11.RELEASE]
	at org.springframework.beans.factory.support.AbstractBeanFactory.doGetBean(AbstractBeanFactory.java:302) ~[spring-beans-4.3.11.RELEASE.jar:4.3.11.RELEASE]
	at org.springframework.beans.factory.support.AbstractBeanFactory.getBean(AbstractBeanFactory.java:197) ~[spring-beans-4.3.11.RELEASE.jar:4.3.11.RELEASE]
	at org.springframework.beans.factory.support.ConstructorResolver.instantiateUsingFactoryMethod(ConstructorResolver.java:372) ~[spring-beans-4.3.11.RELEASE.jar:4.3.11.RELEASE]
	at org.springframework.beans.factory.support.AbstractAutowireCapableBeanFactory.instantiateUsingFactoryMethod(AbstractAutowireCapableBeanFactory.java:1173) ~[spring-beans-4.3.11.RELEASE.jar:4.3.11.RELEASE]
	at org.springframework.beans.factory.support.AbstractAutowireCapableBeanFactory.createBeanInstance(AbstractAutowireCapableBeanFactory.java:1067) ~[spring-beans-4.3.11.RELEASE.jar:4.3.11.RELEASE]
	at org.springframework.beans.factory.support.AbstractAutowireCapableBeanFactory.doCreateBean(AbstractAutowireCapableBeanFactory.java:513) ~[spring-beans-4.3.11.RELEASE.jar:4.3.11.RELEASE]
	at org.springframework.beans.factory.support.AbstractAutowireCapableBeanFactory.createBean(AbstractAutowireCapableBeanFactory.java:483) ~[spring-beans-4.3.11.RELEASE.jar:4.3.11.RELEASE]
	at org.springframework.beans.factory.support.AbstractBeanFactory$1.getObject(AbstractBeanFactory.java:306) ~[spring-beans-4.3.11.RELEASE.jar:4.3.11.RELEASE]
	at org.springframework.beans.factory.support.DefaultSingletonBeanRegistry.getSingleton(DefaultSingletonBeanRegistry.java:230) ~[spring-beans-4.3.11.RELEASE.jar:4.3.11.RELEASE]
	at org.springframework.beans.factory.support.AbstractBeanFactory.doGetBean(AbstractBeanFactory.java:302) ~[spring-beans-4.3.11.RELEASE.jar:4.3.11.RELEASE]
	at org.springframework.beans.factory.support.AbstractBeanFactory.getBean(AbstractBeanFactory.java:197) ~[spring-beans-4.3.11.RELEASE.jar:4.3.11.RELEASE]
	at org.springframework.beans.factory.support.DefaultListableBeanFactory.preInstantiateSingletons(DefaultListableBeanFactory.java:761) ~[spring-beans-4.3.11.RELEASE.jar:4.3.11.RELEASE]
	at org.springframework.context.support.AbstractApplicationContext.finishBeanFactoryInitialization(AbstractApplicationContext.java:867) ~[spring-context-4.3.11.RELEASE.jar:4.3.11.RELEASE]
	at org.springframework.context.support.AbstractApplicationContext.refresh(AbstractApplicationContext.java:543) ~[spring-context-4.3.11.RELEASE.jar:4.3.11.RELEASE]
	at org.springframework.boot.SpringApplication.refresh(SpringApplication.java:693) ~[spring-boot-1.5.7.RELEASE.jar:1.5.7.RELEASE]
	at org.springframework.boot.SpringApplication.refreshContext(SpringApplication.java:360) ~[spring-boot-1.5.7.RELEASE.jar:1.5.7.RELEASE]
	at org.springframework.boot.SpringApplication.run(SpringApplication.java:303) ~[spring-boot-1.5.7.RELEASE.jar:1.5.7.RELEASE]
	at org.springframework.boot.test.context.SpringBootContextLoader.loadContext(SpringBootContextLoader.java:120) [spring-boot-test-1.5.7.RELEASE.jar:1.5.7.RELEASE]
	at org.springframework.test.context.cache.DefaultCacheAwareContextLoaderDelegate.loadContextInternal(DefaultCacheAwareContextLoaderDelegate.java:98) [spring-test-4.3.11.RELEASE.jar:4.3.11.RELEASE]
	at org.springframework.test.context.cache.DefaultCacheAwareContextLoaderDelegate.loadContext(DefaultCacheAwareContextLoaderDelegate.java:116) [spring-test-4.3.11.RELEASE.jar:4.3.11.RELEASE]
	at org.springframework.test.context.support.DefaultTestContext.getApplicationContext(DefaultTestContext.java:83) [spring-test-4.3.11.RELEASE.jar:4.3.11.RELEASE]
	at org.springframework.test.context.support.DependencyInjectionTestExecutionListener.injectDependencies(DependencyInjectionTestExecutionListener.java:117) [spring-test-4.3.11.RELEASE.jar:4.3.11.RELEASE]
	at org.springframework.test.context.support.DependencyInjectionTestExecutionListener.prepareTestInstance(DependencyInjectionTestExecutionListener.java:83) [spring-test-4.3.11.RELEASE.jar:4.3.11.RELEASE]
	at org.springframework.boot.test.autoconfigure.SpringBootDependencyInjectionTestExecutionListener.prepareTestInstance(SpringBootDependencyInjectionTestExecutionListener.java:44) [spring-boot-test-autoconfigure-1.5.7.RELEASE.jar:1.5.7.RELEASE]
	at org.springframework.test.context.TestContextManager.prepareTestInstance(TestContextManager.java:230) [spring-test-4.3.11.RELEASE.jar:4.3.11.RELEASE]
	at org.springframework.test.context.junit4.SpringJUnit4ClassRunner.createTest(SpringJUnit4ClassRunner.java:228) [spring-test-4.3.11.RELEASE.jar:4.3.11.RELEASE]
	at org.springframework.test.context.junit4.SpringJUnit4ClassRunner$1.runReflectiveCall(SpringJUnit4ClassRunner.java:287) [spring-test-4.3.11.RELEASE.jar:4.3.11.RELEASE]
	at org.junit.internal.runners.model.ReflectiveCallable.run(ReflectiveCallable.java:12) [junit-4.12.jar:4.12]
	at org.springframework.test.context.junit4.SpringJUnit4ClassRunner.methodBlock(SpringJUnit4ClassRunner.java:289) [spring-test-4.3.11.RELEASE.jar:4.3.11.RELEASE]
	at org.springframework.test.context.junit4.SpringJUnit4ClassRunner.runChild(SpringJUnit4ClassRunner.java:247) [spring-test-4.3.11.RELEASE.jar:4.3.11.RELEASE]
	at org.springframework.test.context.junit4.SpringJUnit4ClassRunner.runChild(SpringJUnit4ClassRunner.java:94) [spring-test-4.3.11.RELEASE.jar:4.3.11.RELEASE]
	at org.junit.runners.ParentRunner$3.run(ParentRunner.java:290) [junit-4.12.jar:4.12]
	at org.junit.runners.ParentRunner$1.schedule(ParentRunner.java:71) [junit-4.12.jar:4.12]
	at org.junit.runners.ParentRunner.runChildren(ParentRunner.java:288) [junit-4.12.jar:4.12]
	at org.junit.runners.ParentRunner.access$000(ParentRunner.java:58) [junit-4.12.jar:4.12]
	at org.junit.runners.ParentRunner$2.evaluate(ParentRunner.java:268) [junit-4.12.jar:4.12]
	at org.springframework.test.context.junit4.statements.RunBeforeTestClassCallbacks.evaluate(RunBeforeTestClassCallbacks.java:61) [spring-test-4.3.11.RELEASE.jar:4.3.11.RELEASE]
	at org.springframework.test.context.junit4.statements.RunAfterTestClassCallbacks.evaluate(RunAfterTestClassCallbacks.java:70) [spring-test-4.3.11.RELEASE.jar:4.3.11.RELEASE]
	at org.junit.runners.ParentRunner.run(ParentRunner.java:363) [junit-4.12.jar:4.12]
	at org.springframework.test.context.junit4.SpringJUnit4ClassRunner.run(SpringJUnit4ClassRunner.java:191) [spring-test-4.3.11.RELEASE.jar:4.3.11.RELEASE]
	at org.apache.maven.surefire.junit4.JUnit4Provider.execute(JUnit4Provider.java:283) [surefire-junit4-2.18.1.jar:2.18.1]
	at org.apache.maven.surefire.junit4.JUnit4Provider.executeWithRerun(JUnit4Provider.java:173) [surefire-junit4-2.18.1.jar:2.18.1]
	at org.apache.maven.surefire.junit4.JUnit4Provider.executeTestSet(JUnit4Provider.java:153) [surefire-junit4-2.18.1.jar:2.18.1]
	at org.apache.maven.surefire.junit4.JUnit4Provider.invoke(JUnit4Provider.java:128) [surefire-junit4-2.18.1.jar:2.18.1]
	at org.apache.maven.surefire.booter.ForkedBooter.invokeProviderInSameClassLoader(ForkedBooter.java:203) [surefire-booter-2.18.1.jar:2.18.1]
	at org.apache.maven.surefire.booter.ForkedBooter.runSuitesInProcess(ForkedBooter.java:155) [surefire-booter-2.18.1.jar:2.18.1]
	at org.apache.maven.surefire.booter.ForkedBooter.main(ForkedBooter.java:103) [surefire-booter-2.18.1.jar:2.18.1]
Caused by: java.lang.IllegalArgumentException: Could not resolve placeholder 'spring.embedded.kafka.brokers' in value "${spring.embedded.kafka.brokers}"
	at org.springframework.util.PropertyPlaceholderHelper.parseStringValue(PropertyPlaceholderHelper.java:174) ~[spring-core-4.3.11.RELEASE.jar:4.3.11.RELEASE]
	at org.springframework.util.PropertyPlaceholderHelper.replacePlaceholders(PropertyPlaceholderHelper.java:126) ~[spring-core-4.3.11.RELEASE.jar:4.3.11.RELEASE]
	at org.springframework.core.env.AbstractPropertyResolver.doResolvePlaceholders(AbstractPropertyResolver.java:236) ~[spring-core-4.3.11.RELEASE.jar:4.3.11.RELEASE]
	at org.springframework.core.env.AbstractPropertyResolver.resolveRequiredPlaceholders(AbstractPropertyResolver.java:210) ~[spring-core-4.3.11.RELEASE.jar:4.3.11.RELEASE]
	at org.springframework.core.env.AbstractPropertyResolver.resolveNestedPlaceholders(AbstractPropertyResolver.java:227) ~[spring-core-4.3.11.RELEASE.jar:4.3.11.RELEASE]
	at org.springframework.core.env.PropertySourcesPropertyResolver.getProperty(PropertySourcesPropertyResolver.java:84) ~[spring-core-4.3.11.RELEASE.jar:4.3.11.RELEASE]
	at org.springframework.core.env.PropertySourcesPropertyResolver.getProperty(PropertySourcesPropertyResolver.java:61) ~[spring-core-4.3.11.RELEASE.jar:4.3.11.RELEASE]
	at org.springframework.core.env.AbstractEnvironment.getProperty(AbstractEnvironment.java:527) ~[spring-core-4.3.11.RELEASE.jar:4.3.11.RELEASE]
	at org.springframework.context.support.PropertySourcesPlaceholderConfigurer$1.getProperty(PropertySourcesPlaceholderConfigurer.java:132) ~[spring-context-4.3.11.RELEASE.jar:4.3.11.RELEASE]
	at org.springframework.context.support.PropertySourcesPlaceholderConfigurer$1.getProperty(PropertySourcesPlaceholderConfigurer.java:129) ~[spring-context-4.3.11.RELEASE.jar:4.3.11.RELEASE]
	at org.springframework.core.env.PropertySourcesPropertyResolver.getProperty(PropertySourcesPropertyResolver.java:81) ~[spring-core-4.3.11.RELEASE.jar:4.3.11.RELEASE]
	at org.springframework.core.env.PropertySourcesPropertyResolver.getPropertyAsRawString(PropertySourcesPropertyResolver.java:71) ~[spring-core-4.3.11.RELEASE.jar:4.3.11.RELEASE]
	at org.springframework.core.env.AbstractPropertyResolver$1.resolvePlaceholder(AbstractPropertyResolver.java:239) ~[spring-core-4.3.11.RELEASE.jar:4.3.11.RELEASE]
	at org.springframework.util.PropertyPlaceholderHelper.parseStringValue(PropertyPlaceholderHelper.java:147) ~[spring-core-4.3.11.RELEASE.jar:4.3.11.RELEASE]
	at org.springframework.util.PropertyPlaceholderHelper.replacePlaceholders(PropertyPlaceholderHelper.java:126) ~[spring-core-4.3.11.RELEASE.jar:4.3.11.RELEASE]
	at org.springframework.core.env.AbstractPropertyResolver.doResolvePlaceholders(AbstractPropertyResolver.java:236) ~[spring-core-4.3.11.RELEASE.jar:4.3.11.RELEASE]
	at org.springframework.core.env.AbstractPropertyResolver.resolveRequiredPlaceholders(AbstractPropertyResolver.java:210) ~[spring-core-4.3.11.RELEASE.jar:4.3.11.RELEASE]
	at org.springframework.context.support.PropertySourcesPlaceholderConfigurer$2.resolveStringValue(PropertySourcesPlaceholderConfigurer.java:172) ~[spring-context-4.3.11.RELEASE.jar:4.3.11.RELEASE]
	at org.springframework.beans.factory.support.AbstractBeanFactory.resolveEmbeddedValue(AbstractBeanFactory.java:831) ~[spring-beans-4.3.11.RELEASE.jar:4.3.11.RELEASE]
	at org.springframework.beans.factory.support.DefaultListableBeanFactory.doResolveDependency(DefaultListableBeanFactory.java:1086) ~[spring-beans-4.3.11.RELEASE.jar:4.3.11.RELEASE]
	at org.springframework.beans.factory.support.DefaultListableBeanFactory.resolveDependency(DefaultListableBeanFactory.java:1066) ~[spring-beans-4.3.11.RELEASE.jar:4.3.11.RELEASE]
	at org.springframework.beans.factory.annotation.AutowiredAnnotationBeanPostProcessor$AutowiredFieldElement.inject(AutowiredAnnotationBeanPostProcessor.java:585) ~[spring-beans-4.3.11.RELEASE.jar:4.3.11.RELEASE]
	at org.springframework.beans.factory.annotation.InjectionMetadata.inject(InjectionMetadata.java:88) ~[spring-beans-4.3.11.RELEASE.jar:4.3.11.RELEASE]
	at org.springframework.beans.factory.annotation.AutowiredAnnotationBeanPostProcessor.postProcessPropertyValues(AutowiredAnnotationBeanPostProcessor.java:366) ~[spring-beans-4.3.11.RELEASE.jar:4.3.11.RELEASE]
	... 52 common frames omitted


  .   ____          _            __ _ _
 /\\ / ___'_ __ _ _(_)_ __  __ _ \ \ \ \
( ( )\___ | '_ | '_| | '_ \/ _` | \ \ \ \
 \\/  ___)| |_)| | | | | || (_| |  ) ) ) )
  '  |____| .__|_| |_|_| |_\__, | / / / /
 =========|_|==============|___/=/_/_/_/
 :: Spring Boot ::        (v1.5.7.RELEASE)

2017-10-08 15:48:34.403  WARN 4683 --- [           main] ory$DuplicateJsonObjectContextCustomizer : 

Found multiple occurrences of org.json.JSONObject on the class path:

	jar:file:/home/alessandro/.m2/repository/com/vaadin/external/google/android-json/0.0.20131108.vaadin1/android-json-0.0.20131108.vaadin1.jar!/org/json/JSONObject.class
	jar:file:/home/alessandro/.m2/repository/org/json/json/20140107/json-20140107.jar!/org/json/JSONObject.class

You may wish to exclude one of them to ensure predictable runtime behaviour

2017-10-08 15:48:34.404  INFO 4683 --- [           main] i.t.d.c.ParkingConverterImplTest         : Starting ParkingConverterImplTest on alessandro with PID 4683 (started by alessandro in /home/alessandro/Progetti/daf-replicate-ingestion)
2017-10-08 15:48:34.405  INFO 4683 --- [           main] i.t.d.c.ParkingConverterImplTest         : No active profile set, falling back to default profiles: default
2017-10-08 15:48:34.408  INFO 4683 --- [           main] s.c.a.AnnotationConfigApplicationContext : Refreshing org.springframework.context.annotation.AnnotationConfigApplicationContext@2b491fee: startup date [Sun Oct 08 15:48:34 CEST 2017]; root of context hierarchy
2017-10-08 15:48:34.540  INFO 4683 --- [           main] o.s.b.f.s.DefaultListableBeanFactory     : Overriding bean definition for bean 'sender' with a different definition: replacing [Generic bean: class [it.teamDigitale.dafreplicateingestion.producer.Sender]; scope=singleton; abstract=false; lazyInit=false; autowireMode=0; dependencyCheck=0; autowireCandidate=true; primary=false; factoryBeanName=null; factoryMethodName=null; initMethodName=null; destroyMethodName=null; defined in file [/home/alessandro/Progetti/daf-replicate-ingestion/target/classes/it/teamDigitale/dafreplicateingestion/producer/Sender.class]] with [Root bean: class [null]; scope=; abstract=false; lazyInit=false; autowireMode=3; dependencyCheck=0; autowireCandidate=true; primary=false; factoryBeanName=senderConfig; factoryMethodName=sender; initMethodName=null; destroyMethodName=(inferred); defined in class path resource [it/teamDigitale/dafreplicateingestion/producer/SenderConfig.class]]
2017-10-08 15:48:34.586  INFO 4683 --- [           main] trationDelegate$BeanPostProcessorChecker : Bean 'org.springframework.kafka.annotation.KafkaBootstrapConfiguration' of type [org.springframework.kafka.annotation.KafkaBootstrapConfiguration$$EnhancerBySpringCGLIB$$1aa90595] is not eligible for getting processed by all BeanPostProcessors (for example: not eligible for auto-proxying)
2017-10-08 15:48:34.606  WARN 4683 --- [           main] s.c.a.AnnotationConfigApplicationContext : Exception encountered during context initialization - cancelling refresh attempt: org.springframework.beans.factory.BeanCreationException: Error creating bean with name 'senderConfig': Injection of autowired dependencies failed; nested exception is java.lang.IllegalArgumentException: Could not resolve placeholder 'spring.embedded.kafka.brokers' in value "${spring.embedded.kafka.brokers}"
2017-10-08 15:48:34.610  INFO 4683 --- [           main] utoConfigurationReportLoggingInitializer : 

Error starting ApplicationContext. To display the auto-configuration report re-run your application with 'debug' enabled.
2017-10-08 15:48:34.613 ERROR 4683 --- [           main] o.s.boot.SpringApplication               : Application startup failed

org.springframework.beans.factory.BeanCreationException: Error creating bean with name 'senderConfig': Injection of autowired dependencies failed; nested exception is java.lang.IllegalArgumentException: Could not resolve placeholder 'spring.embedded.kafka.brokers' in value "${spring.embedded.kafka.brokers}"
	at org.springframework.beans.factory.annotation.AutowiredAnnotationBeanPostProcessor.postProcessPropertyValues(AutowiredAnnotationBeanPostProcessor.java:372) ~[spring-beans-4.3.11.RELEASE.jar:4.3.11.RELEASE]
	at org.springframework.beans.factory.support.AbstractAutowireCapableBeanFactory.populateBean(AbstractAutowireCapableBeanFactory.java:1264) ~[spring-beans-4.3.11.RELEASE.jar:4.3.11.RELEASE]
	at org.springframework.beans.factory.support.AbstractAutowireCapableBeanFactory.doCreateBean(AbstractAutowireCapableBeanFactory.java:553) ~[spring-beans-4.3.11.RELEASE.jar:4.3.11.RELEASE]
	at org.springframework.beans.factory.support.AbstractAutowireCapableBeanFactory.createBean(AbstractAutowireCapableBeanFactory.java:483) ~[spring-beans-4.3.11.RELEASE.jar:4.3.11.RELEASE]
	at org.springframework.beans.factory.support.AbstractBeanFactory$1.getObject(AbstractBeanFactory.java:306) ~[spring-beans-4.3.11.RELEASE.jar:4.3.11.RELEASE]
	at org.springframework.beans.factory.support.DefaultSingletonBeanRegistry.getSingleton(DefaultSingletonBeanRegistry.java:230) ~[spring-beans-4.3.11.RELEASE.jar:4.3.11.RELEASE]
	at org.springframework.beans.factory.support.AbstractBeanFactory.doGetBean(AbstractBeanFactory.java:302) ~[spring-beans-4.3.11.RELEASE.jar:4.3.11.RELEASE]
	at org.springframework.beans.factory.support.AbstractBeanFactory.getBean(AbstractBeanFactory.java:197) ~[spring-beans-4.3.11.RELEASE.jar:4.3.11.RELEASE]
	at org.springframework.beans.factory.support.ConstructorResolver.instantiateUsingFactoryMethod(ConstructorResolver.java:372) ~[spring-beans-4.3.11.RELEASE.jar:4.3.11.RELEASE]
	at org.springframework.beans.factory.support.AbstractAutowireCapableBeanFactory.instantiateUsingFactoryMethod(AbstractAutowireCapableBeanFactory.java:1173) ~[spring-beans-4.3.11.RELEASE.jar:4.3.11.RELEASE]
	at org.springframework.beans.factory.support.AbstractAutowireCapableBeanFactory.createBeanInstance(AbstractAutowireCapableBeanFactory.java:1067) ~[spring-beans-4.3.11.RELEASE.jar:4.3.11.RELEASE]
	at org.springframework.beans.factory.support.AbstractAutowireCapableBeanFactory.doCreateBean(AbstractAutowireCapableBeanFactory.java:513) ~[spring-beans-4.3.11.RELEASE.jar:4.3.11.RELEASE]
	at org.springframework.beans.factory.support.AbstractAutowireCapableBeanFactory.createBean(AbstractAutowireCapableBeanFactory.java:483) ~[spring-beans-4.3.11.RELEASE.jar:4.3.11.RELEASE]
	at org.springframework.beans.factory.support.AbstractBeanFactory$1.getObject(AbstractBeanFactory.java:306) ~[spring-beans-4.3.11.RELEASE.jar:4.3.11.RELEASE]
	at org.springframework.beans.factory.support.DefaultSingletonBeanRegistry.getSingleton(DefaultSingletonBeanRegistry.java:230) ~[spring-beans-4.3.11.RELEASE.jar:4.3.11.RELEASE]
	at org.springframework.beans.factory.support.AbstractBeanFactory.doGetBean(AbstractBeanFactory.java:302) ~[spring-beans-4.3.11.RELEASE.jar:4.3.11.RELEASE]
	at org.springframework.beans.factory.support.AbstractBeanFactory.getBean(AbstractBeanFactory.java:197) ~[spring-beans-4.3.11.RELEASE.jar:4.3.11.RELEASE]
	at org.springframework.beans.factory.support.DefaultListableBeanFactory.preInstantiateSingletons(DefaultListableBeanFactory.java:761) ~[spring-beans-4.3.11.RELEASE.jar:4.3.11.RELEASE]
	at org.springframework.context.support.AbstractApplicationContext.finishBeanFactoryInitialization(AbstractApplicationContext.java:867) ~[spring-context-4.3.11.RELEASE.jar:4.3.11.RELEASE]
	at org.springframework.context.support.AbstractApplicationContext.refresh(AbstractApplicationContext.java:543) ~[spring-context-4.3.11.RELEASE.jar:4.3.11.RELEASE]
	at org.springframework.boot.SpringApplication.refresh(SpringApplication.java:693) ~[spring-boot-1.5.7.RELEASE.jar:1.5.7.RELEASE]
	at org.springframework.boot.SpringApplication.refreshContext(SpringApplication.java:360) ~[spring-boot-1.5.7.RELEASE.jar:1.5.7.RELEASE]
	at org.springframework.boot.SpringApplication.run(SpringApplication.java:303) ~[spring-boot-1.5.7.RELEASE.jar:1.5.7.RELEASE]
	at org.springframework.boot.test.context.SpringBootContextLoader.loadContext(SpringBootContextLoader.java:120) [spring-boot-test-1.5.7.RELEASE.jar:1.5.7.RELEASE]
	at org.springframework.test.context.cache.DefaultCacheAwareContextLoaderDelegate.loadContextInternal(DefaultCacheAwareContextLoaderDelegate.java:98) [spring-test-4.3.11.RELEASE.jar:4.3.11.RELEASE]
	at org.springframework.test.context.cache.DefaultCacheAwareContextLoaderDelegate.loadContext(DefaultCacheAwareContextLoaderDelegate.java:116) [spring-test-4.3.11.RELEASE.jar:4.3.11.RELEASE]
	at org.springframework.test.context.support.DefaultTestContext.getApplicationContext(DefaultTestContext.java:83) [spring-test-4.3.11.RELEASE.jar:4.3.11.RELEASE]
	at org.springframework.boot.test.autoconfigure.SpringBootDependencyInjectionTestExecutionListener.outputConditionEvaluationReport(SpringBootDependencyInjectionTestExecutionListener.java:54) [spring-boot-test-autoconfigure-1.5.7.RELEASE.jar:1.5.7.RELEASE]
	at org.springframework.boot.test.autoconfigure.SpringBootDependencyInjectionTestExecutionListener.prepareTestInstance(SpringBootDependencyInjectionTestExecutionListener.java:47) [spring-boot-test-autoconfigure-1.5.7.RELEASE.jar:1.5.7.RELEASE]
	at org.springframework.test.context.TestContextManager.prepareTestInstance(TestContextManager.java:230) [spring-test-4.3.11.RELEASE.jar:4.3.11.RELEASE]
	at org.springframework.test.context.junit4.SpringJUnit4ClassRunner.createTest(SpringJUnit4ClassRunner.java:228) [spring-test-4.3.11.RELEASE.jar:4.3.11.RELEASE]
	at org.springframework.test.context.junit4.SpringJUnit4ClassRunner$1.runReflectiveCall(SpringJUnit4ClassRunner.java:287) [spring-test-4.3.11.RELEASE.jar:4.3.11.RELEASE]
	at org.junit.internal.runners.model.ReflectiveCallable.run(ReflectiveCallable.java:12) [junit-4.12.jar:4.12]
	at org.springframework.test.context.junit4.SpringJUnit4ClassRunner.methodBlock(SpringJUnit4ClassRunner.java:289) [spring-test-4.3.11.RELEASE.jar:4.3.11.RELEASE]
	at org.springframework.test.context.junit4.SpringJUnit4ClassRunner.runChild(SpringJUnit4ClassRunner.java:247) [spring-test-4.3.11.RELEASE.jar:4.3.11.RELEASE]
	at org.springframework.test.context.junit4.SpringJUnit4ClassRunner.runChild(SpringJUnit4ClassRunner.java:94) [spring-test-4.3.11.RELEASE.jar:4.3.11.RELEASE]
	at org.junit.runners.ParentRunner$3.run(ParentRunner.java:290) [junit-4.12.jar:4.12]
	at org.junit.runners.ParentRunner$1.schedule(ParentRunner.java:71) [junit-4.12.jar:4.12]
	at org.junit.runners.ParentRunner.runChildren(ParentRunner.java:288) [junit-4.12.jar:4.12]
	at org.junit.runners.ParentRunner.access$000(ParentRunner.java:58) [junit-4.12.jar:4.12]
	at org.junit.runners.ParentRunner$2.evaluate(ParentRunner.java:268) [junit-4.12.jar:4.12]
	at org.springframework.test.context.junit4.statements.RunBeforeTestClassCallbacks.evaluate(RunBeforeTestClassCallbacks.java:61) [spring-test-4.3.11.RELEASE.jar:4.3.11.RELEASE]
	at org.springframework.test.context.junit4.statements.RunAfterTestClassCallbacks.evaluate(RunAfterTestClassCallbacks.java:70) [spring-test-4.3.11.RELEASE.jar:4.3.11.RELEASE]
	at org.junit.runners.ParentRunner.run(ParentRunner.java:363) [junit-4.12.jar:4.12]
	at org.springframework.test.context.junit4.SpringJUnit4ClassRunner.run(SpringJUnit4ClassRunner.java:191) [spring-test-4.3.11.RELEASE.jar:4.3.11.RELEASE]
	at org.apache.maven.surefire.junit4.JUnit4Provider.execute(JUnit4Provider.java:283) [surefire-junit4-2.18.1.jar:2.18.1]
	at org.apache.maven.surefire.junit4.JUnit4Provider.executeWithRerun(JUnit4Provider.java:173) [surefire-junit4-2.18.1.jar:2.18.1]
	at org.apache.maven.surefire.junit4.JUnit4Provider.executeTestSet(JUnit4Provider.java:153) [surefire-junit4-2.18.1.jar:2.18.1]
	at org.apache.maven.surefire.junit4.JUnit4Provider.invoke(JUnit4Provider.java:128) [surefire-junit4-2.18.1.jar:2.18.1]
	at org.apache.maven.surefire.booter.ForkedBooter.invokeProviderInSameClassLoader(ForkedBooter.java:203) [surefire-booter-2.18.1.jar:2.18.1]
	at org.apache.maven.surefire.booter.ForkedBooter.runSuitesInProcess(ForkedBooter.java:155) [surefire-booter-2.18.1.jar:2.18.1]
	at org.apache.maven.surefire.booter.ForkedBooter.main(ForkedBooter.java:103) [surefire-booter-2.18.1.jar:2.18.1]
Caused by: java.lang.IllegalArgumentException: Could not resolve placeholder 'spring.embedded.kafka.brokers' in value "${spring.embedded.kafka.brokers}"
	at org.springframework.util.PropertyPlaceholderHelper.parseStringValue(PropertyPlaceholderHelper.java:174) ~[spring-core-4.3.11.RELEASE.jar:4.3.11.RELEASE]
	at org.springframework.util.PropertyPlaceholderHelper.replacePlaceholders(PropertyPlaceholderHelper.java:126) ~[spring-core-4.3.11.RELEASE.jar:4.3.11.RELEASE]
	at org.springframework.core.env.AbstractPropertyResolver.doResolvePlaceholders(AbstractPropertyResolver.java:236) ~[spring-core-4.3.11.RELEASE.jar:4.3.11.RELEASE]
	at org.springframework.core.env.AbstractPropertyResolver.resolveRequiredPlaceholders(AbstractPropertyResolver.java:210) ~[spring-core-4.3.11.RELEASE.jar:4.3.11.RELEASE]
	at org.springframework.core.env.AbstractPropertyResolver.resolveNestedPlaceholders(AbstractPropertyResolver.java:227) ~[spring-core-4.3.11.RELEASE.jar:4.3.11.RELEASE]
	at org.springframework.core.env.PropertySourcesPropertyResolver.getProperty(PropertySourcesPropertyResolver.java:84) ~[spring-core-4.3.11.RELEASE.jar:4.3.11.RELEASE]
	at org.springframework.core.env.PropertySourcesPropertyResolver.getProperty(PropertySourcesPropertyResolver.java:61) ~[spring-core-4.3.11.RELEASE.jar:4.3.11.RELEASE]
	at org.springframework.core.env.AbstractEnvironment.getProperty(AbstractEnvironment.java:527) ~[spring-core-4.3.11.RELEASE.jar:4.3.11.RELEASE]
	at org.springframework.context.support.PropertySourcesPlaceholderConfigurer$1.getProperty(PropertySourcesPlaceholderConfigurer.java:132) ~[spring-context-4.3.11.RELEASE.jar:4.3.11.RELEASE]
	at org.springframework.context.support.PropertySourcesPlaceholderConfigurer$1.getProperty(PropertySourcesPlaceholderConfigurer.java:129) ~[spring-context-4.3.11.RELEASE.jar:4.3.11.RELEASE]
	at org.springframework.core.env.PropertySourcesPropertyResolver.getProperty(PropertySourcesPropertyResolver.java:81) ~[spring-core-4.3.11.RELEASE.jar:4.3.11.RELEASE]
	at org.springframework.core.env.PropertySourcesPropertyResolver.getPropertyAsRawString(PropertySourcesPropertyResolver.java:71) ~[spring-core-4.3.11.RELEASE.jar:4.3.11.RELEASE]
	at org.springframework.core.env.AbstractPropertyResolver$1.resolvePlaceholder(AbstractPropertyResolver.java:239) ~[spring-core-4.3.11.RELEASE.jar:4.3.11.RELEASE]
	at org.springframework.util.PropertyPlaceholderHelper.parseStringValue(PropertyPlaceholderHelper.java:147) ~[spring-core-4.3.11.RELEASE.jar:4.3.11.RELEASE]
	at org.springframework.util.PropertyPlaceholderHelper.replacePlaceholders(PropertyPlaceholderHelper.java:126) ~[spring-core-4.3.11.RELEASE.jar:4.3.11.RELEASE]
	at org.springframework.core.env.AbstractPropertyResolver.doResolvePlaceholders(AbstractPropertyResolver.java:236) ~[spring-core-4.3.11.RELEASE.jar:4.3.11.RELEASE]
	at org.springframework.core.env.AbstractPropertyResolver.resolveRequiredPlaceholders(AbstractPropertyResolver.java:210) ~[spring-core-4.3.11.RELEASE.jar:4.3.11.RELEASE]
	at org.springframework.context.support.PropertySourcesPlaceholderConfigurer$2.resolveStringValue(PropertySourcesPlaceholderConfigurer.java:172) ~[spring-context-4.3.11.RELEASE.jar:4.3.11.RELEASE]
	at org.springframework.beans.factory.support.AbstractBeanFactory.resolveEmbeddedValue(AbstractBeanFactory.java:831) ~[spring-beans-4.3.11.RELEASE.jar:4.3.11.RELEASE]
	at org.springframework.beans.factory.support.DefaultListableBeanFactory.doResolveDependency(DefaultListableBeanFactory.java:1086) ~[spring-beans-4.3.11.RELEASE.jar:4.3.11.RELEASE]
	at org.springframework.beans.factory.support.DefaultListableBeanFactory.resolveDependency(DefaultListableBeanFactory.java:1066) ~[spring-beans-4.3.11.RELEASE.jar:4.3.11.RELEASE]
	at org.springframework.beans.factory.annotation.AutowiredAnnotationBeanPostProcessor$AutowiredFieldElement.inject(AutowiredAnnotationBeanPostProcessor.java:585) ~[spring-beans-4.3.11.RELEASE.jar:4.3.11.RELEASE]
	at org.springframework.beans.factory.annotation.InjectionMetadata.inject(InjectionMetadata.java:88) ~[spring-beans-4.3.11.RELEASE.jar:4.3.11.RELEASE]
	at org.springframework.beans.factory.annotation.AutowiredAnnotationBeanPostProcessor.postProcessPropertyValues(AutowiredAnnotationBeanPostProcessor.java:366) ~[spring-beans-4.3.11.RELEASE.jar:4.3.11.RELEASE]
	... 51 common frames omitted

2017-10-08 15:48:34.614 ERROR 4683 --- [           main] o.s.test.context.TestContextManager      : Caught exception while allowing TestExecutionListener [org.springframework.boot.test.autoconfigure.SpringBootDependencyInjectionTestExecutionListener@1a04f701] to prepare test instance [it.teamDigitale.dafreplicateingestion.converter.ParkingConverterImplTest@49c386c8]

java.lang.IllegalStateException: Failed to load ApplicationContext
	at org.springframework.test.context.cache.DefaultCacheAwareContextLoaderDelegate.loadContext(DefaultCacheAwareContextLoaderDelegate.java:124) ~[spring-test-4.3.11.RELEASE.jar:4.3.11.RELEASE]
	at org.springframework.test.context.support.DefaultTestContext.getApplicationContext(DefaultTestContext.java:83) ~[spring-test-4.3.11.RELEASE.jar:4.3.11.RELEASE]
	at org.springframework.test.context.support.DependencyInjectionTestExecutionListener.injectDependencies(DependencyInjectionTestExecutionListener.java:117) ~[spring-test-4.3.11.RELEASE.jar:4.3.11.RELEASE]
	at org.springframework.test.context.support.DependencyInjectionTestExecutionListener.prepareTestInstance(DependencyInjectionTestExecutionListener.java:83) ~[spring-test-4.3.11.RELEASE.jar:4.3.11.RELEASE]
	at org.springframework.boot.test.autoconfigure.SpringBootDependencyInjectionTestExecutionListener.prepareTestInstance(SpringBootDependencyInjectionTestExecutionListener.java:44) ~[spring-boot-test-autoconfigure-1.5.7.RELEASE.jar:1.5.7.RELEASE]
	at org.springframework.test.context.TestContextManager.prepareTestInstance(TestContextManager.java:230) ~[spring-test-4.3.11.RELEASE.jar:4.3.11.RELEASE]
	at org.springframework.test.context.junit4.SpringJUnit4ClassRunner.createTest(SpringJUnit4ClassRunner.java:228) [spring-test-4.3.11.RELEASE.jar:4.3.11.RELEASE]
	at org.springframework.test.context.junit4.SpringJUnit4ClassRunner$1.runReflectiveCall(SpringJUnit4ClassRunner.java:287) [spring-test-4.3.11.RELEASE.jar:4.3.11.RELEASE]
	at org.junit.internal.runners.model.ReflectiveCallable.run(ReflectiveCallable.java:12) [junit-4.12.jar:4.12]
	at org.springframework.test.context.junit4.SpringJUnit4ClassRunner.methodBlock(SpringJUnit4ClassRunner.java:289) [spring-test-4.3.11.RELEASE.jar:4.3.11.RELEASE]
	at org.springframework.test.context.junit4.SpringJUnit4ClassRunner.runChild(SpringJUnit4ClassRunner.java:247) [spring-test-4.3.11.RELEASE.jar:4.3.11.RELEASE]
	at org.springframework.test.context.junit4.SpringJUnit4ClassRunner.runChild(SpringJUnit4ClassRunner.java:94) [spring-test-4.3.11.RELEASE.jar:4.3.11.RELEASE]
	at org.junit.runners.ParentRunner$3.run(ParentRunner.java:290) [junit-4.12.jar:4.12]
	at org.junit.runners.ParentRunner$1.schedule(ParentRunner.java:71) [junit-4.12.jar:4.12]
	at org.junit.runners.ParentRunner.runChildren(ParentRunner.java:288) [junit-4.12.jar:4.12]
	at org.junit.runners.ParentRunner.access$000(ParentRunner.java:58) [junit-4.12.jar:4.12]
	at org.junit.runners.ParentRunner$2.evaluate(ParentRunner.java:268) [junit-4.12.jar:4.12]
	at org.springframework.test.context.junit4.statements.RunBeforeTestClassCallbacks.evaluate(RunBeforeTestClassCallbacks.java:61) [spring-test-4.3.11.RELEASE.jar:4.3.11.RELEASE]
	at org.springframework.test.context.junit4.statements.RunAfterTestClassCallbacks.evaluate(RunAfterTestClassCallbacks.java:70) [spring-test-4.3.11.RELEASE.jar:4.3.11.RELEASE]
	at org.junit.runners.ParentRunner.run(ParentRunner.java:363) [junit-4.12.jar:4.12]
	at org.springframework.test.context.junit4.SpringJUnit4ClassRunner.run(SpringJUnit4ClassRunner.java:191) [spring-test-4.3.11.RELEASE.jar:4.3.11.RELEASE]
	at org.apache.maven.surefire.junit4.JUnit4Provider.execute(JUnit4Provider.java:283) [surefire-junit4-2.18.1.jar:2.18.1]
	at org.apache.maven.surefire.junit4.JUnit4Provider.executeWithRerun(JUnit4Provider.java:173) [surefire-junit4-2.18.1.jar:2.18.1]
	at org.apache.maven.surefire.junit4.JUnit4Provider.executeTestSet(JUnit4Provider.java:153) [surefire-junit4-2.18.1.jar:2.18.1]
	at org.apache.maven.surefire.junit4.JUnit4Provider.invoke(JUnit4Provider.java:128) [surefire-junit4-2.18.1.jar:2.18.1]
	at org.apache.maven.surefire.booter.ForkedBooter.invokeProviderInSameClassLoader(ForkedBooter.java:203) [surefire-booter-2.18.1.jar:2.18.1]
	at org.apache.maven.surefire.booter.ForkedBooter.runSuitesInProcess(ForkedBooter.java:155) [surefire-booter-2.18.1.jar:2.18.1]
	at org.apache.maven.surefire.booter.ForkedBooter.main(ForkedBooter.java:103) [surefire-booter-2.18.1.jar:2.18.1]
Caused by: org.springframework.beans.factory.BeanCreationException: Error creating bean with name 'senderConfig': Injection of autowired dependencies failed; nested exception is java.lang.IllegalArgumentException: Could not resolve placeholder 'spring.embedded.kafka.brokers' in value "${spring.embedded.kafka.brokers}"
	at org.springframework.beans.factory.annotation.AutowiredAnnotationBeanPostProcessor.postProcessPropertyValues(AutowiredAnnotationBeanPostProcessor.java:372) ~[spring-beans-4.3.11.RELEASE.jar:4.3.11.RELEASE]
	at org.springframework.beans.factory.support.AbstractAutowireCapableBeanFactory.populateBean(AbstractAutowireCapableBeanFactory.java:1264) ~[spring-beans-4.3.11.RELEASE.jar:4.3.11.RELEASE]
	at org.springframework.beans.factory.support.AbstractAutowireCapableBeanFactory.doCreateBean(AbstractAutowireCapableBeanFactory.java:553) ~[spring-beans-4.3.11.RELEASE.jar:4.3.11.RELEASE]
	at org.springframework.beans.factory.support.AbstractAutowireCapableBeanFactory.createBean(AbstractAutowireCapableBeanFactory.java:483) ~[spring-beans-4.3.11.RELEASE.jar:4.3.11.RELEASE]
	at org.springframework.beans.factory.support.AbstractBeanFactory$1.getObject(AbstractBeanFactory.java:306) ~[spring-beans-4.3.11.RELEASE.jar:4.3.11.RELEASE]
	at org.springframework.beans.factory.support.DefaultSingletonBeanRegistry.getSingleton(DefaultSingletonBeanRegistry.java:230) ~[spring-beans-4.3.11.RELEASE.jar:4.3.11.RELEASE]
	at org.springframework.beans.factory.support.AbstractBeanFactory.doGetBean(AbstractBeanFactory.java:302) ~[spring-beans-4.3.11.RELEASE.jar:4.3.11.RELEASE]
	at org.springframework.beans.factory.support.AbstractBeanFactory.getBean(AbstractBeanFactory.java:197) ~[spring-beans-4.3.11.RELEASE.jar:4.3.11.RELEASE]
	at org.springframework.beans.factory.support.ConstructorResolver.instantiateUsingFactoryMethod(ConstructorResolver.java:372) ~[spring-beans-4.3.11.RELEASE.jar:4.3.11.RELEASE]
	at org.springframework.beans.factory.support.AbstractAutowireCapableBeanFactory.instantiateUsingFactoryMethod(AbstractAutowireCapableBeanFactory.java:1173) ~[spring-beans-4.3.11.RELEASE.jar:4.3.11.RELEASE]
	at org.springframework.beans.factory.support.AbstractAutowireCapableBeanFactory.createBeanInstance(AbstractAutowireCapableBeanFactory.java:1067) ~[spring-beans-4.3.11.RELEASE.jar:4.3.11.RELEASE]
	at org.springframework.beans.factory.support.AbstractAutowireCapableBeanFactory.doCreateBean(AbstractAutowireCapableBeanFactory.java:513) ~[spring-beans-4.3.11.RELEASE.jar:4.3.11.RELEASE]
	at org.springframework.beans.factory.support.AbstractAutowireCapableBeanFactory.createBean(AbstractAutowireCapableBeanFactory.java:483) ~[spring-beans-4.3.11.RELEASE.jar:4.3.11.RELEASE]
	at org.springframework.beans.factory.support.AbstractBeanFactory$1.getObject(AbstractBeanFactory.java:306) ~[spring-beans-4.3.11.RELEASE.jar:4.3.11.RELEASE]
	at org.springframework.beans.factory.support.DefaultSingletonBeanRegistry.getSingleton(DefaultSingletonBeanRegistry.java:230) ~[spring-beans-4.3.11.RELEASE.jar:4.3.11.RELEASE]
	at org.springframework.beans.factory.support.AbstractBeanFactory.doGetBean(AbstractBeanFactory.java:302) ~[spring-beans-4.3.11.RELEASE.jar:4.3.11.RELEASE]
	at org.springframework.beans.factory.support.AbstractBeanFactory.getBean(AbstractBeanFactory.java:197) ~[spring-beans-4.3.11.RELEASE.jar:4.3.11.RELEASE]
	at org.springframework.beans.factory.support.DefaultListableBeanFactory.preInstantiateSingletons(DefaultListableBeanFactory.java:761) ~[spring-beans-4.3.11.RELEASE.jar:4.3.11.RELEASE]
	at org.springframework.context.support.AbstractApplicationContext.finishBeanFactoryInitialization(AbstractApplicationContext.java:867) ~[spring-context-4.3.11.RELEASE.jar:4.3.11.RELEASE]
	at org.springframework.context.support.AbstractApplicationContext.refresh(AbstractApplicationContext.java:543) ~[spring-context-4.3.11.RELEASE.jar:4.3.11.RELEASE]
	at org.springframework.boot.SpringApplication.refresh(SpringApplication.java:693) ~[spring-boot-1.5.7.RELEASE.jar:1.5.7.RELEASE]
	at org.springframework.boot.SpringApplication.refreshContext(SpringApplication.java:360) ~[spring-boot-1.5.7.RELEASE.jar:1.5.7.RELEASE]
	at org.springframework.boot.SpringApplication.run(SpringApplication.java:303) ~[spring-boot-1.5.7.RELEASE.jar:1.5.7.RELEASE]
	at org.springframework.boot.test.context.SpringBootContextLoader.loadContext(SpringBootContextLoader.java:120) ~[spring-boot-test-1.5.7.RELEASE.jar:1.5.7.RELEASE]
	at org.springframework.test.context.cache.DefaultCacheAwareContextLoaderDelegate.loadContextInternal(DefaultCacheAwareContextLoaderDelegate.java:98) ~[spring-test-4.3.11.RELEASE.jar:4.3.11.RELEASE]
	at org.springframework.test.context.cache.DefaultCacheAwareContextLoaderDelegate.loadContext(DefaultCacheAwareContextLoaderDelegate.java:116) ~[spring-test-4.3.11.RELEASE.jar:4.3.11.RELEASE]
	... 27 common frames omitted
Caused by: java.lang.IllegalArgumentException: Could not resolve placeholder 'spring.embedded.kafka.brokers' in value "${spring.embedded.kafka.brokers}"
	at org.springframework.util.PropertyPlaceholderHelper.parseStringValue(PropertyPlaceholderHelper.java:174) ~[spring-core-4.3.11.RELEASE.jar:4.3.11.RELEASE]
	at org.springframework.util.PropertyPlaceholderHelper.replacePlaceholders(PropertyPlaceholderHelper.java:126) ~[spring-core-4.3.11.RELEASE.jar:4.3.11.RELEASE]
	at org.springframework.core.env.AbstractPropertyResolver.doResolvePlaceholders(AbstractPropertyResolver.java:236) ~[spring-core-4.3.11.RELEASE.jar:4.3.11.RELEASE]
	at org.springframework.core.env.AbstractPropertyResolver.resolveRequiredPlaceholders(AbstractPropertyResolver.java:210) ~[spring-core-4.3.11.RELEASE.jar:4.3.11.RELEASE]
	at org.springframework.core.env.AbstractPropertyResolver.resolveNestedPlaceholders(AbstractPropertyResolver.java:227) ~[spring-core-4.3.11.RELEASE.jar:4.3.11.RELEASE]
	at org.springframework.core.env.PropertySourcesPropertyResolver.getProperty(PropertySourcesPropertyResolver.java:84) ~[spring-core-4.3.11.RELEASE.jar:4.3.11.RELEASE]
	at org.springframework.core.env.PropertySourcesPropertyResolver.getProperty(PropertySourcesPropertyResolver.java:61) ~[spring-core-4.3.11.RELEASE.jar:4.3.11.RELEASE]
	at org.springframework.core.env.AbstractEnvironment.getProperty(AbstractEnvironment.java:527) ~[spring-core-4.3.11.RELEASE.jar:4.3.11.RELEASE]
	at org.springframework.context.support.PropertySourcesPlaceholderConfigurer$1.getProperty(PropertySourcesPlaceholderConfigurer.java:132) ~[spring-context-4.3.11.RELEASE.jar:4.3.11.RELEASE]
	at org.springframework.context.support.PropertySourcesPlaceholderConfigurer$1.getProperty(PropertySourcesPlaceholderConfigurer.java:129) ~[spring-context-4.3.11.RELEASE.jar:4.3.11.RELEASE]
	at org.springframework.core.env.PropertySourcesPropertyResolver.getProperty(PropertySourcesPropertyResolver.java:81) ~[spring-core-4.3.11.RELEASE.jar:4.3.11.RELEASE]
	at org.springframework.core.env.PropertySourcesPropertyResolver.getPropertyAsRawString(PropertySourcesPropertyResolver.java:71) ~[spring-core-4.3.11.RELEASE.jar:4.3.11.RELEASE]
	at org.springframework.core.env.AbstractPropertyResolver$1.resolvePlaceholder(AbstractPropertyResolver.java:239) ~[spring-core-4.3.11.RELEASE.jar:4.3.11.RELEASE]
	at org.springframework.util.PropertyPlaceholderHelper.parseStringValue(PropertyPlaceholderHelper.java:147) ~[spring-core-4.3.11.RELEASE.jar:4.3.11.RELEASE]
	at org.springframework.util.PropertyPlaceholderHelper.replacePlaceholders(PropertyPlaceholderHelper.java:126) ~[spring-core-4.3.11.RELEASE.jar:4.3.11.RELEASE]
	at org.springframework.core.env.AbstractPropertyResolver.doResolvePlaceholders(AbstractPropertyResolver.java:236) ~[spring-core-4.3.11.RELEASE.jar:4.3.11.RELEASE]
	at org.springframework.core.env.AbstractPropertyResolver.resolveRequiredPlaceholders(AbstractPropertyResolver.java:210) ~[spring-core-4.3.11.RELEASE.jar:4.3.11.RELEASE]
	at org.springframework.context.support.PropertySourcesPlaceholderConfigurer$2.resolveStringValue(PropertySourcesPlaceholderConfigurer.java:172) ~[spring-context-4.3.11.RELEASE.jar:4.3.11.RELEASE]
	at org.springframework.beans.factory.support.AbstractBeanFactory.resolveEmbeddedValue(AbstractBeanFactory.java:831) ~[spring-beans-4.3.11.RELEASE.jar:4.3.11.RELEASE]
	at org.springframework.beans.factory.support.DefaultListableBeanFactory.doResolveDependency(DefaultListableBeanFactory.java:1086) ~[spring-beans-4.3.11.RELEASE.jar:4.3.11.RELEASE]
	at org.springframework.beans.factory.support.DefaultListableBeanFactory.resolveDependency(DefaultListableBeanFactory.java:1066) ~[spring-beans-4.3.11.RELEASE.jar:4.3.11.RELEASE]
	at org.springframework.beans.factory.annotation.AutowiredAnnotationBeanPostProcessor$AutowiredFieldElement.inject(AutowiredAnnotationBeanPostProcessor.java:585) ~[spring-beans-4.3.11.RELEASE.jar:4.3.11.RELEASE]
	at org.springframework.beans.factory.annotation.InjectionMetadata.inject(InjectionMetadata.java:88) ~[spring-beans-4.3.11.RELEASE.jar:4.3.11.RELEASE]
	at org.springframework.beans.factory.annotation.AutowiredAnnotationBeanPostProcessor.postProcessPropertyValues(AutowiredAnnotationBeanPostProcessor.java:366) ~[spring-beans-4.3.11.RELEASE.jar:4.3.11.RELEASE]
	... 52 common frames omitted

]]></system-out>
  </testcase>
</testsuite>